#
# A fatal error has been detected by the Java Runtime Environment:
#
#  Internal Error (jvmciRuntime.cpp:1609), pid=44, tid=60
#  fatal error: Fatal exception in JVMCI: Error calling jdk.vm.ci.services.Services.serializeSavedProperties
#
# JRE version: OpenJDK Runtime Environment GraalVM CE 22.3.0 (17.0.5+8) (build 17.0.5+8-jvmci-22.3-b08)
# Java VM: OpenJDK 64-Bit Server VM GraalVM CE 22.3.0 (17.0.5+8-jvmci-22.3-b08, mixed mode, sharing, tiered, jvmci, jvmci compiler, compressed oops, compressed class ptrs, parallel gc, linux-amd64)
# Problematic frame:
# V  [libjvm.so+0x972714]  JVMCIRuntime::fatal_exception(JVMCIEnv*, char const*)+0x74
#
# Core dump will be written. Default location: Core dumps may be processed with "/usr/share/apport/apport -p%p -s%s -c%c -d%d -P%P -u%u -g%g -- %E" (or dumping to /home/runner/ActualSettings/core.44)
#
# If you would like to submit a bug report, please visit:
#   https://github.com/oracle/graal/issues
#

---------------  S U M M A R Y ------------

Command Line: -XX:ThreadPriorityPolicy=1 -XX:+UnlockExperimentalVMOptions -XX:+EnableJVMCIProduct -XX:JVMCIThreadsPerNativeLibraryRuntime=1 -XX:-UnlockExperimentalVMOptions -Declipse.application=org.eclipse.jdt.ls.core.id1 -Dosgi.bundles.defaultStartLevel=4 -Declipse.product=org.eclipse.jdt.ls.core.product -Dlog.level=ALL -Xverify:none -XX:+UseParallelGC -XX:GCTimeRatio=4 -XX:AdaptiveSizePolicyWeight=90 -Dsun.zip.disableMemoryMapping=true -Xmx512m -Xms100m /nix/store/a7s9klvriqi68xz3qjc0qyfl5h86xc16-jdt-language-server-1.9.0/share/java/plugins/org.eclipse.equinox.launcher_1.6.400.v20210924-0641.jar --add-modules=ALL-SYSTEM --add-opens java.base/java.util=ALL-UNNAMED --add-opens java.base/java.lang=ALL-UNNAMED -configuration /home/runner/.cache/jdt-language-server/config -data /home/runner/.cache/jdt-language-server/data/home/runner/ActualSettings

Host: Intel(R) Xeon(R) CPU @ 2.20GHz, 8 cores, 1G, Ubuntu 20.04.2 LTS
Time: Wed Oct 18 12:25:07 2023 UTC elapsed time: 2011.239092 seconds (0d 0h 33m 31s)

---------------  T H R E A D  ---------------

Current thread (0x00007efc980b1c40):  JavaThread "JVMCI-native CompilerThread0" daemon [_thread_in_vm, id=60, stack(0x00007efc9c048000,0x00007efc9c248000)]


Current CompileTask:
JVMCI-native:2011239 10613       4       org.eclipse.jdt.internal.compiler.lookup.BinaryTypeBinding::createAnnotations (59 bytes)

Stack: [0x00007efc9c048000,0x00007efc9c248000],  sp=0x00007efc9c246380,  free space=2040k
Native frames: (J=compiled Java code, j=interpreted, Vv=VM code, C=native code)
V  [libjvm.so+0x972714]  JVMCIRuntime::fatal_exception(JVMCIEnv*, char const*)+0x74
V  [libjvm.so+0x93e2fe]  JVMCIEnv::copy_saved_properties()+0x14e
V  [libjvm.so+0x9732a9]  JVMCIRuntime::initialize(JVMCIEnv*)+0xb19
V  [libjvm.so+0x9738a2]  JVMCIRuntime::get_HotSpotJVMCIRuntime(JVMCIEnv*)+0x12
V  [libjvm.so+0x9749f2]  JVMCIRuntime::compile_method(JVMCIEnv*, JVMCICompiler*, methodHandle const&, int)+0xd2
V  [libjvm.so+0x5b0d20]  CompileBroker::invoke_compiler_on_method(CompileTask*)+0x1470
V  [libjvm.so+0x5b12e8]  CompileBroker::compiler_thread_loop()+0x528
V  [libjvm.so+0xd82460]  JavaThread::thread_main_inner()+0xd0
V  [libjvm.so+0xd85a40]  Thread::call_run()+0xc0
V  [libjvm.so+0xbdb1e1]  thread_native_entry(Thread*)+0xe1

Register to memory mapping:

RAX=0x00007efc9f175000 points into unknown readable memory: 0x0000000000000058 | 58 00 00 00 00 00 00 00
RBX=0x00007efca0270398: <offset 0x0000000000ef5398> in /nix/store/gpxl5qgg8kicmcvivwmybwjlpf7wh20l-graalvm17-ce-22.3.0/lib/server/libjvm.so at 0x00007efc9f37b000
RCX=0x00007efca02281e8: <offset 0x0000000000ead1e8> in /nix/store/gpxl5qgg8kicmcvivwmybwjlpf7wh20l-graalvm17-ce-22.3.0/lib/server/libjvm.so at 0x00007efc9f37b000
RDX=0x0000000000000649 is an unknown value
RSP=0x00007efc9c246380 is pointing into the stack for thread: 0x00007efc980b1c40
RBP=0x00007efc9c2463a0 is pointing into the stack for thread: 0x00007efc980b1c40
RSI=0x00007efca0270c48: <offset 0x0000000000ef5c48> in /nix/store/gpxl5qgg8kicmcvivwmybwjlpf7wh20l-graalvm17-ce-22.3.0/lib/server/libjvm.so at 0x00007efc9f37b000
RDI=0x00000000e0000000 is an oop: [B 
{0x00000000e0000000} - klass: {type array byte}
 - length: 42
R8 =0x00007efca0270398: <offset 0x0000000000ef5398> in /nix/store/gpxl5qgg8kicmcvivwmybwjlpf7wh20l-graalvm17-ce-22.3.0/lib/server/libjvm.so at 0x00007efc9f37b000
R9 =0x00007efc9c246330 is pointing into the stack for thread: 0x00007efc980b1c40
R10=0x00007efc9c247948 is pointing into the stack for thread: 0x00007efc980b1c40
R11=0x0000000000000293 is an unknown value
R12=0x0 is NULL
R13=0x00007efc980b1c40 is a thread
R14=0x00007efc98000b80 points into unknown readable memory: 0x00007efca04a1a38 | 38 1a 4a a0 fc 7e 00 00
R15=0x00007efca05afe40: <offset 0x0000000001234e40> in /nix/store/gpxl5qgg8kicmcvivwmybwjlpf7wh20l-graalvm17-ce-22.3.0/lib/server/libjvm.so at 0x00007efc9f37b000


Registers:
RAX=0x00007efc9f175000, RBX=0x00007efca0270398, RCX=0x00007efca02281e8, RDX=0x0000000000000649
RSP=0x00007efc9c246380, RBP=0x00007efc9c2463a0, RSI=0x00007efca0270c48, RDI=0x00000000e0000000
R8 =0x00007efca0270398, R9 =0x00007efc9c246330, R10=0x00007efc9c247948, R11=0x0000000000000293
R12=0x0000000000000000, R13=0x00007efc980b1c40, R14=0x00007efc98000b80, R15=0x00007efca05afe40
RIP=0x00007efc9fced714, EFLAGS=0x0000000000010206, CSGSFS=0x002b000000000033, ERR=0x0000000000000006
  TRAPNO=0x000000000000000e

Top of Stack: (sp=0x00007efc9c246380)
0x00007efc9c246380:   00007efc9c246940 00007efc980b1c40
0x00007efc9c246390:   00007efc9db068c8 0000000800c417a0
0x00007efc9c2463a0:   00007efc9c246500 00007efc9fcb92fe
0x00007efc9c2463b0:   00007efc9c2463e0 00007efc9c246440 

Instructions: (pc=0x00007efc9fced714)
0x00007efc9fced614:   30 e8 f6 cf e8 ff 4c 89 e7 e8 2e 48 d1 ff 84 db
0x00007efc9fced624:   75 2a 4d 85 ed 74 04 4d 8b 6d 00 48 83 c4 08 44
0x00007efc9fced634:   89 f9 4c 89 f2 4c 89 ee 5b 4c 89 e7 41 5c 41 5d
0x00007efc9fced644:   41 5e 41 5f 5d e9 e2 47 d1 ff 66 90 48 83 c4 08
0x00007efc9fced654:   5b 41 5c 41 5d 41 5e 41 5f 5d c3 90 31 d2 be 08
0x00007efc9fced664:   00 00 00 4c 89 ff e8 b1 78 a3 ff 49 89 c5 e9 37
0x00007efc9fced674:   ff ff ff 66 0f 1f 84 00 00 00 00 00 48 8b 7a 08
0x00007efc9fced684:   e9 6d ff ff ff 0f 1f 80 00 00 00 00 e8 5b 48 0a
0x00007efc9fced694:   00 84 c0 75 89 e9 6a ff ff ff 66 90 55 48 89 e5
0x00007efc9fced6a4:   41 56 41 55 41 54 49 89 fc 53 48 89 f3 66 48 8d
0x00007efc9fced6b4:   3d 27 5e 85 00 66 66 48 e8 df 43 8d ff 4c 8b 28
0x00007efc9fced6c4:   8b 05 be 72 8a 00 85 c0 75 14 ba 01 00 00 00 48
0x00007efc9fced6d4:   8d 0d ae 72 8a 00 f0 0f b1 11 85 c0 74 4e be c8
0x00007efc9fced6e4:   00 00 00 4c 89 ef e8 01 0b 41 00 48 8d 05 12 ac
0x00007efc9fced6f4:   85 00 49 89 d8 48 8d 0d e8 aa 53 00 ba 49 06 00
0x00007efc9fced704:   00 48 8d 35 3c 35 58 00 bf 00 00 00 e0 48 8b 00
0x00007efc9fced714:   c6 00 58 31 c0 e8 e2 91 c6 ff 5b 41 5c 41 5d 41
0x00007efc9fced724:   5e 5d e9 55 34 26 00 0f 1f 44 00 00 48 8d 05 81
0x00007efc9fced734:   a3 8b 00 48 89 df 4c 8b 30 e8 9e 43 8d ff 48 89
0x00007efc9fced744:   de 48 89 c2 49 8b 06 4c 89 f7 ff 50 08 4c 89 f7
0x00007efc9fced754:   e8 a7 5c 27 00 4d 85 e4 74 12 be 01 00 00 00 4c
0x00007efc9fced764:   89 e7 e8 35 43 fc ff eb 82 0f 1f 00 be 01 00 00
0x00007efc9fced774:   00 4c 89 ef e8 d3 fd ff ff e9 6d ff ff ff 66 66
0x00007efc9fced784:   2e 0f 1f 84 00 00 00 00 00 0f 1f 00 55 48 89 e5
0x00007efc9fced794:   41 57 41 56 41 55 41 54 53 48 81 ec 08 02 00 00
0x00007efc9fced7a4:   64 48 8b 04 25 28 00 00 00 48 89 45 c8 8b 07 83
0x00007efc9fced7b4:   f8 02 0f 84 11 04 00 00 4c 8b 6f 18 49 89 ff 49
0x00007efc9fced7c4:   89 f4 4d 85 ed 74 14 4c 89 ef e8 5d 57 22 00 41
0x00007efc9fced7d4:   8b 07 83 f8 02 0f 84 19 04 00 00 48 8d 1d 9a 06
0x00007efc9fced7e4:   8a 00 4c 8d 35 0b 3c 58 00 eb 38 90 48 85 d2 7f
0x00007efc9fced7f4:   0d 48 8d 05 b4 c0 85 00 48 83 38 00 7e 0e 41 8b
0x00007efc9fced804:   77 2c 4c 89 f7 31 c0 e8 a0 b2 f7 ff 49 8b 7f 18 


Stack slot to memory mapping:
stack at sp + 0 slots: 0x00007efc9c246940 is pointing into the stack for thread: 0x00007efc980b1c40
stack at sp + 1 slots: 0x00007efc980b1c40 is a thread
stack at sp + 2 slots: 0x00007efc9db068c8 points into unknown readable memory: 0x65730018052dffff | ff ff 2d 05 18 00 73 65
stack at sp + 3 slots: 0x0000000800c417a0 is a pointer to class: 
jdk.vm.ci.services.Services {0x0000000800c417a0}
 - instance size:     2
 - klass size:        65
 - access:            public final synchronized 
 - state:             fully_initialized
 - name:              'jdk/vm/ci/services/Services'
 - super:             'java/lang/Object'
 - sub:               
 - arrays:            NULL
 - methods:           Array<T>(0x00007efc9cc421d0)
 - method ordering:   Array<T>(0x0000000800928960)
 - default_methods:   Array<T>(0x0000000000000000)
 - local interfaces:  Array<T>(0x00000008005ce810)
 - trans. interfaces: Array<T>(0x00000008005ce810)
 - constants:         constant pool [427] {0x00007efc9cc412b0} for 'jdk/vm/ci/services/Services' cache=0x00007efc9cc434a0
 - class loader data:  loader data: 0x00007efc98027cc0 of 'bootstrap'
 - source file:       'Services.java'
 - class annotations:       Array<T>(0x0000000000000000)
 - class type annotations:  Array<T>(0x0000000000000000)
 - field annotations:       Array<T>(0x0000000000000000)
 - field type annotations:  Array<T>(0x0000000000000000)
 - inner classes:     Array<T>(0x00007efc9cc43470)
 - nest members:     Array<T>(0x00007efc9cc43490)
 - permitted subclasses:     Array<T>(0x00000008005ce7a0)
 - java mirror:       a 'java/lang/Class'{0x00000000e0179ae0} = 'jdk/vm/ci/services/Services'
 - vtable length      5  (start addr: 0x0000000800c41970)
 - itable length      2 (start addr: 0x0000000800c41998)
 - ---- static fields (3 words):
 - public static final 'IS_BUILDING_NATIVE_IMAGE' 'Z' @128 
 - public static final 'IS_IN_NATIVE_IMAGE' 'Z' @129 
 - private static volatile 'savedProperties' 'Ljava/util/Map;' @112 
 - static final 'JVMCI_ENABLED' 'Z' @130 
 - private static final 'servicesCache' 'Ljava/util/Map;' @116 
 - private static final 'MAX_UNICODE_IN_UTF8_LENGTH' 'I' @120 
 - private static final 'MAX_UTF8_PROPERTY_STRING_LENGTH' 'I' @124 
 - ---- non-static fields (0 words):
 - non-static oop maps: 
stack at sp + 4 slots: 0x00007efc9c246500 is pointing into the stack for thread: 0x00007efc980b1c40
stack at sp + 5 slots: 0x00007efc9fcb92fe: <offset 0x000000000093e2fe> in /nix/store/gpxl5qgg8kicmcvivwmybwjlpf7wh20l-graalvm17-ce-22.3.0/lib/server/libjvm.so at 0x00007efc9f37b000
stack at sp + 6 slots: 0x00007efc9c2463e0 is pointing into the stack for thread: 0x00007efc980b1c40
stack at sp + 7 slots: 0x00007efc9c246440 is pointing into the stack for thread: 0x00007efc980b1c40


---------------  P R O C E S S  ---------------

Threads class SMR info:
_java_thread_list=0x00007efbe0000b70, length=27, elements={
0x00007efc98025f60, 0x00007efc980a5f00, 0x00007efc980a7340, 0x00007efc980adab0,
0x00007efc980aee60, 0x00007efc980b0250, 0x00007efc980b1c40, 0x00007efc980b3150,
0x00007efc980b45a0, 0x00007efc980d7a10, 0x00007efc9811f560, 0x00007efc98304970,
0x00007efc98348600, 0x00007efc9831ed50, 0x00007efc98394a60, 0x00007efc30016d40,
0x00007efc302aa600, 0x00007efc3030a670, 0x00007efc180010d0, 0x00007efc304cd740,
0x00007efc30636f10, 0x00007efc98423180, 0x00007efc983c4080, 0x00007efc000022e0,
0x00007efc0c1d4130, 0x00007efc1831ed80, 0x00007efc0c03d980
}

Java Threads: ( => current thread )
  0x00007efc98025f60 JavaThread "main" [_thread_blocked, id=52, stack(0x00007efc9f196000,0x00007efc9f296000)]
  0x00007efc980a5f00 JavaThread "Reference Handler" daemon [_thread_blocked, id=55, stack(0x00007efc9c92e000,0x00007efc9ca2e000)]
  0x00007efc980a7340 JavaThread "Finalizer" daemon [_thread_blocked, id=56, stack(0x00007efc9c82e000,0x00007efc9c92e000)]
  0x00007efc980adab0 JavaThread "Signal Dispatcher" daemon [_thread_blocked, id=57, stack(0x00007efc9c448000,0x00007efc9c548000)]
  0x00007efc980aee60 JavaThread "Service Thread" daemon [_thread_blocked, id=58, stack(0x00007efc9c348000,0x00007efc9c448000)]
  0x00007efc980b0250 JavaThread "Monitor Deflation Thread" daemon [_thread_blocked, id=59, stack(0x00007efc9c248000,0x00007efc9c348000)]
=>0x00007efc980b1c40 JavaThread "JVMCI-native CompilerThread0" daemon [_thread_in_vm, id=60, stack(0x00007efc9c048000,0x00007efc9c248000)]
  0x00007efc980b3150 JavaThread "C1 CompilerThread0" daemon [_thread_blocked, id=61, stack(0x00007efc7f2b3000,0x00007efc7f4b3000)]
  0x00007efc980b45a0 JavaThread "Sweeper thread" daemon [_thread_blocked, id=62, stack(0x00007efc7f1b3000,0x00007efc7f2b3000)]
  0x00007efc980d7a10 JavaThread "Common-Cleaner" daemon [_thread_blocked, id=63, stack(0x00007efc7f0b3000,0x00007efc7f1b3000)]
  0x00007efc9811f560 JavaThread "Notification Thread" daemon [_thread_blocked, id=64, stack(0x00007efc7efb3000,0x00007efc7f0b3000)]
  0x00007efc98304970 JavaThread "Active Thread: Equinox Container: 4ed04d56-022a-4407-bb3d-78e79da60484" [_thread_blocked, id=83, stack(0x00007efc7edb1000,0x00007efc7eeb1000)]
  0x00007efc98348600 JavaThread "Framework Event Dispatcher: Equinox Container: 4ed04d56-022a-4407-bb3d-78e79da60484" daemon [_thread_blocked, id=100, stack(0x00007efc7c900000,0x00007efc7ca00000)]
  0x00007efc9831ed50 JavaThread "Start Level: Equinox Container: 4ed04d56-022a-4407-bb3d-78e79da60484" daemon [_thread_blocked, id=101, stack(0x00007efc7c700000,0x00007efc7c800000)]
  0x00007efc98394a60 JavaThread "Refresh Thread: Equinox Container: 4ed04d56-022a-4407-bb3d-78e79da60484" daemon [_thread_blocked, id=126, stack(0x00007efc7c500000,0x00007efc7c600000)]
  0x00007efc30016d40 JavaThread "SCR Component Actor" daemon [_thread_blocked, id=133, stack(0x00007efc7c300000,0x00007efc7c400000)]
  0x00007efc302aa600 JavaThread "Worker-JM" [_thread_blocked, id=140, stack(0x00007efc46d00000,0x00007efc46e00000)]
  0x00007efc3030a670 JavaThread "Worker-0: Compacting resource model" [_thread_blocked, id=141, stack(0x00007efc46b00000,0x00007efc46c00000)]
  0x00007efc180010d0 JavaThread "Worker-1: Java indexing... " [_thread_blocked, id=142, stack(0x00007efc46900000,0x00007efc46a00000)]
  0x00007efc304cd740 JavaThread "Java indexing" daemon [_thread_blocked, id=143, stack(0x00007efc46700000,0x00007efc46800000)]
  0x00007efc30636f10 JavaThread "Bundle File Closer" daemon [_thread_blocked, id=144, stack(0x00007efc46500000,0x00007efc46600000)]
  0x00007efc98423180 JavaThread "pool-3-thread-1" [_thread_blocked, id=145, stack(0x00007efc7c100000,0x00007efc7c200000)]
  0x00007efc983c4080 JavaThread "pool-2-thread-1" [_thread_blocked, id=147, stack(0x00007efc46100000,0x00007efc46200000)]
  0x00007efc000022e0 JavaThread "Worker-5: Publish Diagnostics" [_thread_blocked, id=236, stack(0x00007efc45500000,0x00007efc45600000)]
  0x00007efc0c1d4130 JavaThread "Thread-5" [_thread_blocked, id=547, stack(0x00007efc46300000,0x00007efc46400000)]
  0x00007efc1831ed80 JavaThread "Worker-6" [_thread_blocked, id=599, stack(0x00007efc46200000,0x00007efc46300000)]
  0x00007efc0c03d980 JavaThread "Thread-6" [_thread_blocked, id=604, stack(0x00007efc45f00000,0x00007efc46000000)]

Other Threads:
  0x00007efc980a1640 VMThread "VM Thread" [stack: 0x00007efc9ca30000,0x00007efc9cb30000] [id=54] _threads_hazard_ptr=0x00007efbe0000b70
  0x00007efc98120f00 WatcherThread [stack: 0x00007efc7eeb3000,0x00007efc7efb3000] [id=65]
  0x00007efc9803d860 GCTaskThread "GC Thread#0" [stack: 0x00007efc9ed59000,0x00007efc9ee59000] [id=53]

Threads with active compile tasks:
JVMCI-native CompilerThread0  2011309 10613       4       org.eclipse.jdt.internal.compiler.lookup.BinaryTypeBinding::createAnnotations (59 bytes)

VM state: synchronizing (normal execution)

VM Mutex/Monitor currently owned by a thread:  ([mutex/lock_event])
[0x00007efc98023110] Threads_lock - owner thread: 0x00007efc980a1640
[0x00007efc980238c0] Heap_lock - owner thread: 0x00007efc304cd740

OutOfMemory and StackOverflow Exception counts:
OutOfMemoryError java_heap_errors=7
LinkageErrors=67

Heap address: 0x00000000e0000000, size: 512 MB, Compressed Oops mode: 32-bit

CDS archive(s) mapped at: [0x0000000800000000-0x0000000800bc8000-0x0000000800bc8000), size 12353536, SharedBaseAddress: 0x0000000800000000, ArchiveRelocationMode: 0.
Compressed class space mapped at: 0x0000000800c00000-0x0000000840c00000, reserved size: 1073741824
Narrow klass base: 0x0000000800000000, Narrow klass shift: 0, Narrow klass range: 0x100000000

GC Precious Log:
 CPUs: 8 total, 1 available
 Memory: 1024M
 Large Page Support: Disabled
 NUMA Support: Disabled
 Compressed Oops: Enabled (32-bit)
 Alignments: Space 512K, Generation 512K, Heap 2M
 Heap Min Capacity: 100M
 Heap Initial Capacity: 100M
 Heap Max Capacity: 512M
 Pre-touch: Disabled
 Parallel Workers: 1

Heap:
 PSYoungGen      total 63488K, used 43519K [0x00000000f5580000, 0x00000000fa800000, 0x0000000100000000)
  eden space 43520K, 99% used [0x00000000f5580000,0x00000000f7fffff0,0x00000000f8000000)
  from space 19968K, 0% used [0x00000000f8700000,0x00000000f8700000,0x00000000f9a80000)
  to   space 9728K, 0% used [0x00000000f9e80000,0x00000000f9e80000,0x00000000fa800000)
 ParOldGen       total 349696K, used 349695K [0x00000000e0000000, 0x00000000f5580000, 0x00000000f5580000)
  object space 349696K, 99% used [0x00000000e0000000,0x00000000f557ffe0,0x00000000f5580000)
 Metaspace       used 61619K, committed 62720K, reserved 1105920K
  class space    used 5947K, committed 6464K, reserved 1048576K

Card table byte_map: [0x00007efc9ee59000,0x00007efc9ef5a000] _byte_map_base: 0x00007efc9e759000

Marking Bits: (ParMarkBitMap*) 0x00007efca05a94c0
 Begin Bits: [0x00007efc9dcac000, 0x00007efc9e4ac000)
 End Bits:   [0x00007efc9e4ac000, 0x00007efc9ecac000)

Polling page: 0x00007efc9f173000

Metaspace:

Usage:
  Non-class:     54.37 MB used.
      Class:      5.81 MB used.
       Both:     60.17 MB used.

Virtual space:
  Non-class space:       56.00 MB reserved,      54.94 MB ( 98%) committed,  7 nodes.
      Class space:        1.00 GB reserved,       6.31 MB ( <1%) committed,  1 nodes.
             Both:        1.05 GB reserved,      61.25 MB (  6%) committed. 

Chunk freelists:
   Non-Class:  333.00 KB
       Class:  1.76 MB
        Both:  2.08 MB

MaxMetaspaceSize: unlimited
CompressedClassSpaceSize: 1.00 GB
Initial GC threshold: 21.00 MB
Current GC threshold: 102.00 MB
CDS: on
MetaspaceReclaimPolicy: balanced
 - commit_granule_bytes: 65536.
 - commit_granule_words: 8192.
 - virtual_space_node_default_size: 1048576.
 - enlarge_chunks_in_place: 1.
 - new_chunks_are_fully_committed: 0.
 - uncommit_free_chunks: 1.
 - use_allocation_guard: 0.
 - handle_deallocations: 1.


Internal statistics:

num_allocs_failed_limit: 6.
num_arena_births: 506.
num_arena_deaths: 150.
num_vsnodes_births: 8.
num_vsnodes_deaths: 0.
num_space_committed: 978.
num_space_uncommitted: 0.
num_chunks_returned_to_freelist: 211.
num_chunks_taken_from_freelist: 2866.
num_chunk_merges: 87.
num_chunk_splits: 1916.
num_chunks_enlarged: 1264.
num_purges: 22.
num_inconsistent_stats: 0.

CodeHeap 'non-profiled nmethods': size=120036Kb used=2852Kb max_used=2852Kb free=117183Kb
 bounds [0x00007efc86f7a000, 0x00007efc8724a000, 0x00007efc8e4b3000]
CodeHeap 'profiled nmethods': size=120032Kb used=18988Kb max_used=18988Kb free=101043Kb
 bounds [0x00007efc7fa42000, 0x00007efc80cd2000, 0x00007efc86f7a000]
CodeHeap 'non-nmethods': size=5692Kb used=1408Kb max_used=1419Kb free=4283Kb
 bounds [0x00007efc7f4b3000, 0x00007efc7f723000, 0x00007efc7fa42000]
 total_blobs=8597 nmethods=7848 adapters=635
 compilation: enabled
              stopped_count=0, restarted_count=0
 full_count=0

JVMCI Events (20 events):
Event: 1352.641 Thread 0x00007efc980b1c40 attached to JVMCI runtime 0
Event: 1352.644 Thread 0x00007efc980b1c40 created JavaVM[6]@0x00007efc44f9e340 for JVMCI runtime 0
Event: 1352.644 Thread 0x00007efc980b1c40 initializing JVMCI runtime 0
Event: 1352.644 Thread 0x00007efc980b1c40 done waiting for JavaVM references initialization in JVMCI runtime 0
Event: 1505.000 Thread 0x00007efc980b1c40 initialized JVMCI runtime 0
Event: 1633.647 Thread 0x00007efc980b1c40 compacted oop handles in JVMCI runtime 0 from 83 to 80
Event: 1633.648 Thread 0x00007efc980b1c40 compacted oop handles in JVMCI runtime 0 from 81 to 70
Event: 1687.291 Thread 0x00007efc980b1c40 compacted oop handles in JVMCI runtime 0 from 104 to 74
Event: 1721.490 Thread 0x00007efc980b1c40 compacted oop handles in JVMCI runtime 0 from 106 to 103
Event: 1723.315 Thread 0x00007efc980b1c40 detaching from JVMCI runtime 0: releasing idle compiler thread (0 other threads still attached)
Event: 1723.315 Thread 0x00007efc980b1c40 shutting down HotSpotJVMCIRuntime for JVMCI runtime 0
Event: 1725.331 Thread 0x00007efc980b1c40 shut down JVMCI runtime 0
Event: 1727.320 Thread 0x00007efc980b1c40 destroyed JavaVM[6]@0x00007efc44f9e340 for JVMCI runtime 0
Event: 1727.320 Thread 0x00007efc980b1c40 compacted oop handles in JVMCI runtime 0 from 103 to 103
Event: 1727.320 Thread 0x00007efc980b1c40 releasing handles for JVMCI runtime 0: oop handles=103, metadata handles={total=192, live=190, blocks=42}
Event: 1727.320 Thread 0x00007efc980b1c40 detached from JVMCI runtime 0
Event: 1737.110 Thread 0x00007efc980b1c40 attached to JVMCI runtime 0
Event: 1737.113 Thread 0x00007efc980b1c40 created JavaVM[7]@0x00007efc44f9e340 for JVMCI runtime 0
Event: 1739.033 Thread 0x00007efc980b1c40 initializing JVMCI runtime 0
Event: 1739.033 Thread 0x00007efc980b1c40 done waiting for JavaVM references initialization in JVMCI runtime 0

Compilation events (20 events):
Event: 1633.648 Thread 0x00007efc980b1c40 nmethod 10602 0x00007efc8723d890 code [0x00007efc8723dae0, 0x00007efc8723f300]
Event: 1633.648 Thread 0x00007efc980b1c40 10606 %     4       org.eclipse.jdt.internal.compiler.util.Util::getLineNumber @ 19 (89 bytes)
Event: 1636.178 Thread 0x00007efc980b1c40 nmethod 10606% 0x00007efc8723fe90 code [0x00007efc87240020, 0x00007efc872402a8]
Event: 1636.178 Thread 0x00007efc980b1c40 10610       4       org.eclipse.jdt.internal.core.JavaModelCache::getInfo (135 bytes)
Event: 1687.291 Thread 0x00007efc980b1c40 nmethod 10610 0x00007efc87240490 code [0x00007efc872406e0, 0x00007efc872413c0]
Event: 1687.291 Thread 0x00007efc980b1c40 10608       4       org.eclipse.jdt.internal.core.JrtPackageFragmentRoot::equals (69 bytes)
Event: 1697.530 Thread 0x00007efc980b1c40 nmethod 10608 0x00007efc87241990 code [0x00007efc87241b20, 0x00007efc87241ce0]
Event: 1697.531 Thread 0x00007efc980b1c40 10605   !   4       org.eclipse.jdt.internal.compiler.lookup.BinaryTypeBinding::superclass (207 bytes)
Event: 1703.705 Thread 0x00007efc980b1c40 nmethod 10605 0x00007efc87241e90 code [0x00007efc87242040, 0x00007efc872422d0]
Event: 1703.705 Thread 0x00007efc980b1c40 10611       4       org.eclipse.jdt.internal.compiler.ast.Expression::computeConversion (372 bytes)
Event: 1721.490 Thread 0x00007efc980b1c40 nmethod 10611 0x00007efc87242610 code [0x00007efc87242800, 0x00007efc87242c90]
Event: 1721.491 Thread 0x00007efc980b3150 10612 %     3       java.text.MessageFormat::applyPattern @ 34 (422 bytes)
Event: 1725.331 Thread 0x00007efc980b3150 nmethod 10612% 0x00007efc80cc7090 code [0x00007efc80cc75a0, 0x00007efc80ccae60]
Event: 1737.110 Thread 0x00007efc980b1c40 10613       4       org.eclipse.jdt.internal.compiler.lookup.BinaryTypeBinding::createAnnotations (59 bytes)
Event: 1801.127 Thread 0x00007efc980b3150 10616       3       java.util.concurrent.ThreadPoolExecutor::workerCountOf (5 bytes)
Event: 1801.127 Thread 0x00007efc980b3150 nmethod 10616 0x00007efc80ccc110 code [0x00007efc80ccc2a0, 0x00007efc80ccc390]
Event: 1852.499 Thread 0x00007efc980b3150 10617       3       org.eclipse.jdt.internal.compiler.lookup.BinaryTypeBinding$ExternalAnnotationStatus::isPotentiallyUnannotatedLib (44 bytes)
Event: 1856.219 Thread 0x00007efc980b3150 nmethod 10617 0x00007efc80ccc410 code [0x00007efc80ccc5c0, 0x00007efc80ccc800]
Event: 1923.856 Thread 0x00007efc980b3150 10619       3       java.util.concurrent.ScheduledThreadPoolExecutor$DelayedWorkQueue::setIndex (16 bytes)
Event: 1923.856 Thread 0x00007efc980b3150 nmethod 10619 0x00007efc80ccc910 code [0x00007efc80cccac0, 0x00007efc80ccd090]

GC Heap History (20 events):
Event: 1989.732 GC heap before
{Heap before GC invocations=913 (full 845):
 PSYoungGen      total 63488K, used 43519K [0x00000000f5580000, 0x00000000fa800000, 0x0000000100000000)
  eden space 43520K, 99% used [0x00000000f5580000,0x00000000f7ffffd0,0x00000000f8000000)
  from space 19968K, 0% used [0x00000000f8700000,0x00000000f8700000,0x00000000f9a80000)
  to   space 9728K, 0% used [0x00000000f9e80000,0x00000000f9e80000,0x00000000fa800000)
 ParOldGen       total 349696K, used 349692K [0x00000000e0000000, 0x00000000f5580000, 0x00000000f5580000)
  object space 349696K, 99% used [0x00000000e0000000,0x00000000f557f3d0,0x00000000f5580000)
 Metaspace       used 61619K, committed 62720K, reserved 1105920K
  class space    used 5947K, committed 6464K, reserved 1048576K
}
Event: 1992.052 GC heap after
{Heap after GC invocations=913 (full 845):
 PSYoungGen      total 53248K, used 43519K [0x00000000f5580000, 0x00000000fa800000, 0x0000000100000000)
  eden space 43520K, 99% used [0x00000000f5580000,0x00000000f7fffea0,0x00000000f8000000)
  from space 9728K, 0% used [0x00000000f9e80000,0x00000000f9e80000,0x00000000fa800000)
  to   space 19968K, 0% used [0x00000000f8700000,0x00000000f8700000,0x00000000f9a80000)
 ParOldGen       total 349696K, used 349692K [0x00000000e0000000, 0x00000000f5580000, 0x00000000f5580000)
  object space 349696K, 99% used [0x00000000e0000000,0x00000000f557f3d0,0x00000000f5580000)
 Metaspace       used 61619K, committed 62720K, reserved 1105920K
  class space    used 5947K, committed 6464K, reserved 1048576K
}
Event: 1992.056 GC heap before
{Heap before GC invocations=914 (full 846):
 PSYoungGen      total 53248K, used 43519K [0x00000000f5580000, 0x00000000fa800000, 0x0000000100000000)
  eden space 43520K, 99% used [0x00000000f5580000,0x00000000f7fffff8,0x00000000f8000000)
  from space 9728K, 0% used [0x00000000f9e80000,0x00000000f9e80000,0x00000000fa800000)
  to   space 19968K, 0% used [0x00000000f8700000,0x00000000f8700000,0x00000000f9a80000)
 ParOldGen       total 349696K, used 349692K [0x00000000e0000000, 0x00000000f5580000, 0x00000000f5580000)
  object space 349696K, 99% used [0x00000000e0000000,0x00000000f557f3d0,0x00000000f5580000)
 Metaspace       used 61619K, committed 62720K, reserved 1105920K
  class space    used 5947K, committed 6464K, reserved 1048576K
}
Event: 1994.330 GC heap after
{Heap after GC invocations=914 (full 846):
 PSYoungGen      total 63488K, used 43519K [0x00000000f5580000, 0x00000000fa800000, 0x0000000100000000)
  eden space 43520K, 99% used [0x00000000f5580000,0x00000000f7ffff28,0x00000000f8000000)
  from space 19968K, 0% used [0x00000000f8700000,0x00000000f8700000,0x00000000f9a80000)
  to   space 9728K, 0% used [0x00000000f9e80000,0x00000000f9e80000,0x00000000fa800000)
 ParOldGen       total 349696K, used 349692K [0x00000000e0000000, 0x00000000f5580000, 0x00000000f5580000)
  object space 349696K, 99% used [0x00000000e0000000,0x00000000f557f3d0,0x00000000f5580000)
 Metaspace       used 61619K, committed 62720K, reserved 1105920K
  class space    used 5947K, committed 6464K, reserved 1048576K
}
Event: 1994.331 GC heap before
{Heap before GC invocations=915 (full 847):
 PSYoungGen      total 63488K, used 43520K [0x00000000f5580000, 0x00000000fa800000, 0x0000000100000000)
  eden space 43520K, 100% used [0x00000000f5580000,0x00000000f8000000,0x00000000f8000000)
  from space 19968K, 0% used [0x00000000f8700000,0x00000000f8700000,0x00000000f9a80000)
  to   space 9728K, 0% used [0x00000000f9e80000,0x00000000f9e80000,0x00000000fa800000)
 ParOldGen       total 349696K, used 349692K [0x00000000e0000000, 0x00000000f5580000, 0x00000000f5580000)
  object space 349696K, 99% used [0x00000000e0000000,0x00000000f557f3d0,0x00000000f5580000)
 Metaspace       used 61619K, committed 62720K, reserved 1105920K
  class space    used 5947K, committed 6464K, reserved 1048576K
}
Event: 1996.239 GC heap after
{Heap after GC invocations=915 (full 847):
 PSYoungGen      total 53248K, used 43519K [0x00000000f5580000, 0x00000000fa800000, 0x0000000100000000)
  eden space 43520K, 99% used [0x00000000f5580000,0x00000000f7ffff40,0x00000000f8000000)
  from space 9728K, 0% used [0x00000000f9e80000,0x00000000f9e80000,0x00000000fa800000)
  to   space 19968K, 0% used [0x00000000f8700000,0x00000000f8700000,0x00000000f9a80000)
 ParOldGen       total 349696K, used 349692K [0x00000000e0000000, 0x00000000f5580000, 0x00000000f5580000)
  object space 349696K, 99% used [0x00000000e0000000,0x00000000f557f3d0,0x00000000f5580000)
 Metaspace       used 61619K, committed 62720K, reserved 1105920K
  class space    used 5947K, committed 6464K, reserved 1048576K
}
Event: 1996.240 GC heap before
{Heap before GC invocations=916 (full 848):
 PSYoungGen      total 53248K, used 43520K [0x00000000f5580000, 0x00000000fa800000, 0x0000000100000000)
  eden space 43520K, 100% used [0x00000000f5580000,0x00000000f8000000,0x00000000f8000000)
  from space 9728K, 0% used [0x00000000f9e80000,0x00000000f9e80000,0x00000000fa800000)
  to   space 19968K, 0% used [0x00000000f8700000,0x00000000f8700000,0x00000000f9a80000)
 ParOldGen       total 349696K, used 349692K [0x00000000e0000000, 0x00000000f5580000, 0x00000000f5580000)
  object space 349696K, 99% used [0x00000000e0000000,0x00000000f557f3d0,0x00000000f5580000)
 Metaspace       used 61619K, committed 62720K, reserved 1105920K
  class space    used 5947K, committed 6464K, reserved 1048576K
}
Event: 1998.391 GC heap after
{Heap after GC invocations=916 (full 848):
 PSYoungGen      total 63488K, used 43519K [0x00000000f5580000, 0x00000000fa800000, 0x0000000100000000)
  eden space 43520K, 99% used [0x00000000f5580000,0x00000000f7ffffc0,0x00000000f8000000)
  from space 19968K, 0% used [0x00000000f8700000,0x00000000f8700000,0x00000000f9a80000)
  to   space 9728K, 0% used [0x00000000f9e80000,0x00000000f9e80000,0x00000000fa800000)
 ParOldGen       total 349696K, used 349692K [0x00000000e0000000, 0x00000000f5580000, 0x00000000f5580000)
  object space 349696K, 99% used [0x00000000e0000000,0x00000000f557f3d0,0x00000000f5580000)
 Metaspace       used 61619K, committed 62720K, reserved 1105920K
  class space    used 5947K, committed 6464K, reserved 1048576K
}
Event: 1998.392 GC heap before
{Heap before GC invocations=917 (full 849):
 PSYoungGen      total 63488K, used 43520K [0x00000000f5580000, 0x00000000fa800000, 0x0000000100000000)
  eden space 43520K, 100% used [0x00000000f5580000,0x00000000f8000000,0x00000000f8000000)
  from space 19968K, 0% used [0x00000000f8700000,0x00000000f8700000,0x00000000f9a80000)
  to   space 9728K, 0% used [0x00000000f9e80000,0x00000000f9e80000,0x00000000fa800000)
 ParOldGen       total 349696K, used 349692K [0x00000000e0000000, 0x00000000f5580000, 0x00000000f5580000)
  object space 349696K, 99% used [0x00000000e0000000,0x00000000f557f3d0,0x00000000f5580000)
 Metaspace       used 61619K, committed 62720K, reserved 1105920K
  class space    used 5947K, committed 6464K, reserved 1048576K
}
Event: 2000.612 GC heap after
{Heap after GC invocations=917 (full 849):
 PSYoungGen      total 53248K, used 43519K [0x00000000f5580000, 0x00000000fa800000, 0x0000000100000000)
  eden space 43520K, 99% used [0x00000000f5580000,0x00000000f7ffffe0,0x00000000f8000000)
  from space 9728K, 0% used [0x00000000f9e80000,0x00000000f9e80000,0x00000000fa800000)
  to   space 19968K, 0% used [0x00000000f8700000,0x00000000f8700000,0x00000000f9a80000)
 ParOldGen       total 349696K, used 349692K [0x00000000e0000000, 0x00000000f5580000, 0x00000000f5580000)
  object space 349696K, 99% used [0x00000000e0000000,0x00000000f557f3d0,0x00000000f5580000)
 Metaspace       used 61619K, committed 62720K, reserved 1105920K
  class space    used 5947K, committed 6464K, reserved 1048576K
}
Event: 2000.613 GC heap before
{Heap before GC invocations=918 (full 850):
 PSYoungGen      total 53248K, used 43520K [0x00000000f5580000, 0x00000000fa800000, 0x0000000100000000)
  eden space 43520K, 100% used [0x00000000f5580000,0x00000000f8000000,0x00000000f8000000)
  from space 9728K, 0% used [0x00000000f9e80000,0x00000000f9e80000,0x00000000fa800000)
  to   space 19968K, 0% used [0x00000000f8700000,0x00000000f8700000,0x00000000f9a80000)
 ParOldGen       total 349696K, used 349695K [0x00000000e0000000, 0x00000000f5580000, 0x00000000f5580000)
  object space 349696K, 99% used [0x00000000e0000000,0x00000000f557fca8,0x00000000f5580000)
 Metaspace       used 61619K, committed 62720K, reserved 1105920K
  class space    used 5947K, committed 6464K, reserved 1048576K
}
Event: 2002.647 GC heap after
{Heap after GC invocations=918 (full 850):
 PSYoungGen      total 63488K, used 43519K [0x00000000f5580000, 0x00000000fa800000, 0x0000000100000000)
  eden space 43520K, 99% used [0x00000000f5580000,0x00000000f7ffffc8,0x00000000f8000000)
  from space 19968K, 0% used [0x00000000f8700000,0x00000000f8700000,0x00000000f9a80000)
  to   space 9728K, 0% used [0x00000000f9e80000,0x00000000f9e80000,0x00000000fa800000)
 ParOldGen       total 349696K, used 349694K [0x00000000e0000000, 0x00000000f5580000, 0x00000000f5580000)
  object space 349696K, 99% used [0x00000000e0000000,0x00000000f557f9d0,0x00000000f5580000)
 Metaspace       used 61619K, committed 62720K, reserved 1105920K
  class space    used 5947K, committed 6464K, reserved 1048576K
}
Event: 2002.647 GC heap before
{Heap before GC invocations=919 (full 851):
 PSYoungGen      total 63488K, used 43520K [0x00000000f5580000, 0x00000000fa800000, 0x0000000100000000)
  eden space 43520K, 100% used [0x00000000f5580000,0x00000000f8000000,0x00000000f8000000)
  from space 19968K, 0% used [0x00000000f8700000,0x00000000f8700000,0x00000000f9a80000)
  to   space 9728K, 0% used [0x00000000f9e80000,0x00000000f9e80000,0x00000000fa800000)
 ParOldGen       total 349696K, used 349694K [0x00000000e0000000, 0x00000000f5580000, 0x00000000f5580000)
  object space 349696K, 99% used [0x00000000e0000000,0x00000000f557f9d0,0x00000000f5580000)
 Metaspace       used 61619K, committed 62720K, reserved 1105920K
  class space    used 5947K, committed 6464K, reserved 1048576K
}
Event: 2004.889 GC heap after
{Heap after GC invocations=919 (full 851):
 PSYoungGen      total 53248K, used 43519K [0x00000000f5580000, 0x00000000fa800000, 0x0000000100000000)
  eden space 43520K, 99% used [0x00000000f5580000,0x00000000f7ffffe0,0x00000000f8000000)
  from space 9728K, 0% used [0x00000000f9e80000,0x00000000f9e80000,0x00000000fa800000)
  to   space 19968K, 0% used [0x00000000f8700000,0x00000000f8700000,0x00000000f9a80000)
 ParOldGen       total 349696K, used 349694K [0x00000000e0000000, 0x00000000f5580000, 0x00000000f5580000)
  object space 349696K, 99% used [0x00000000e0000000,0x00000000f557f9d0,0x00000000f5580000)
 Metaspace       used 61619K, committed 62720K, reserved 1105920K
  class space    used 5947K, committed 6464K, reserved 1048576K
}
Event: 2004.890 GC heap before
{Heap before GC invocations=920 (full 852):
 PSYoungGen      total 53248K, used 43519K [0x00000000f5580000, 0x00000000fa800000, 0x0000000100000000)
  eden space 43520K, 99% used [0x00000000f5580000,0x00000000f7fffff8,0x00000000f8000000)
  from space 9728K, 0% used [0x00000000f9e80000,0x00000000f9e80000,0x00000000fa800000)
  to   space 19968K, 0% used [0x00000000f8700000,0x00000000f8700000,0x00000000f9a80000)
 ParOldGen       total 349696K, used 349694K [0x00000000e0000000, 0x00000000f5580000, 0x00000000f5580000)
  object space 349696K, 99% used [0x00000000e0000000,0x00000000f557f9d0,0x00000000f5580000)
 Metaspace       used 61619K, committed 62720K, reserved 1105920K
  class space    used 5947K, committed 6464K, reserved 1048576K
}
Event: 2007.009 GC heap after
{Heap after GC invocations=920 (full 852):
 PSYoungGen      total 63488K, used 43519K [0x00000000f5580000, 0x00000000fa800000, 0x0000000100000000)
  eden space 43520K, 99% used [0x00000000f5580000,0x00000000f7ffffd8,0x00000000f8000000)
  from space 19968K, 0% used [0x00000000f8700000,0x00000000f8700000,0x00000000f9a80000)
  to   space 9728K, 0% used [0x00000000f9e80000,0x00000000f9e80000,0x00000000fa800000)
 ParOldGen       total 349696K, used 349694K [0x00000000e0000000, 0x00000000f5580000, 0x00000000f5580000)
  object space 349696K, 99% used [0x00000000e0000000,0x00000000f557f9d0,0x00000000f5580000)
 Metaspace       used 61619K, committed 62720K, reserved 1105920K
  class space    used 5947K, committed 6464K, reserved 1048576K
}
Event: 2007.010 GC heap before
{Heap before GC invocations=921 (full 853):
 PSYoungGen      total 63488K, used 43519K [0x00000000f5580000, 0x00000000fa800000, 0x0000000100000000)
  eden space 43520K, 99% used [0x00000000f5580000,0x00000000f7fffff8,0x00000000f8000000)
  from space 19968K, 0% used [0x00000000f8700000,0x00000000f8700000,0x00000000f9a80000)
  to   space 9728K, 0% used [0x00000000f9e80000,0x00000000f9e80000,0x00000000fa800000)
 ParOldGen       total 349696K, used 349695K [0x00000000e0000000, 0x00000000f5580000, 0x00000000f5580000)
  object space 349696K, 99% used [0x00000000e0000000,0x00000000f557fd10,0x00000000f5580000)
 Metaspace       used 61619K, committed 62720K, reserved 1105920K
  class space    used 5947K, committed 6464K, reserved 1048576K
}
Event: 2009.246 GC heap after
{Heap after GC invocations=921 (full 853):
 PSYoungGen      total 53248K, used 43519K [0x00000000f5580000, 0x00000000fa800000, 0x0000000100000000)
  eden space 43520K, 99% used [0x00000000f5580000,0x00000000f7ffffc0,0x00000000f8000000)
  from space 9728K, 0% used [0x00000000f9e80000,0x00000000f9e80000,0x00000000fa800000)
  to   space 19968K, 0% used [0x00000000f8700000,0x00000000f8700000,0x00000000f9a80000)
 ParOldGen       total 349696K, used 349694K [0x00000000e0000000, 0x00000000f5580000, 0x00000000f5580000)
  object space 349696K, 99% used [0x00000000e0000000,0x00000000f557fa88,0x00000000f5580000)
 Metaspace       used 61619K, committed 62720K, reserved 1105920K
  class space    used 5947K, committed 6464K, reserved 1048576K
}
Event: 2009.246 GC heap before
{Heap before GC invocations=922 (full 854):
 PSYoungGen      total 53248K, used 43519K [0x00000000f5580000, 0x00000000fa800000, 0x0000000100000000)
  eden space 43520K, 99% used [0x00000000f5580000,0x00000000f7ffffc0,0x00000000f8000000)
  from space 9728K, 0% used [0x00000000f9e80000,0x00000000f9e80000,0x00000000fa800000)
  to   space 19968K, 0% used [0x00000000f8700000,0x00000000f8700000,0x00000000f9a80000)
 ParOldGen       total 349696K, used 349694K [0x00000000e0000000, 0x00000000f5580000, 0x00000000f5580000)
  object space 349696K, 99% used [0x00000000e0000000,0x00000000f557fa88,0x00000000f5580000)
 Metaspace       used 61619K, committed 62720K, reserved 1105920K
  class space    used 5947K, committed 6464K, reserved 1048576K
}
Event: 2011.211 GC heap after
{Heap after GC invocations=922 (full 854):
 PSYoungGen      total 63488K, used 43519K [0x00000000f5580000, 0x00000000fa800000, 0x0000000100000000)
  eden space 43520K, 99% used [0x00000000f5580000,0x00000000f7ffffc0,0x00000000f8000000)
  from space 19968K, 0% used [0x00000000f8700000,0x00000000f8700000,0x00000000f9a80000)
  to   space 9728K, 0% used [0x00000000f9e80000,0x00000000f9e80000,0x00000000fa800000)
 ParOldGen       total 349696K, used 349694K [0x00000000e0000000, 0x00000000f5580000, 0x00000000f5580000)
  object space 349696K, 99% used [0x00000000e0000000,0x00000000f557fa88,0x00000000f5580000)
 Metaspace       used 61619K, committed 62720K, reserved 1105920K
  class space    used 5947K, committed 6464K, reserved 1048576K
}

Dll operation events (9 events):
Event: 0.005 Loaded shared library /nix/store/gpxl5qgg8kicmcvivwmybwjlpf7wh20l-graalvm17-ce-22.3.0/lib/libjava.so
Event: 0.044 Loaded shared library /nix/store/gpxl5qgg8kicmcvivwmybwjlpf7wh20l-graalvm17-ce-22.3.0/lib/libjsvml.so
Event: 1.012 Loaded shared library /nix/store/gpxl5qgg8kicmcvivwmybwjlpf7wh20l-graalvm17-ce-22.3.0/lib/libnio.so
Event: 1.031 Loaded shared library /nix/store/gpxl5qgg8kicmcvivwmybwjlpf7wh20l-graalvm17-ce-22.3.0/lib/libzip.so
Event: 1.108 Loaded shared library /nix/store/gpxl5qgg8kicmcvivwmybwjlpf7wh20l-graalvm17-ce-22.3.0/lib/libjvmcicompiler.so
Event: 2.245 Loaded shared library /nix/store/gpxl5qgg8kicmcvivwmybwjlpf7wh20l-graalvm17-ce-22.3.0/lib/libjimage.so
Event: 3.521 Loaded shared library /nix/store/gpxl5qgg8kicmcvivwmybwjlpf7wh20l-graalvm17-ce-22.3.0/lib/libnet.so
Event: 11.992 Loaded shared library /home/runner/.cache/jdt-language-server/config/org.eclipse.equinox.launcher/org.eclipse.equinox.launcher.gtk.linux.x86_64_1.2.400.v20211117-0650/eclipse_11600.so
Event: 30.794 Loaded shared library /nix/store/gpxl5qgg8kicmcvivwmybwjlpf7wh20l-graalvm17-ce-22.3.0/lib/libextnet.so

Deoptimization events (20 events):
Event: 1899.396 Thread 0x00007efc304cd740 Uncommon trap: trap_request=0xffffff8f fr.pc=0x00007efc87209c1f relative=0x00000000000011df
Event: 1899.396 Thread 0x00007efc304cd740 Uncommon trap: reason=constraint action=none pc=0x00007efc87209c1f method=org.eclipse.jdt.internal.core.index.DiskIndex.copyQueryResults(Lorg/eclipse/jdt/internal/compiler/util/HashtableOfObject;I)V @ 123 jvmci
Event: 1899.396 Thread 0x00007efc304cd740 DEOPT PACKING pc=0x00007efc87209c1f sp=0x00007efc467fe530
Event: 1899.396 Thread 0x00007efc304cd740 DEOPT UNPACKING pc=0x00007efc7f505325 sp=0x00007efc467fda28 mode 3
Event: 1911.338 Thread 0x00007efc304cd740 Uncommon trap: trap_request=0xffffff8f fr.pc=0x00007efc87209c1f relative=0x00000000000011df
Event: 1911.338 Thread 0x00007efc304cd740 Uncommon trap: reason=constraint action=none pc=0x00007efc87209c1f method=org.eclipse.jdt.internal.core.index.DiskIndex.copyQueryResults(Lorg/eclipse/jdt/internal/compiler/util/HashtableOfObject;I)V @ 123 jvmci
Event: 1911.338 Thread 0x00007efc304cd740 DEOPT PACKING pc=0x00007efc87209c1f sp=0x00007efc467fe530
Event: 1911.338 Thread 0x00007efc304cd740 DEOPT UNPACKING pc=0x00007efc7f505325 sp=0x00007efc467fda28 mode 3
Event: 1917.601 Thread 0x00007efc304cd740 Uncommon trap: trap_request=0xffffff8f fr.pc=0x00007efc87209c3b relative=0x00000000000011fb
Event: 1917.601 Thread 0x00007efc304cd740 Uncommon trap: reason=constraint action=none pc=0x00007efc87209c3b method=org.eclipse.jdt.internal.core.index.DiskIndex.copyQueryResults(Lorg/eclipse/jdt/internal/compiler/util/HashtableOfObject;I)V @ 123 jvmci
Event: 1917.601 Thread 0x00007efc304cd740 DEOPT PACKING pc=0x00007efc87209c3b sp=0x00007efc467fe530
Event: 1917.601 Thread 0x00007efc304cd740 DEOPT UNPACKING pc=0x00007efc7f505325 sp=0x00007efc467fda28 mode 3
Event: 1923.857 Thread 0x00007efc304cd740 Uncommon trap: trap_request=0xffffff8f fr.pc=0x00007efc87200494 relative=0x0000000000000274
Event: 1923.857 Thread 0x00007efc304cd740 Uncommon trap: reason=constraint action=none pc=0x00007efc87200494 method=org.eclipse.jdt.internal.core.index.DiskIndex$IntList.add(I)V @ 0 jvmci
Event: 1923.857 Thread 0x00007efc304cd740 DEOPT PACKING pc=0x00007efc87200494 sp=0x00007efc467fe500
Event: 1923.857 Thread 0x00007efc304cd740 DEOPT UNPACKING pc=0x00007efc7f505325 sp=0x00007efc467fd9b0 mode 3
Event: 1928.025 Thread 0x00007efc180010d0 Uncommon trap: trap_request=0xffffff8f fr.pc=0x00007efc86f98f77 relative=0x0000000000000257
Event: 1928.025 Thread 0x00007efc180010d0 Uncommon trap: reason=constraint action=none pc=0x00007efc86f98f77 method=java.lang.AbstractStringBuilder.ensureCapacityInternal(I)V @ 27 jvmci
Event: 1928.025 Thread 0x00007efc180010d0 DEOPT PACKING pc=0x00007efc86f98f77 sp=0x00007efc469fe490
Event: 1928.025 Thread 0x00007efc180010d0 DEOPT UNPACKING pc=0x00007efc7f505325 sp=0x00007efc469fd918 mode 3

Classes unloaded (20 events):
Event: 193.822 Thread 0x00007efc980a1640 Unloading class 0x0000000801145000 'jdk/internal/reflect/GeneratedSerializationConstructorAccessor19'
Event: 193.822 Thread 0x00007efc980a1640 Unloading class 0x0000000801144c00 'jdk/internal/reflect/GeneratedSerializationConstructorAccessor18'
Event: 193.822 Thread 0x00007efc980a1640 Unloading class 0x0000000801144800 'jdk/internal/reflect/GeneratedSerializationConstructorAccessor17'
Event: 193.822 Thread 0x00007efc980a1640 Unloading class 0x000000080113dc00 'jdk/internal/reflect/GeneratedSerializationConstructorAccessor14'
Event: 193.822 Thread 0x00007efc980a1640 Unloading class 0x000000080113d800 'jdk/internal/reflect/GeneratedSerializationConstructorAccessor13'
Event: 193.822 Thread 0x00007efc980a1640 Unloading class 0x000000080113d400 'jdk/internal/reflect/GeneratedSerializationConstructorAccessor12'
Event: 193.822 Thread 0x00007efc980a1640 Unloading class 0x000000080113d000 'jdk/internal/reflect/GeneratedMethodAccessor12'
Event: 193.822 Thread 0x00007efc980a1640 Unloading class 0x000000080113c800 'jdk/internal/reflect/GeneratedSerializationConstructorAccessor11'
Event: 193.822 Thread 0x00007efc980a1640 Unloading class 0x000000080113c400 'jdk/internal/reflect/GeneratedSerializationConstructorAccessor10'
Event: 193.822 Thread 0x00007efc980a1640 Unloading class 0x000000080113c000 'jdk/internal/reflect/GeneratedSerializationConstructorAccessor9'
Event: 193.822 Thread 0x00007efc980a1640 Unloading class 0x000000080113b400 'jdk/internal/reflect/GeneratedSerializationConstructorAccessor8'
Event: 193.822 Thread 0x00007efc980a1640 Unloading class 0x00000008010b0400 'jdk/internal/reflect/GeneratedSerializationConstructorAccessor2'
Event: 193.822 Thread 0x00007efc980a1640 Unloading class 0x00000008010b0000 'jdk/internal/reflect/GeneratedSerializationConstructorAccessor1'
Event: 198.695 Thread 0x00007efc980a1640 Unloading class 0x0000000801100c00 'jdk/internal/reflect/GeneratedMethodAccessor10'
Event: 198.695 Thread 0x00007efc980a1640 Unloading class 0x0000000801100800 'jdk/internal/reflect/GeneratedMethodAccessor9'
Event: 198.695 Thread 0x00007efc980a1640 Unloading class 0x0000000801100000 'jdk/internal/reflect/GeneratedMethodAccessor7'
Event: 201.596 Thread 0x00007efc980a1640 Unloading class 0x0000000801100400 'jdk/internal/reflect/GeneratedMethodAccessor8'
Event: 217.470 Thread 0x00007efc980a1640 Unloading class 0x000000080113cc00 'jdk/internal/reflect/GeneratedMethodAccessor11'
Event: 340.308 Thread 0x00007efc980a1640 Unloading class 0x000000080113b000 'jdk/internal/reflect/GeneratedConstructorAccessor37'
Event: 374.138 Thread 0x00007efc980a1640 Unloading class 0x0000000801250000 'jdk/internal/reflect/GeneratedConstructorAccessor40'

Classes redefined (0 events):
No events

Internal exceptions (20 events):
Event: 68.417 Thread 0x00007efc00000ff0 Exception <a 'java/lang/NoSuchMethodError'{0x00000000f6cf6d88}: 'java.lang.Object java.lang.invoke.DirectMethodHandle$Holder.invokeSpecial(java.lang.Object, java.lang.Object, java.lang.Object, java.lang.Object, int, java.lang.Object)'> (0x00000000f6cf6d88) 
thrown [src/hotspot/share/interpreter/linkResolver.cpp, line 758]
Event: 68.417 Thread 0x00007efc00000ff0 Exception <a 'java/lang/NoSuchMethodError'{0x00000000f6cfa870}: 'java.lang.Object java.lang.invoke.Invokers$Holder.linkToTargetMethod(java.lang.Object, java.lang.Object, int, java.lang.Object, java.lang.Object)'> (0x00000000f6cfa870) 
thrown [src/hotspot/share/interpreter/linkResolver.cpp, line 758]
Event: 71.928 Thread 0x00007efc00000ff0 Implicit null exception at 0x00007efc8700aae9 to 0x00007efc8700ac9b
Event: 83.004 Thread 0x00007efc0c1d4130 Exception <a 'java/lang/NoSuchMethodError'{0x00000000f6347548}: 'java.lang.Object java.lang.invoke.DirectMethodHandle$Holder.newInvokeSpecial(java.lang.Object, java.lang.Object, int, java.lang.Object, java.lang.Object, java.lang.Object, java.lang.Object)'> (0x00000000f6347548) 
thrown [src/hotspot/share/interpreter/linkResolver.cpp, line 758]
Event: 83.335 Thread 0x00007efc0c1d4130 Exception <a 'java/lang/NoSuchMethodError'{0x00000000f67ae0e8}: 'void java.lang.invoke.DirectMethodHandle$Holder.invokeSpecial(java.lang.Object, java.lang.Object, int)'> (0x00000000f67ae0e8) 
thrown [src/hotspot/share/interpreter/linkResolver.cpp, line 758]
Event: 86.902 Thread 0x00007efc0c1a5eb0 Exception <a 'java/lang/NoSuchMethodError'{0x00000000f6abf7e8}: 'java.lang.Object java.lang.invoke.DirectMethodHandle$Holder.invokeStatic(java.lang.Object, int, java.lang.Object, java.lang.Object, java.lang.Object, java.lang.Object)'> (0x00000000f6abf7e8) 
thrown [src/hotspot/share/interpreter/linkResolver.cpp, line 758]
Event: 86.990 Thread 0x00007efc0c1a5eb0 Exception <a 'java/lang/NoSuchMethodError'{0x00000000f6dab920}: 'java.lang.Object java.lang.invoke.DirectMethodHandle$Holder.newInvokeSpecial(java.lang.Object, int, java.lang.Object, java.lang.Object, java.lang.Object)'> (0x00000000f6dab920) 
thrown [src/hotspot/share/interpreter/linkResolver.cpp, line 758]
Event: 89.136 Thread 0x00007efc0c1a5eb0 Exception <a 'java/lang/NoSuchMethodError'{0x00000000f7227a50}: 'int java.lang.invoke.DirectMethodHandle$Holder.invokeSpecialIFC(java.lang.Object, java.lang.Object, java.lang.Object, java.lang.Object)'> (0x00000000f7227a50) 
thrown [src/hotspot/share/interpreter/linkResolver.cpp, line 758]
Event: 1899.396 Thread 0x00007efc304cd740 Exception <a 'java/lang/OutOfMemoryError'{0x00000000e00122c8}> (0x00000000e00122c8) 
thrown [src/hotspot/share/gc/shared/memAllocator.cpp, line 138]
Event: 1899.396 Thread 0x00007efc304cd740 Implicit null exception at 0x00007efc87209673 to 0x00007efc87209c04
Event: 1911.338 Thread 0x00007efc304cd740 Exception <a 'java/lang/OutOfMemoryError'{0x00000000e0011d28}> (0x00000000e0011d28) 
thrown [src/hotspot/share/gc/shared/memAllocator.cpp, line 138]
Event: 1911.338 Thread 0x00007efc304cd740 Implicit null exception at 0x00007efc87209673 to 0x00007efc87209c04
Event: 1917.601 Thread 0x00007efc304cd740 Exception <a 'java/lang/OutOfMemoryError'{0x00000000e0011788}> (0x00000000e0011788) 
thrown [src/hotspot/share/gc/shared/memAllocator.cpp, line 138]
Event: 1917.601 Thread 0x00007efc304cd740 Implicit null exception at 0x00007efc872096ae to 0x00007efc87209c20
Event: 1923.857 Thread 0x00007efc304cd740 Exception <a 'java/lang/OutOfMemoryError'{0x00000000e0011788}> (0x00000000e0011788) 
thrown [src/hotspot/share/gc/shared/memAllocator.cpp, line 138]
Event: 1923.857 Thread 0x00007efc304cd740 Implicit null exception at 0x00007efc872003ed to 0x00007efc87200479
Event: 1928.025 Thread 0x00007efc180010d0 Exception <a 'java/lang/OutOfMemoryError'{0x00000000e0011788}> (0x00000000e0011788) 
thrown [src/hotspot/share/gc/shared/memAllocator.cpp, line 138]
Event: 1928.025 Thread 0x00007efc180010d0 Implicit null exception at 0x00007efc86f98ef7 to 0x00007efc86f98f5c
Event: 1932.433 Thread 0x00007efc180010d0 Exception <a 'java/lang/OutOfMemoryError'{0x00000000e0011aa8}> (0x00000000e0011aa8) 
thrown [src/hotspot/share/gc/shared/memAllocator.cpp, line 136]
Event: 2011.211 Thread 0x00007efc980b1c40 Exception <a 'java/lang/OutOfMemoryError'{0x00000000e0011aa8}> (0x00000000e0011aa8) 
thrown [src/hotspot/share/gc/shared/memAllocator.cpp, line 136]

VM Operations (20 events):
Event: 1989.731 Executing VM operation: ParallelGCFailedAllocation done
Event: 1989.731 Executing VM operation: ParallelGCFailedAllocation
Event: 1992.052 Executing VM operation: ParallelGCFailedAllocation done
Event: 1992.056 Executing VM operation: ParallelGCFailedAllocation
Event: 1994.330 Executing VM operation: ParallelGCFailedAllocation done
Event: 1994.331 Executing VM operation: ParallelGCFailedAllocation
Event: 1996.239 Executing VM operation: ParallelGCFailedAllocation done
Event: 1996.240 Executing VM operation: ParallelGCFailedAllocation
Event: 1998.391 Executing VM operation: ParallelGCFailedAllocation done
Event: 1998.392 Executing VM operation: ParallelGCFailedAllocation
Event: 2000.612 Executing VM operation: ParallelGCFailedAllocation done
Event: 2000.613 Executing VM operation: ParallelGCFailedAllocation
Event: 2002.647 Executing VM operation: ParallelGCFailedAllocation done
Event: 2002.647 Executing VM operation: ParallelGCFailedAllocation
Event: 2004.889 Executing VM operation: ParallelGCFailedAllocation done
Event: 2004.889 Executing VM operation: ParallelGCFailedAllocation
Event: 2007.009 Executing VM operation: ParallelGCFailedAllocation done
Event: 2007.010 Executing VM operation: ParallelGCFailedAllocation
Event: 2011.211 Executing VM operation: ParallelGCFailedAllocation done
Event: 2011.212 Executing VM operation: ParallelGCFailedAllocation

Events (20 events):
Event: 90.427 Thread 0x00007efc980b45a0 flushing nmethod 0x00007efc80a62e10
Event: 90.427 Thread 0x00007efc980b45a0 flushing nmethod 0x00007efc80a63390
Event: 90.427 Thread 0x00007efc980b45a0 flushing nmethod 0x00007efc80a68790
Event: 90.427 Thread 0x00007efc980b45a0 flushing nmethod 0x00007efc80a69a90
Event: 90.427 Thread 0x00007efc980b45a0 flushing nmethod 0x00007efc80a6c510
Event: 90.427 Thread 0x00007efc980b45a0 flushing nmethod 0x00007efc80a6fd90
Event: 115.390 Thread 0x00007efbf8004d00 Thread exited: 0x00007efbf8004d00
Event: 116.607 Thread 0x00007efc04452690 Thread exited: 0x00007efc04452690
Event: 148.597 Thread 0x00007efc00000ff0 Thread exited: 0x00007efc00000ff0
Event: 148.597 Thread 0x00007efc08001130 Thread exited: 0x00007efc08001130
Event: 150.901 Thread 0x00007efc1c0013e0 Thread exited: 0x00007efc1c0013e0
Event: 178.006 Thread 0x00007efc0c1d4130 Thread added: 0x00007efc0c1d4130
Event: 178.006 Protecting memory [0x00007efc46300000,0x00007efc46304000] with protection modes 0
Event: 199.905 Thread 0x00007efc1831ed80 Thread added: 0x00007efc1831ed80
Event: 199.914 Protecting memory [0x00007efc46200000,0x00007efc46204000] with protection modes 0
Event: 202.627 Thread 0x00007efc0c03d980 Thread added: 0x00007efc0c03d980
Event: 202.627 Protecting memory [0x00007efc45f00000,0x00007efc45f04000] with protection modes 0
Event: 660.814 Thread 0x00007efc0444bf10 Thread exited: 0x00007efc0444bf10
Event: 685.961 Thread 0x00007efc0444b480 Thread exited: 0x00007efc0444b480
Event: 685.963 Thread 0x00007efbf8003410 Thread exited: 0x00007efbf8003410


Dynamic libraries:
e0000000-f3d00000 rw-p 00000000 00:00 0 
f3d00000-fa800000 rw-p 00000000 00:00 0 
fa800000-100000000 ---p 00000000 00:00 0 
800000000-800449000 rw-p 00001000 00:15a2 707969865                      /nix/store/gpxl5qgg8kicmcvivwmybwjlpf7wh20l-graalvm17-ce-22.3.0/lib/server/classes.jsa
800449000-800bc8000 r--p 0044a000 00:15a2 707969865                      /nix/store/gpxl5qgg8kicmcvivwmybwjlpf7wh20l-graalvm17-ce-22.3.0/lib/server/classes.jsa
800bc8000-800c00000 ---p 00000000 00:00 0 
800c00000-800c10000 rw-p 00000000 00:00 0 
800c10000-800c30000 rw-p 00000000 00:00 0 
800c30000-800cb0000 rw-p 00000000 00:00 0 
800cb0000-800cf0000 rw-p 00000000 00:00 0 
800cf0000-800db0000 rw-p 00000000 00:00 0 
800db0000-800df0000 rw-p 00000000 00:00 0 
800df0000-800fb0000 rw-p 00000000 00:00 0 
800fb0000-801030000 rw-p 00000000 00:00 0 
801030000-801070000 rw-p 00000000 00:00 0 
801070000-801080000 ---p 00000000 00:00 0 
801080000-801260000 rw-p 00000000 00:00 0 
801260000-840c00000 ---p 00000000 00:00 0 
5579ce643000-5579ce644000 r-xp 00000000 00:15a2 672029940                /nix/store/gpxl5qgg8kicmcvivwmybwjlpf7wh20l-graalvm17-ce-22.3.0/bin/.java-wrapped
5579ce645000-5579ce646000 r--p 00001000 00:15a2 672029940                /nix/store/gpxl5qgg8kicmcvivwmybwjlpf7wh20l-graalvm17-ce-22.3.0/bin/.java-wrapped
5579ce646000-5579ce647000 rw-p 00002000 00:15a2 672029940                /nix/store/gpxl5qgg8kicmcvivwmybwjlpf7wh20l-graalvm17-ce-22.3.0/bin/.java-wrapped
5579ce647000-5579ce648000 rw-p 00004000 00:15a2 672029940                /nix/store/gpxl5qgg8kicmcvivwmybwjlpf7wh20l-graalvm17-ce-22.3.0/bin/.java-wrapped
5579ce648000-5579ce649000 rw-p 00005000 00:15a2 672029940                /nix/store/gpxl5qgg8kicmcvivwmybwjlpf7wh20l-graalvm17-ce-22.3.0/bin/.java-wrapped
5579cfe26000-5579cfe6e000 rw-p 00000000 00:00 0                          [heap]
7efbd0000000-7efbd0052000 rw-p 00000000 00:00 0 
7efbd0052000-7efbd4000000 ---p 00000000 00:00 0 
7efbd8000000-7efbd8021000 rw-p 00000000 00:00 0 
7efbd8021000-7efbdc000000 ---p 00000000 00:00 0 
7efbdc000000-7efbdc021000 rw-p 00000000 00:00 0 
7efbdc021000-7efbe0000000 ---p 00000000 00:00 0 
7efbe0000000-7efbe0021000 rw-p 00000000 00:00 0 
7efbe0021000-7efbe4000000 ---p 00000000 00:00 0 
7efbe4000000-7efbe4021000 rw-p 00000000 00:00 0 
7efbe4021000-7efbe8000000 ---p 00000000 00:00 0 
7efbe8000000-7efbe8021000 rw-p 00000000 00:00 0 
7efbe8021000-7efbec000000 ---p 00000000 00:00 0 
7efbee4b3000-7efbf8000000 r--s 00000000 00:15a2 707804677                /nix/store/gpxl5qgg8kicmcvivwmybwjlpf7wh20l-graalvm17-ce-22.3.0/lib/modules
7efbf8000000-7efbf8021000 rw-p 00000000 00:00 0 
7efbf8021000-7efbfc000000 ---p 00000000 00:00 0 
7efbfec00000-7efbff0f0000 rw-p 00000000 00:00 0 
7efbff0f0000-7efbff130000 rw-p 00000000 00:00 0 
7efbff130000-7efbff200000 ---p 00000000 00:00 0 
7efbff200000-7efbff390000 rw-p 00000000 00:00 0 
7efbff390000-7efbff3c0000 rw-p 00000000 00:00 0 
7efbff3c0000-7efbff400000 ---p 00000000 00:00 0 
7efbff400000-7efbff5f0000 rw-p 00000000 00:00 0 
7efbff5f0000-7efbff8b0000 rw-p 00000000 00:00 0 
7efbff8b0000-7efbffc00000 rw-p 00000000 00:00 0 
7efc00000000-7efc00023000 rw-p 00000000 00:00 0 
7efc00023000-7efc04000000 ---p 00000000 00:00 0 
7efc04000000-7efc04640000 rw-p 00000000 00:00 0 
7efc04640000-7efc08000000 ---p 00000000 00:00 0 
7efc08000000-7efc080fb000 rw-p 00000000 00:00 0 
7efc080fb000-7efc0c000000 ---p 00000000 00:00 0 
7efc0c000000-7efc0c1e9000 rw-p 00000000 00:00 0 
7efc0c1e9000-7efc10000000 ---p 00000000 00:00 0 
7efc10000000-7efc10061000 rw-p 00000000 00:00 0 
7efc10061000-7efc14000000 ---p 00000000 00:00 0 
7efc14000000-7efc14021000 rw-p 00000000 00:00 0 
7efc14021000-7efc18000000 ---p 00000000 00:00 0 
7efc18000000-7efc18332000 rw-p 00000000 00:00 0 
7efc18332000-7efc1c000000 ---p 00000000 00:00 0 
7efc1c000000-7efc1c04f000 rw-p 00000000 00:00 0 
7efc1c04f000-7efc20000000 ---p 00000000 00:00 0 
7efc20000000-7efc20021000 rw-p 00000000 00:00 0 
7efc20021000-7efc24000000 ---p 00000000 00:00 0 
7efc24000000-7efc24021000 rw-p 00000000 00:00 0 
7efc24021000-7efc28000000 ---p 00000000 00:00 0 
7efc28000000-7efc28021000 rw-p 00000000 00:00 0 
7efc28021000-7efc2c000000 ---p 00000000 00:00 0 
7efc2d000000-7efc2d0f0000 rw-p 00000000 00:00 0 
7efc2d0f0000-7efc2d7b0000 rw-p 00000000 00:00 0 
7efc2d7b0000-7efc2d7f0000 rw-p 00000000 00:00 0 
7efc2d7f0000-7efc2daf0000 rw-p 00000000 00:00 0 
7efc2daf0000-7efc2dbf0000 rw-p 00000000 00:00 0 
7efc2dbf0000-7efc2dcb0000 rw-p 00000000 00:00 0 
7efc2dcb0000-7efc2dcf0000 rw-p 00000000 00:00 0 
7efc2dcf0000-7efc2de70000 rw-p 00000000 00:00 0 
7efc2de70000-7efc2def0000 rw-p 00000000 00:00 0 
7efc2def0000-7efc2dff0000 rw-p 00000000 00:00 0 
7efc2dff0000-7efc2e0f0000 rw-p 00000000 00:00 0 
7efc2e0f0000-7efc2e1f0000 rw-p 00000000 00:00 0 
7efc2e1f0000-7efc2e7f0000 rw-p 00000000 00:00 0 
7efc2e7f0000-7efc2e8f0000 rw-p 00000000 00:00 0 
7efc2e8f0000-7efc2e9f0000 rw-p 00000000 00:00 0 
7efc2e9f0000-7efc2ecf0000 rw-p 00000000 00:00 0 
7efc2ecf0000-7efc2edf0000 rw-p 00000000 00:00 0 
7efc2edf0000-7efc2eff0000 rw-p 00000000 00:00 0 
7efc2eff0000-7efc2f000000 rw-p 00000000 00:00 0 
7efc2fc00000-7efc2fc10000 r-xp 00000000 00:1487 391                      /home/runner/.cache/jdt-language-server/config/org.eclipse.equinox.launcher/org.eclipse.equinox.launcher.gtk.linux.x86_64_1.2.400.v20211117-0650/eclipse_11600.so
7efc2fc10000-7efc2fe0f000 ---p 00010000 00:1487 391                      /home/runner/.cache/jdt-language-server/config/org.eclipse.equinox.launcher/org.eclipse.equinox.launcher.gtk.linux.x86_64_1.2.400.v20211117-0650/eclipse_11600.so
7efc2fe0f000-7efc2fe10000 r--p 0000f000 00:1487 391                      /home/runner/.cache/jdt-language-server/config/org.eclipse.equinox.launcher/org.eclipse.equinox.launcher.gtk.linux.x86_64_1.2.400.v20211117-0650/eclipse_11600.so
7efc2fe10000-7efc2fe11000 rw-p 00010000 00:1487 391                      /home/runner/.cache/jdt-language-server/config/org.eclipse.equinox.launcher/org.eclipse.equinox.launcher.gtk.linux.x86_64_1.2.400.v20211117-0650/eclipse_11600.so
7efc30000000-7efc30902000 rw-p 00000000 00:00 0 
7efc30902000-7efc34000000 ---p 00000000 00:00 0 
7efc34000000-7efc34025000 rw-p 00000000 00:00 0 
7efc34025000-7efc38000000 ---p 00000000 00:00 0 
7efc38000000-7efc38021000 rw-p 00000000 00:00 0 
7efc38021000-7efc3c000000 ---p 00000000 00:00 0 
7efc3c000000-7efc3c021000 rw-p 00000000 00:00 0 
7efc3c021000-7efc40000000 ---p 00000000 00:00 0 
7efc40000000-7efc401a0000 rw-p 00000000 00:00 0 
7efc401a0000-7efc44000000 ---p 00000000 00:00 0 
7efc44300000-7efc44400000 ---p 00000000 00:00 0 
7efc44400000-7efc449af000 r--p 01122000 00:15a2 707802136                /nix/store/gpxl5qgg8kicmcvivwmybwjlpf7wh20l-graalvm17-ce-22.3.0/lib/libjvmcicompiler.so
7efc449af000-7efc44b00000 r--p 00000000 00:00 0 
7efc44b00000-7efc44b3d000 rw-p 00000000 00:00 0 
7efc44b3d000-7efc4505d000 rw-p 0185f000 00:15a2 707802136                /nix/store/gpxl5qgg8kicmcvivwmybwjlpf7wh20l-graalvm17-ce-22.3.0/lib/libjvmcicompiler.so
7efc4505d000-7efc45444000 r--p 01d7f000 00:15a2 707802136                /nix/store/gpxl5qgg8kicmcvivwmybwjlpf7wh20l-graalvm17-ce-22.3.0/lib/libjvmcicompiler.so
7efc45500000-7efc45504000 ---p 00000000 00:00 0 
7efc45504000-7efc45600000 rw-p 00000000 00:00 0 
7efc45700000-7efc45704000 ---p 00000000 00:00 0 
7efc45704000-7efc45800000 rw-p 00000000 00:00 0 
7efc45900000-7efc45904000 ---p 00000000 00:00 0 
7efc45904000-7efc45a00000 rw-p 00000000 00:00 0 
7efc45b00000-7efc45b04000 ---p 00000000 00:00 0 
7efc45b04000-7efc45c00000 rw-p 00000000 00:00 0 
7efc45d00000-7efc45d04000 ---p 00000000 00:00 0 
7efc45d04000-7efc45e00000 rw-p 00000000 00:00 0 
7efc45e00000-7efc45e04000 ---p 00000000 00:00 0 
7efc45e04000-7efc45f00000 rw-p 00000000 00:00 0 
7efc45f00000-7efc45f04000 ---p 00000000 00:00 0 
7efc45f04000-7efc46000000 rw-p 00000000 00:00 0 
7efc46100000-7efc46104000 ---p 00000000 00:00 0 
7efc46104000-7efc46200000 rw-p 00000000 00:00 0 
7efc46200000-7efc46204000 ---p 00000000 00:00 0 
7efc46204000-7efc46300000 rw-p 00000000 00:00 0 
7efc46300000-7efc46304000 ---p 00000000 00:00 0 
7efc46304000-7efc46400000 rw-p 00000000 00:00 0 
7efc46500000-7efc46504000 ---p 00000000 00:00 0 
7efc46504000-7efc46600000 rw-p 00000000 00:00 0 
7efc46700000-7efc46704000 ---p 00000000 00:00 0 
7efc46704000-7efc46800000 rw-p 00000000 00:00 0 
7efc46900000-7efc46904000 ---p 00000000 00:00 0 
7efc46904000-7efc46a00000 rw-p 00000000 00:00 0 
7efc46b00000-7efc46b04000 ---p 00000000 00:00 0 
7efc46b04000-7efc46c00000 rw-p 00000000 00:00 0 
7efc46d00000-7efc46d04000 ---p 00000000 00:00 0 
7efc46d04000-7efc46e00000 rw-p 00000000 00:00 0 
7efc47a68000-7efc47f00000 rw-p 00000000 00:00 0 
7efc48000000-7efc48021000 rw-p 00000000 00:00 0 
7efc48021000-7efc4c000000 ---p 00000000 00:00 0 
7efc4c000000-7efc4c021000 rw-p 00000000 00:00 0 
7efc4c021000-7efc50000000 ---p 00000000 00:00 0 
7efc50000000-7efc50021000 rw-p 00000000 00:00 0 
7efc50021000-7efc54000000 ---p 00000000 00:00 0 
7efc54000000-7efc54021000 rw-p 00000000 00:00 0 
7efc54021000-7efc58000000 ---p 00000000 00:00 0 
7efc58000000-7efc580e2000 rw-p 00000000 00:00 0 
7efc580e2000-7efc5c000000 ---p 00000000 00:00 0 
7efc5c000000-7efc5cc0e000 rw-p 00000000 00:00 0 
7efc5cc0e000-7efc60000000 ---p 00000000 00:00 0 
7efc60000000-7efc60021000 rw-p 00000000 00:00 0 
7efc60021000-7efc64000000 ---p 00000000 00:00 0 
7efc64000000-7efc64021000 rw-p 00000000 00:00 0 
7efc64021000-7efc68000000 ---p 00000000 00:00 0 
7efc68000000-7efc68021000 rw-p 00000000 00:00 0 
7efc68021000-7efc6c000000 ---p 00000000 00:00 0 
7efc6c000000-7efc6c021000 rw-p 00000000 00:00 0 
7efc6c021000-7efc70000000 ---p 00000000 00:00 0 
7efc70000000-7efc70021000 rw-p 00000000 00:00 0 
7efc70021000-7efc74000000 ---p 00000000 00:00 0 
7efc74000000-7efc74021000 rw-p 00000000 00:00 0 
7efc74021000-7efc78000000 ---p 00000000 00:00 0 
7efc78000000-7efc781e0000 rw-p 00000000 00:00 0 
7efc781e0000-7efc7c000000 ---p 00000000 00:00 0 
7efc7c100000-7efc7c104000 ---p 00000000 00:00 0 
7efc7c104000-7efc7c200000 rw-p 00000000 00:00 0 
7efc7c300000-7efc7c304000 ---p 00000000 00:00 0 
7efc7c304000-7efc7c400000 rw-p 00000000 00:00 0 
7efc7c500000-7efc7c504000 ---p 00000000 00:00 0 
7efc7c504000-7efc7c600000 rw-p 00000000 00:00 0 
7efc7c600000-7efc7c604000 ---p 00000000 00:00 0 
7efc7c604000-7efc7c700000 rw-p 00000000 00:00 0 
7efc7c700000-7efc7c704000 ---p 00000000 00:00 0 
7efc7c704000-7efc7c800000 rw-p 00000000 00:00 0 
7efc7c800000-7efc7c804000 ---p 00000000 00:00 0 
7efc7c804000-7efc7c900000 rw-p 00000000 00:00 0 
7efc7c900000-7efc7c904000 ---p 00000000 00:00 0 
7efc7c904000-7efc7ca00000 rw-p 00000000 00:00 0 
7efc7ca00000-7efc7eb6a000 r-xp 00000000 00:15a2 707802136                /nix/store/gpxl5qgg8kicmcvivwmybwjlpf7wh20l-graalvm17-ce-22.3.0/lib/libjvmcicompiler.so
7efc7eb6a000-7efc7ed69000 ---p 0216a000 00:15a2 707802136                /nix/store/gpxl5qgg8kicmcvivwmybwjlpf7wh20l-graalvm17-ce-22.3.0/lib/libjvmcicompiler.so
7efc7ed69000-7efc7ed6a000 r--p 02169000 00:15a2 707802136                /nix/store/gpxl5qgg8kicmcvivwmybwjlpf7wh20l-graalvm17-ce-22.3.0/lib/libjvmcicompiler.so
7efc7ed6a000-7efc7ed6c000 rw-p 0216a000 00:15a2 707802136                /nix/store/gpxl5qgg8kicmcvivwmybwjlpf7wh20l-graalvm17-ce-22.3.0/lib/libjvmcicompiler.so
7efc7ed6c000-7efc7ed6d000 rw-p 00000000 00:00 0 
7efc7ed6d000-7efc7ed72000 rw-p 023c3000 00:15a2 707802136                /nix/store/gpxl5qgg8kicmcvivwmybwjlpf7wh20l-graalvm17-ce-22.3.0/lib/libjvmcicompiler.so
7efc7edb1000-7efc7edb5000 ---p 00000000 00:00 0 
7efc7edb5000-7efc7eeb1000 rw-p 00000000 00:00 0 
7efc7eeb1000-7efc7eeb2000 ---p 00000000 00:00 0 
7efc7eeb2000-7efc7efb3000 rw-p 00000000 00:00 0 
7efc7efb3000-7efc7efb7000 ---p 00000000 00:00 0 
7efc7efb7000-7efc7f0b3000 rw-p 00000000 00:00 0 
7efc7f0b3000-7efc7f0b7000 ---p 00000000 00:00 0 
7efc7f0b7000-7efc7f1b3000 rw-p 00000000 00:00 0 
7efc7f1b3000-7efc7f1b7000 ---p 00000000 00:00 0 
7efc7f1b7000-7efc7f2b3000 rw-p 00000000 00:00 0 
7efc7f2b3000-7efc7f2b7000 ---p 00000000 00:00 0 
7efc7f2b7000-7efc7f4b3000 rw-p 00000000 00:00 0 
7efc7f4b3000-7efc7f723000 rwxp 00000000 00:00 0 
7efc7f723000-7efc7fa42000 ---p 00000000 00:00 0 
7efc7fa42000-7efc80cd2000 rwxp 00000000 00:00 0 
7efc80cd2000-7efc86f7a000 ---p 00000000 00:00 0 
7efc86f7a000-7efc8724a000 rwxp 00000000 00:00 0 
7efc8724a000-7efc8e4b3000 ---p 00000000 00:00 0 
7efc8e4b3000-7efc98000000 r--s 00000000 00:15a2 707804677                /nix/store/gpxl5qgg8kicmcvivwmybwjlpf7wh20l-graalvm17-ce-22.3.0/lib/modules
7efc98000000-7efc9860c000 rw-p 00000000 00:00 0 
7efc9860c000-7efc9c000000 ---p 00000000 00:00 0 
7efc9c048000-7efc9c04c000 ---p 00000000 00:00 0 
7efc9c04c000-7efc9c248000 rw-p 00000000 00:00 0 
7efc9c248000-7efc9c24c000 ---p 00000000 00:00 0 
7efc9c24c000-7efc9c348000 rw-p 00000000 00:00 0 
7efc9c348000-7efc9c34c000 ---p 00000000 00:00 0 
7efc9c34c000-7efc9c448000 rw-p 00000000 00:00 0 
7efc9c448000-7efc9c44c000 ---p 00000000 00:00 0 
7efc9c44c000-7efc9c548000 rw-p 00000000 00:00 0 
7efc9c548000-7efc9c82e000 r--p 00000000 00:1462 28444448                 /usr/lib/locale/locale-archive
7efc9c82e000-7efc9c832000 ---p 00000000 00:00 0 
7efc9c832000-7efc9c92e000 rw-p 00000000 00:00 0 
7efc9c92e000-7efc9c932000 ---p 00000000 00:00 0 
7efc9c932000-7efc9ca2e000 rw-p 00000000 00:00 0 
7efc9ca2e000-7efc9ca2f000 ---p 00000000 00:00 0 
7efc9ca2f000-7efc9cb30000 rw-p 00000000 00:00 0 
7efc9cb30000-7efc9cbfe000 r-xp 00000000 00:15a2 707802132                /nix/store/gpxl5qgg8kicmcvivwmybwjlpf7wh20l-graalvm17-ce-22.3.0/lib/libjsvml.so
7efc9cbfe000-7efc9cbff000 r--p 000cd000 00:15a2 707802132                /nix/store/gpxl5qgg8kicmcvivwmybwjlpf7wh20l-graalvm17-ce-22.3.0/lib/libjsvml.so
7efc9cbff000-7efc9cc00000 rw-p 000ce000 00:15a2 707802132                /nix/store/gpxl5qgg8kicmcvivwmybwjlpf7wh20l-graalvm17-ce-22.3.0/lib/libjsvml.so
7efc9cc00000-7efc9cff0000 rw-p 00000000 00:00 0 
7efc9cff0000-7efc9d2f0000 rw-p 00000000 00:00 0 
7efc9d2f0000-7efc9d400000 rw-p 00000000 00:00 0 
7efc9d417000-7efc9d419000 r-xp 00000000 00:15a2 707802113                /nix/store/gpxl5qgg8kicmcvivwmybwjlpf7wh20l-graalvm17-ce-22.3.0/lib/libextnet.so
7efc9d419000-7efc9d41a000 r--p 00001000 00:15a2 707802113                /nix/store/gpxl5qgg8kicmcvivwmybwjlpf7wh20l-graalvm17-ce-22.3.0/lib/libextnet.so
7efc9d41a000-7efc9d41b000 rw-p 00002000 00:15a2 707802113                /nix/store/gpxl5qgg8kicmcvivwmybwjlpf7wh20l-graalvm17-ce-22.3.0/lib/libextnet.so
7efc9d41b000-7efc9d41c000 rw-p 00004000 00:15a2 707802113                /nix/store/gpxl5qgg8kicmcvivwmybwjlpf7wh20l-graalvm17-ce-22.3.0/lib/libextnet.so
7efc9d41c000-7efc9d420000 ---p 00000000 00:00 0 
7efc9d420000-7efc9d43e000 rw-p 00000000 00:00 0 
7efc9d43e000-7efc9d445000 r-xp 00000000 00:15a2 707804676                /nix/store/gpxl5qgg8kicmcvivwmybwjlpf7wh20l-graalvm17-ce-22.3.0/lib/libzip.so
7efc9d445000-7efc9d446000 ---p 00007000 00:15a2 707804676                /nix/store/gpxl5qgg8kicmcvivwmybwjlpf7wh20l-graalvm17-ce-22.3.0/lib/libzip.so
7efc9d446000-7efc9d447000 r--p 00007000 00:15a2 707804676                /nix/store/gpxl5qgg8kicmcvivwmybwjlpf7wh20l-graalvm17-ce-22.3.0/lib/libzip.so
7efc9d447000-7efc9d448000 rw-p 00008000 00:15a2 707804676                /nix/store/gpxl5qgg8kicmcvivwmybwjlpf7wh20l-graalvm17-ce-22.3.0/lib/libzip.so
7efc9d448000-7efc9d44a000 rw-p 0000b000 00:15a2 707804676                /nix/store/gpxl5qgg8kicmcvivwmybwjlpf7wh20l-graalvm17-ce-22.3.0/lib/libzip.so
7efc9d44a000-7efc9d45f000 r-xp 00000000 00:15a2 707804666                /nix/store/gpxl5qgg8kicmcvivwmybwjlpf7wh20l-graalvm17-ce-22.3.0/lib/libnet.so
7efc9d45f000-7efc9d460000 ---p 00015000 00:15a2 707804666                /nix/store/gpxl5qgg8kicmcvivwmybwjlpf7wh20l-graalvm17-ce-22.3.0/lib/libnet.so
7efc9d460000-7efc9d461000 r--p 00015000 00:15a2 707804666                /nix/store/gpxl5qgg8kicmcvivwmybwjlpf7wh20l-graalvm17-ce-22.3.0/lib/libnet.so
7efc9d461000-7efc9d462000 rw-p 00016000 00:15a2 707804666                /nix/store/gpxl5qgg8kicmcvivwmybwjlpf7wh20l-graalvm17-ce-22.3.0/lib/libnet.so
7efc9d462000-7efc9d465000 rw-p 0001b000 00:15a2 707804666                /nix/store/gpxl5qgg8kicmcvivwmybwjlpf7wh20l-graalvm17-ce-22.3.0/lib/libnet.so
7efc9d465000-7efc9d478000 r-xp 00000000 00:15a2 707804667                /nix/store/gpxl5qgg8kicmcvivwmybwjlpf7wh20l-graalvm17-ce-22.3.0/lib/libnio.so
7efc9d478000-7efc9d479000 r--p 00012000 00:15a2 707804667                /nix/store/gpxl5qgg8kicmcvivwmybwjlpf7wh20l-graalvm17-ce-22.3.0/lib/libnio.so
7efc9d479000-7efc9d47a000 rw-p 00013000 00:15a2 707804667                /nix/store/gpxl5qgg8kicmcvivwmybwjlpf7wh20l-graalvm17-ce-22.3.0/lib/libnio.so
7efc9d47a000-7efc9d47f000 rw-p 00019000 00:15a2 707804667                /nix/store/gpxl5qgg8kicmcvivwmybwjlpf7wh20l-graalvm17-ce-22.3.0/lib/libnio.so
7efc9d47f000-7efc9ed57000 rw-p 00000000 00:00 0 
7efc9ed57000-7efc9ed58000 ---p 00000000 00:00 0 
7efc9ed58000-7efc9eef8000 rw-p 00000000 00:00 0 
7efc9eef8000-7efc9ef2d000 rw-p 00000000 00:00 0 
7efc9ef2d000-7efc9ef59000 ---p 00000000 00:00 0 
7efc9ef59000-7efc9ef60000 rw-p 00000000 00:00 0 
7efc9ef60000-7efc9f045000 ---p 00000000 00:00 0 
7efc9f045000-7efc9f06b000 rw-p 00000000 00:00 0 
7efc9f06b000-7efc9f130000 ---p 00000000 00:00 0 
7efc9f130000-7efc9f135000 rw-p 00000000 00:00 0 
7efc9f135000-7efc9f13c000 ---p 00000000 00:00 0 
7efc9f13c000-7efc9f160000 r-xp 00000000 00:15a2 707802124                /nix/store/gpxl5qgg8kicmcvivwmybwjlpf7wh20l-graalvm17-ce-22.3.0/lib/libjava.so
7efc9f160000-7efc9f161000 ---p 00024000 00:15a2 707802124                /nix/store/gpxl5qgg8kicmcvivwmybwjlpf7wh20l-graalvm17-ce-22.3.0/lib/libjava.so
7efc9f161000-7efc9f162000 r--p 00024000 00:15a2 707802124                /nix/store/gpxl5qgg8kicmcvivwmybwjlpf7wh20l-graalvm17-ce-22.3.0/lib/libjava.so
7efc9f162000-7efc9f163000 rw-p 00025000 00:15a2 707802124                /nix/store/gpxl5qgg8kicmcvivwmybwjlpf7wh20l-graalvm17-ce-22.3.0/lib/libjava.so
7efc9f163000-7efc9f164000 rw-p 00000000 00:00 0 
7efc9f164000-7efc9f16b000 rw-p 0002f000 00:15a2 707802124                /nix/store/gpxl5qgg8kicmcvivwmybwjlpf7wh20l-graalvm17-ce-22.3.0/lib/libjava.so
7efc9f16b000-7efc9f173000 rw-s 00000000 00:1443 388                      /tmp/hsperfdata_runner/44
7efc9f173000-7efc9f174000 ---p 00000000 00:00 0 
7efc9f174000-7efc9f175000 r--p 00000000 00:00 0 
7efc9f175000-7efc9f176000 rwxp 00000000 00:00 0 
7efc9f176000-7efc9f191000 r-xp 00000000 00:15a2 707802128                /nix/store/gpxl5qgg8kicmcvivwmybwjlpf7wh20l-graalvm17-ce-22.3.0/lib/libjimage.so
7efc9f191000-7efc9f192000 ---p 0001b000 00:15a2 707802128                /nix/store/gpxl5qgg8kicmcvivwmybwjlpf7wh20l-graalvm17-ce-22.3.0/lib/libjimage.so
7efc9f192000-7efc9f194000 r--p 0001b000 00:15a2 707802128                /nix/store/gpxl5qgg8kicmcvivwmybwjlpf7wh20l-graalvm17-ce-22.3.0/lib/libjimage.so
7efc9f194000-7efc9f195000 rw-p 0001d000 00:15a2 707802128                /nix/store/gpxl5qgg8kicmcvivwmybwjlpf7wh20l-graalvm17-ce-22.3.0/lib/libjimage.so
7efc9f195000-7efc9f196000 rw-p 00024000 00:15a2 707802128                /nix/store/gpxl5qgg8kicmcvivwmybwjlpf7wh20l-graalvm17-ce-22.3.0/lib/libjimage.so
7efc9f196000-7efc9f19a000 ---p 00000000 00:00 0 
7efc9f19a000-7efc9f296000 rw-p 00000000 00:00 0 
7efc9f296000-7efc9f2a4000 r--p 00000000 00:15a2 600592023                /nix/store/4nlgxhb09sdr51nc9hdm8az5b08vzkgx-glibc-2.35-163/lib/libm.so.6
7efc9f2a4000-7efc9f317000 r-xp 0000e000 00:15a2 600592023                /nix/store/4nlgxhb09sdr51nc9hdm8az5b08vzkgx-glibc-2.35-163/lib/libm.so.6
7efc9f317000-7efc9f374000 r--p 00081000 00:15a2 600592023                /nix/store/4nlgxhb09sdr51nc9hdm8az5b08vzkgx-glibc-2.35-163/lib/libm.so.6
7efc9f374000-7efc9f375000 r--p 000dd000 00:15a2 600592023                /nix/store/4nlgxhb09sdr51nc9hdm8az5b08vzkgx-glibc-2.35-163/lib/libm.so.6
7efc9f375000-7efc9f376000 rw-p 000de000 00:15a2 600592023                /nix/store/4nlgxhb09sdr51nc9hdm8az5b08vzkgx-glibc-2.35-163/lib/libm.so.6
7efc9f376000-7efc9f377000 r--p 00000000 00:15a2 600592042                /nix/store/4nlgxhb09sdr51nc9hdm8az5b08vzkgx-glibc-2.35-163/lib/librt.so.1
7efc9f377000-7efc9f378000 r-xp 00001000 00:15a2 600592042                /nix/store/4nlgxhb09sdr51nc9hdm8az5b08vzkgx-glibc-2.35-163/lib/librt.so.1
7efc9f378000-7efc9f379000 r--p 00002000 00:15a2 600592042                /nix/store/4nlgxhb09sdr51nc9hdm8az5b08vzkgx-glibc-2.35-163/lib/librt.so.1
7efc9f379000-7efc9f37a000 r--p 00002000 00:15a2 600592042                /nix/store/4nlgxhb09sdr51nc9hdm8az5b08vzkgx-glibc-2.35-163/lib/librt.so.1
7efc9f37a000-7efc9f37b000 rw-p 00003000 00:15a2 600592042                /nix/store/4nlgxhb09sdr51nc9hdm8az5b08vzkgx-glibc-2.35-163/lib/librt.so.1
7efc9f37b000-7efca048e000 r-xp 00000000 00:15a2 707972962                /nix/store/gpxl5qgg8kicmcvivwmybwjlpf7wh20l-graalvm17-ce-22.3.0/lib/server/libjvm.so
7efca048e000-7efca048f000 ---p 01113000 00:15a2 707972962                /nix/store/gpxl5qgg8kicmcvivwmybwjlpf7wh20l-graalvm17-ce-22.3.0/lib/server/libjvm.so
7efca048f000-7efca0544000 r--p 01113000 00:15a2 707972962                /nix/store/gpxl5qgg8kicmcvivwmybwjlpf7wh20l-graalvm17-ce-22.3.0/lib/server/libjvm.so
7efca0544000-7efca0578000 rw-p 011c8000 00:15a2 707972962                /nix/store/gpxl5qgg8kicmcvivwmybwjlpf7wh20l-graalvm17-ce-22.3.0/lib/server/libjvm.so
7efca0578000-7efca05d4000 rw-p 00000000 00:00 0 
7efca05d4000-7efca05fc000 r--p 00000000 00:15a2 600592014                /nix/store/4nlgxhb09sdr51nc9hdm8az5b08vzkgx-glibc-2.35-163/lib/libc.so.6
7efca05fc000-7efca0772000 r-xp 00028000 00:15a2 600592014                /nix/store/4nlgxhb09sdr51nc9hdm8az5b08vzkgx-glibc-2.35-163/lib/libc.so.6
7efca0772000-7efca07ca000 r--p 0019e000 00:15a2 600592014                /nix/store/4nlgxhb09sdr51nc9hdm8az5b08vzkgx-glibc-2.35-163/lib/libc.so.6
7efca07ca000-7efca07ce000 r--p 001f6000 00:15a2 600592014                /nix/store/4nlgxhb09sdr51nc9hdm8az5b08vzkgx-glibc-2.35-163/lib/libc.so.6
7efca07ce000-7efca07d0000 rw-p 001fa000 00:15a2 600592014                /nix/store/4nlgxhb09sdr51nc9hdm8az5b08vzkgx-glibc-2.35-163/lib/libc.so.6
7efca07d0000-7efca07df000 rw-p 00000000 00:00 0 
7efca07df000-7efca07e0000 r--p 00000000 00:15a2 600592019                /nix/store/4nlgxhb09sdr51nc9hdm8az5b08vzkgx-glibc-2.35-163/lib/libdl.so.2
7efca07e0000-7efca07e1000 r-xp 00001000 00:15a2 600592019                /nix/store/4nlgxhb09sdr51nc9hdm8az5b08vzkgx-glibc-2.35-163/lib/libdl.so.2
7efca07e1000-7efca07e2000 r--p 00002000 00:15a2 600592019                /nix/store/4nlgxhb09sdr51nc9hdm8az5b08vzkgx-glibc-2.35-163/lib/libdl.so.2
7efca07e2000-7efca07e3000 r--p 00002000 00:15a2 600592019                /nix/store/4nlgxhb09sdr51nc9hdm8az5b08vzkgx-glibc-2.35-163/lib/libdl.so.2
7efca07e3000-7efca07e4000 rw-p 00003000 00:15a2 600592019                /nix/store/4nlgxhb09sdr51nc9hdm8az5b08vzkgx-glibc-2.35-163/lib/libdl.so.2
7efca07e4000-7efca07e5000 r--p 00000000 00:15a2 600592038                /nix/store/4nlgxhb09sdr51nc9hdm8az5b08vzkgx-glibc-2.35-163/lib/libpthread.so.0
7efca07e5000-7efca07e6000 r-xp 00001000 00:15a2 600592038                /nix/store/4nlgxhb09sdr51nc9hdm8az5b08vzkgx-glibc-2.35-163/lib/libpthread.so.0
7efca07e6000-7efca07e7000 r--p 00002000 00:15a2 600592038                /nix/store/4nlgxhb09sdr51nc9hdm8az5b08vzkgx-glibc-2.35-163/lib/libpthread.so.0
7efca07e7000-7efca07e8000 r--p 00002000 00:15a2 600592038                /nix/store/4nlgxhb09sdr51nc9hdm8az5b08vzkgx-glibc-2.35-163/lib/libpthread.so.0
7efca07e8000-7efca07e9000 rw-p 00003000 00:15a2 600592038                /nix/store/4nlgxhb09sdr51nc9hdm8az5b08vzkgx-glibc-2.35-163/lib/libpthread.so.0
7efca07e9000-7efca07f7000 r-xp 00000000 00:15a2 707802129                /nix/store/gpxl5qgg8kicmcvivwmybwjlpf7wh20l-graalvm17-ce-22.3.0/lib/libjli.so
7efca07f7000-7efca07f8000 ---p 0000e000 00:15a2 707802129                /nix/store/gpxl5qgg8kicmcvivwmybwjlpf7wh20l-graalvm17-ce-22.3.0/lib/libjli.so
7efca07f8000-7efca07f9000 r--p 0000e000 00:15a2 707802129                /nix/store/gpxl5qgg8kicmcvivwmybwjlpf7wh20l-graalvm17-ce-22.3.0/lib/libjli.so
7efca07f9000-7efca07fa000 rw-p 0000f000 00:15a2 707802129                /nix/store/gpxl5qgg8kicmcvivwmybwjlpf7wh20l-graalvm17-ce-22.3.0/lib/libjli.so
7efca07fa000-7efca07fb000 rw-p 00012000 00:15a2 707802129                /nix/store/gpxl5qgg8kicmcvivwmybwjlpf7wh20l-graalvm17-ce-22.3.0/lib/libjli.so
7efca07fb000-7efca07fe000 r--p 00000000 00:15a2 678822167                /nix/store/026hln0aq1hyshaxsdvhg0kmcm6yf45r-zlib-1.2.13/lib/libz.so.1.2.13
7efca07fe000-7efca0810000 r-xp 00003000 00:15a2 678822167                /nix/store/026hln0aq1hyshaxsdvhg0kmcm6yf45r-zlib-1.2.13/lib/libz.so.1.2.13
7efca0810000-7efca0817000 r--p 00015000 00:15a2 678822167                /nix/store/026hln0aq1hyshaxsdvhg0kmcm6yf45r-zlib-1.2.13/lib/libz.so.1.2.13
7efca0817000-7efca0818000 r--p 0001b000 00:15a2 678822167                /nix/store/026hln0aq1hyshaxsdvhg0kmcm6yf45r-zlib-1.2.13/lib/libz.so.1.2.13
7efca0818000-7efca0819000 rw-p 0001c000 00:15a2 678822167                /nix/store/026hln0aq1hyshaxsdvhg0kmcm6yf45r-zlib-1.2.13/lib/libz.so.1.2.13
7efca0819000-7efca081b000 rw-p 00000000 00:00 0 
7efca081b000-7efca081d000 r--p 00000000 00:15a2 600592008                /nix/store/4nlgxhb09sdr51nc9hdm8az5b08vzkgx-glibc-2.35-163/lib/ld-linux-x86-64.so.2
7efca081d000-7efca0844000 r-xp 00002000 00:15a2 600592008                /nix/store/4nlgxhb09sdr51nc9hdm8az5b08vzkgx-glibc-2.35-163/lib/ld-linux-x86-64.so.2
7efca0844000-7efca0850000 r--p 00029000 00:15a2 600592008                /nix/store/4nlgxhb09sdr51nc9hdm8az5b08vzkgx-glibc-2.35-163/lib/ld-linux-x86-64.so.2
7efca0850000-7efca0852000 r--p 00034000 00:15a2 600592008                /nix/store/4nlgxhb09sdr51nc9hdm8az5b08vzkgx-glibc-2.35-163/lib/ld-linux-x86-64.so.2
7efca0852000-7efca0854000 rw-p 00036000 00:15a2 600592008                /nix/store/4nlgxhb09sdr51nc9hdm8az5b08vzkgx-glibc-2.35-163/lib/ld-linux-x86-64.so.2
7ffe65d6e000-7ffe65d92000 rw-p 00000000 00:00 0                          [stack]
7ffe65dbd000-7ffe65dc1000 r--p 00000000 00:00 0                          [vvar]
7ffe65dc1000-7ffe65dc3000 r-xp 00000000 00:00 0                          [vdso]
ffffffffff600000-ffffffffff601000 --xp 00000000 00:00 0                  [vsyscall]


VM Arguments:
jvm_args: -XX:ThreadPriorityPolicy=1 -XX:+UnlockExperimentalVMOptions -XX:+EnableJVMCIProduct -XX:JVMCIThreadsPerNativeLibraryRuntime=1 -XX:-UnlockExperimentalVMOptions -Declipse.application=org.eclipse.jdt.ls.core.id1 -Dosgi.bundles.defaultStartLevel=4 -Declipse.product=org.eclipse.jdt.ls.core.product -Dlog.level=ALL -Xverify:none -XX:+UseParallelGC -XX:GCTimeRatio=4 -XX:AdaptiveSizePolicyWeight=90 -Dsun.zip.disableMemoryMapping=true -Xmx512m -Xms100m 
java_command: /nix/store/a7s9klvriqi68xz3qjc0qyfl5h86xc16-jdt-language-server-1.9.0/share/java/plugins/org.eclipse.equinox.launcher_1.6.400.v20210924-0641.jar --add-modules=ALL-SYSTEM --add-opens java.base/java.util=ALL-UNNAMED --add-opens java.base/java.lang=ALL-UNNAMED -configuration /home/runner/.cache/jdt-language-server/config -data /home/runner/.cache/jdt-language-server/data/home/runner/ActualSettings
java_class_path (initial): /nix/store/a7s9klvriqi68xz3qjc0qyfl5h86xc16-jdt-language-server-1.9.0/share/java/plugins/org.eclipse.equinox.launcher_1.6.400.v20210924-0641.jar
Launcher Type: SUN_STANDARD

[Global flags]
    uintx AdaptiveSizePolicyWeight                 = 90                                        {product} {command line}
     intx CICompilerCount                          = 2                                         {product} {ergonomic}
     bool EnableJVMCIProduct                       = true                                {JVMCI product} {jimage}
    uintx GCTimeRatio                              = 4                                         {product} {command line}
   size_t InitialHeapSize                          = 104857600                                 {product} {command line}
     uint JVMCIThreadsPerNativeLibraryRuntime      = 1                                   {JVMCI product} {jimage}
   size_t MaxHeapSize                              = 536870912                                 {product} {command line}
   size_t MaxNewSize                               = 178782208                                 {product} {ergonomic}
   size_t MinHeapDeltaBytes                        = 524288                                    {product} {ergonomic}
   size_t MinHeapSize                              = 104857600                                 {product} {command line}
   size_t NewSize                                  = 34603008                                  {product} {ergonomic}
    uintx NonNMethodCodeHeapSize                   = 5826188                                {pd product} {ergonomic}
    uintx NonProfiledCodeHeapSize                  = 122916026                              {pd product} {ergonomic}
   size_t OldSize                                  = 70254592                                  {product} {ergonomic}
    uintx ProfiledCodeHeapSize                     = 122916026                              {pd product} {ergonomic}
    uintx ReservedCodeCacheSize                    = 251658240                              {pd product} {ergonomic}
     bool SegmentedCodeCache                       = true                                      {product} {ergonomic}
   size_t SoftMaxHeapSize                          = 536870912                              {manageable} {ergonomic}
     intx ThreadPriorityPolicy                     = 1                                         {product} {jimage}
     bool UseCompressedClassPointers               = true                           {product lp64_product} {ergonomic}
     bool UseCompressedOops                        = true                           {product lp64_product} {ergonomic}
     bool UseParallelGC                            = true                                      {product} {command line}

Logging:
Log output configuration:
 #0: stdout all=warning uptime,level,tags
 #1: stderr all=off uptime,level,tags

Environment Variables:
JAVA_HOME=/nix/store/gpxl5qgg8kicmcvivwmybwjlpf7wh20l-graalvm17-ce-22.3.0
PATH=/nix/store/1d6ian3r8kdzspw8hacjhl3xkp40g1lj-binutils-wrapper-2.39/bin:/nix/store/dq0xwmsk1g0i2ayg6pb7y87na2knzylh-gcc-wrapper-11.3.0/bin:/nix/store/bap4d0lpcrhpwmpb8ayjcgkmvfj62lnq-bash-interactive-5.1-p16/bin:/nix/store/pr5n59mb4jzmfx6kanwxly0l07p861fg-patchelf-0.15.0/bin:/nix/store/1gf2flfqnpqbr1b4p4qz2f72y42bs56r-gcc-11.3.0/bin:/nix/store/57xv61c5zi8pphjbcwxxjlgc34p61ic9-glibc-2.35-163-bin/bin:/nix/store/a7gvj343m05j2s32xcnwr35v31ynlypr-coreutils-9.1/bin:/nix/store/039g378vc3pc3dvi9dzdlrd0i4q93qwf-binutils-2.39/bin:/nix/store/gpxl5qgg8kicmcvivwmybwjlpf7wh20l-graalvm17-ce-22.3.0/bin:/nix/store/6z9ag3ihc8mq2hzsw48lhbznvzny65nz-apache-maven-3.8.6/bin:/nix/store/a7s9klvriqi68xz3qjc0qyfl5h86xc16-jdt-language-server-1.9.0/bin:/nix/store/48ifl2w60a3zp7yskbpnvn8jp9jdsb7k-java-debug/bin:/nix/store/mydc6f4k2z73xlcz7ilif3v2lcaiqvza-findutils-4.9.0/bin:/nix/store/j9p3g8472iijd50vhdprx0nmk2fqn5gv-diffutils-3.8/bin:/nix/store/89zs7rms6x00xfq4dq6m7mjnhkr8a6r4-gnused-4.8/bin:/nix/store/86bp03jkmsl6f92w0yzg4s59g5mhxwmy-gnugrep-3.7/bin:/nix/store/hwcdqw4jrjnd37wxqgsd47hd0j8bnj09-gawk-5.1.1/bin:/nix/store/cfbhw8r8ags41vwqaz47r583d0p4h4a1-gnutar-1.34/bin:/nix/store/p3m1ndl1lapwrlh698bnb5lvvxh67378-gzip-1.12/bin:/nix/store/a8mhcagrsly7c7mpjrpsnaahk4aax056-bzip2-1.0.8-bin/bin:/nix/store/mblgz65m3zv9x548a3d5m96fj2pbwr09-gnumake-4.3/bin:/nix/store/dsd5gz46hdbdk2rfdimqddhq6m8m8fqs-bash-5.1-p16/bin:/nix/store/v7ljksji50mg3w61dykaa3n3y79n6nil-patch-2.7.6/bin:/nix/store/zlcnmqq14jz5x9439jf937mvayyl63da-xz-5.2.7-bin/bin:/nix/store/y6aj732zm9m87c82fpvf103a1xb22blp-file-5.43/bin:/nix/store/16mpk6bszlqfy0yirsw8mcmkig6qb9xk-nix-2.18.0pre20230808_c0e6466/bin:/nix/store/i4kzir3m7mrisxmf5xvlnkw01x4qaqr4-prybar-elisp-0.0.0-e0d9a52/bin:/nix/store/lwwivxf6h7x3cvxp9zv8sj0mv7dak99r-prybar-lua-0.0.0-e0d9a52/bin:/nix/store/gxj28g1cg4hq3qanmjv07156h800qr58-prybar-python3-0.0.0-e0d9a52/bin:/nix/store/hshkjnxrgidigf8x75vg6lqng2xlx9i3-prybar-sqlite-0.0.0-e0d9a52/bin:/nix/store/c4w01bpjgyy5ixmwdk8m1pw87zq4sl
LD_LIBRARY_PATH=/nix/store/a4pff549sk2idnkpzk5nsfps3mdkdnvm-cups-2.4.2-lib/lib:/nix/store/72mqxxhh3cy5yifh92wh2yb8cl2hikyy-cairo-1.16.0/lib:/nix/store/2k366jrbsra97gjfxwvrhvixjfxdach5-glib-2.74.1/lib:/nix/store/2j2znigd8ak37rlwh9khz0ry3clqlw1l-gtk+3-3.24.34/lib:/nix/store/hisqvx32cd57apbpcsnkpx6k3549wql1-libglvnd-1.4.0/lib:/nix/store/p36pgcv991mq5srvg765b78yqpxvk3qs-mesa-21.3.3-drivers/lib:/nix/store/mav4251if1ahjq5vkpwycyyvnmy459c4-pulseaudio-14.2/lib
DISPLAY=:0
LANG=en_US.UTF-8

Signal Handlers:
   SIGSEGV: crash_handler in libjvm.so, mask=11100100010111111101111111111110, flags=SA_RESTART|SA_SIGINFO
    SIGBUS: crash_handler in libjvm.so, mask=11100100010111111101111111111110, flags=SA_RESTART|SA_SIGINFO
    SIGFPE: crash_handler in libjvm.so, mask=11100100010111111101111111111110, flags=SA_RESTART|SA_SIGINFO
   SIGPIPE: IsolateEnterStub_IgnoreSIGPIPEStartupHook_noopSignalHandler_8f19bff2f35b5f630d83b364d6b2339320d4ec70_216e8361c6bc87a8f89f58cc10d3b2fd4415bf87 in libjvmcicompiler.so, mask=00000000000000000000000000000000, flags=SA_RESTART
  *** Handler was modified!
  *** Expected: javaSignalHandler in libjvm.so, mask=11100100110111111111111111111110, flags=SA_RESTART|SA_SIGINFO
   SIGXFSZ: javaSignalHandler in libjvm.so, mask=11100100010111111101111111111110, flags=SA_RESTART|SA_SIGINFO
    SIGILL: crash_handler in libjvm.so, mask=11100100010111111101111111111110, flags=SA_RESTART|SA_SIGINFO
   SIGUSR2: SR_handler in libjvm.so, mask=00000000000000000000000000000000, flags=SA_RESTART|SA_SIGINFO
    SIGHUP: UserHandler in libjvm.so, mask=11100100010111111101111111111110, flags=SA_RESTART|SA_SIGINFO
    SIGINT: UserHandler in libjvm.so, mask=11100100010111111101111111111110, flags=SA_RESTART|SA_SIGINFO
   SIGTERM: UserHandler in libjvm.so, mask=11100100010111111101111111111110, flags=SA_RESTART|SA_SIGINFO
   SIGQUIT: UserHandler in libjvm.so, mask=11100100010111111101111111111110, flags=SA_RESTART|SA_SIGINFO
  *** Handler was modified!
  *** Expected: javaSignalHandler in libjvm.so, mask=11100100110111111111111111111110, flags=SA_RESTART|SA_SIGINFO
   SIGTRAP: crash_handler in libjvm.so, mask=11100100010111111101111111111110, flags=SA_RESTART|SA_SIGINFO


---------------  S Y S T E M  ---------------

OS:
DISTRIB_ID=Ubuntu
DISTRIB_RELEASE=20.04
DISTRIB_CODENAME=focal
DISTRIB_DESCRIPTION="Ubuntu 20.04.2 LTS"
uname: Linux 6.2.0-1016-gcp #18~22.04.1-Ubuntu SMP Fri Sep 29 04:56:44 UTC 2023 x86_64
OS uptime: 0 days 12:42 hours
libc: glibc 2.35 NPTL 2.35 
rlimit (soft/hard): STACK 8192k/infinity , CORE infinity/infinity , NPROC infinity/infinity , NOFILE 5242/5242 , AS infinity/infinity , CPU infinity/infinity , DATA infinity/infinity , FSIZE infinity/infinity , MEMLOCK 8192k/8192k
load average: 27.30 21.49 22.13

/proc/meminfo:
MemTotal:       65835932 kB
MemFree:        30722484 kB
MemAvailable:   39564908 kB
Buffers:          958204 kB
Cached:          7459520 kB
SwapCached:            0 kB
Active:          4812352 kB
Inactive:       27661568 kB
Active(anon):      15560 kB
Inactive(anon): 23843548 kB
Active(file):    4796792 kB
Inactive(file):  3818020 kB
Unevictable:       28760 kB
Mlocked:           28760 kB
SwapTotal:             0 kB
SwapFree:              0 kB
Zswap:                 0 kB
Zswapped:              0 kB
Dirty:              4784 kB
Writeback:           692 kB
AnonPages:      22950816 kB
Mapped:          1350344 kB
Shmem:             29276 kB
KReclaimable:    1265776 kB
Slab:            1843128 kB
SReclaimable:    1265776 kB
SUnreclaim:       577352 kB
KernelStack:      161020 kB
PageTables:       277960 kB
SecPageTables:         0 kB
NFS_Unstable:          0 kB
Bounce:                0 kB
WritebackTmp:          0 kB
CommitLimit:    32917964 kB
Committed_AS:   62380340 kB
VmallocTotal:   34359738367 kB
VmallocUsed:      191776 kB
VmallocChunk:          0 kB
Percpu:            32768 kB
HardwareCorrupted:     0 kB
AnonHugePages:   4413440 kB
ShmemHugePages:        0 kB
ShmemPmdMapped:        0 kB
FileHugePages:         0 kB
FilePmdMapped:         0 kB
HugePages_Total:       0
HugePages_Free:        0
HugePages_Rsvd:        0
HugePages_Surp:        0
Hugepagesize:       2048 kB
Hugetlb:               0 kB
DirectMap4k:      828216 kB
DirectMap2M:    58937344 kB
DirectMap1G:     9437184 kB

/sys/kernel/mm/transparent_hugepage/enabled: always [madvise] never
/sys/kernel/mm/transparent_hugepage/defrag (defrag/compaction efforts parameter): always defer defer+madvise [madvise] never

Process Memory:
Virtual Size: 4789336K (peak: 4875068K)
Resident Set Size: 778628K (peak: 830672K) (anon: 598336K, file: 180292K, shmem: 0K)
Swapped out: 0K
C-Heap outstanding allocations: 44289K, retained: 18310K
glibc malloc tunables: (default)

/proc/sys/kernel/threads-max (system-wide limit on the number of threads): 514277
/proc/sys/vm/max_map_count (maximum number of memory map areas a process may have): 65530
/proc/sys/kernel/pid_max (system-wide limit on number of process identifiers): 4194304

container (cgroup) information:
container_type: cgroupv2
cpu_cpuset_cpus: not supported
cpu_memory_nodes: not supported
active_processor_count: 1
cpu_quota: 50000
cpu_period: 100000
cpu_shares: no shares
memory_limit_in_bytes: 1048576 k
memory_and_swap_limit_in_bytes: unlimited
memory_soft_limit_in_bytes: 524288 k
memory_usage_in_bytes: 706944 k
memory_max_usage_in_bytes: not supported
maximum number of tasks: not supported
current number of tasks: not supported

KVM virtualization detected
Steal ticks since vm start: 2831
Steal ticks percentage since vm start:  0.002

CPU: total 8 (initial active 1) (4 cores per cpu, 2 threads per core) family 6 model 79 stepping 0 microcode 0xffffffff, cx8, cmov, fxsr, ht, mmx, 3dnowpref, sse, sse2, sse3, ssse3, sse4.1, sse4.2, popcnt, lzcnt, tsc, tscinvbit, avx, avx2, aes, erms, clmul, bmi1, bmi2, rtm, adx, fma, vzeroupper, clflush, hv
CPU Model and flags from /proc/cpuinfo:
model name	: Intel(R) Xeon(R) CPU @ 2.20GHz
flags		: fpu vme de pse tsc msr pae mce cx8 apic sep mtrr pge mca cmov pat pse36 clflush mmx fxsr sse sse2 ss ht syscall nx pdpe1gb rdtscp lm constant_tsc rep_good nopl xtopology nonstop_tsc cpuid tsc_known_freq pni pclmulqdq ssse3 fma cx16 pcid sse4_1 sse4_2 x2apic movbe popcnt aes xsave avx f16c rdrand hypervisor lahf_lm abm 3dnowprefetch invpcid_single pti ssbd ibrs ibpb stibp fsgsbase tsc_adjust bmi1 hle avx2 smep bmi2 erms invpcid rtm rdseed adx smap xsaveopt arat md_clear arch_capabilities

Online cpus: 0-7
Offline cpus: 
BIOS frequency limitation: <Not Available>
Frequency switch latency (ns): <Not Available>
Available cpu frequencies: <Not Available>
Current governor: <Not Available>
Core performance/turbo boost: <Not Available>

Memory: 4k page, physical 1048576k(341624k free), swap 0k(0k free)
Page Sizes: 4k

vm_info: OpenJDK 64-Bit Server VM (17.0.5+8-jvmci-22.3-b08) for linux-amd64 JRE (17.0.5+8-jvmci-22.3-b08), built on Oct 19 2022 09:01:27 by "buildslave" with gcc 10.3.0

END.
