#
# A fatal error has been detected by the Java Runtime Environment:
#
#  Internal Error (jvmciRuntime.cpp:1609), pid=497, tid=511
#  fatal error: Fatal exception in JVMCI: Error calling jdk.vm.ci.services.Services.serializeSavedProperties
#
# JRE version: OpenJDK Runtime Environment GraalVM CE 22.3.0 (17.0.5+8) (build 17.0.5+8-jvmci-22.3-b08)
# Java VM: OpenJDK 64-Bit Server VM GraalVM CE 22.3.0 (17.0.5+8-jvmci-22.3-b08, mixed mode, sharing, tiered, jvmci, jvmci compiler, compressed oops, compressed class ptrs, parallel gc, linux-amd64)
# Problematic frame:
# V  [libjvm.so+0x972714]  JVMCIRuntime::fatal_exception(JVMCIEnv*, char const*)+0x74
#
# Core dump will be written. Default location: Core dumps may be processed with "/usr/share/apport/apport -p%p -s%s -c%c -d%d -P%P -u%u -g%g -- %E" (or dumping to /home/runner/TimerAddedTut/core.497)
#
# If you would like to submit a bug report, please visit:
#   https://github.com/oracle/graal/issues
#

---------------  S U M M A R Y ------------

Command Line: -XX:ThreadPriorityPolicy=1 -XX:+UnlockExperimentalVMOptions -XX:+EnableJVMCIProduct -XX:JVMCIThreadsPerNativeLibraryRuntime=1 -XX:-UnlockExperimentalVMOptions -Declipse.application=org.eclipse.jdt.ls.core.id1 -Dosgi.bundles.defaultStartLevel=4 -Declipse.product=org.eclipse.jdt.ls.core.product -Dlog.level=ALL -Xverify:none -XX:+UseParallelGC -XX:GCTimeRatio=4 -XX:AdaptiveSizePolicyWeight=90 -Dsun.zip.disableMemoryMapping=true -Xmx512m -Xms100m /nix/store/m6gcpi1ii6rghy04cjwjddcavv7i90df-jdt-language-server-1.9.0/share/java/plugins/org.eclipse.equinox.launcher_1.6.400.v20210924-0641.jar --add-modules=ALL-SYSTEM --add-opens java.base/java.util=ALL-UNNAMED --add-opens java.base/java.lang=ALL-UNNAMED -configuration /home/runner/.cache/jdt-language-server/config -data /home/runner/.cache/jdt-language-server/data/home/runner/TimerAddedTut

Host: AMD EPYC 7B12, 4 cores, 1G, Ubuntu 20.04.2 LTS
Time: Sat May 20 22:45:28 2023 UTC elapsed time: 3007.338067 seconds (0d 0h 50m 7s)

---------------  T H R E A D  ---------------

Current thread (0x00007f39340b21e0):  JavaThread "JVMCI-native CompilerThread0" daemon [_thread_in_vm, id=511, stack(0x00007f3918518000,0x00007f3918718000)]


Current CompileTask:
JVMCI-native:3007338 12836 %     4       org.eclipse.jdt.core.compiler.CharOperation::replace @ 33 (225 bytes)

Stack: [0x00007f3918518000,0x00007f3918718000],  sp=0x00007f3918716380,  free space=2040k
Native frames: (J=compiled Java code, j=interpreted, Vv=VM code, C=native code)
V  [libjvm.so+0x972714]  JVMCIRuntime::fatal_exception(JVMCIEnv*, char const*)+0x74
V  [libjvm.so+0x93e2fe]  JVMCIEnv::copy_saved_properties()+0x14e
V  [libjvm.so+0x9732a9]  JVMCIRuntime::initialize(JVMCIEnv*)+0xb19
V  [libjvm.so+0x9738a2]  JVMCIRuntime::get_HotSpotJVMCIRuntime(JVMCIEnv*)+0x12
V  [libjvm.so+0x9749f2]  JVMCIRuntime::compile_method(JVMCIEnv*, JVMCICompiler*, methodHandle const&, int)+0xd2
V  [libjvm.so+0x5b0d20]  CompileBroker::invoke_compiler_on_method(CompileTask*)+0x1470
V  [libjvm.so+0x5b12e8]  CompileBroker::compiler_thread_loop()+0x528
V  [libjvm.so+0xd82460]  JavaThread::thread_main_inner()+0xd0
V  [libjvm.so+0xd85a40]  Thread::call_run()+0xc0
V  [libjvm.so+0xbdb1e1]  thread_native_entry(Thread*)+0xe1

Register to memory mapping:

RAX=0x00007f39381c5000 points into unknown readable memory: 0x0000000000000058 | 58 00 00 00 00 00 00 00
RBX=0x00007f39392c0398: <offset 0x0000000000ef5398> in /nix/store/gpxl5qgg8kicmcvivwmybwjlpf7wh20l-graalvm17-ce-22.3.0/lib/server/libjvm.so at 0x00007f39383cb000
RCX=0x00007f39392781e8: <offset 0x0000000000ead1e8> in /nix/store/gpxl5qgg8kicmcvivwmybwjlpf7wh20l-graalvm17-ce-22.3.0/lib/server/libjvm.so at 0x00007f39383cb000
RDX=0x0000000000000649 is an unknown value
RSP=0x00007f3918716380 is pointing into the stack for thread: 0x00007f39340b21e0
RBP=0x00007f39187163a0 is pointing into the stack for thread: 0x00007f39340b21e0
RSI=0x00007f39392c0c48: <offset 0x0000000000ef5c48> in /nix/store/gpxl5qgg8kicmcvivwmybwjlpf7wh20l-graalvm17-ce-22.3.0/lib/server/libjvm.so at 0x00007f39383cb000
RDI=0x00000000e0000000 is an oop: java.lang.String 
{0x00000000e0000000} - klass: 'java/lang/String'
 - string: "resolution"
R8 =0x00007f39392c0398: <offset 0x0000000000ef5398> in /nix/store/gpxl5qgg8kicmcvivwmybwjlpf7wh20l-graalvm17-ce-22.3.0/lib/server/libjvm.so at 0x00007f39383cb000
R9 =0x00007f3918716330 is pointing into the stack for thread: 0x00007f39340b21e0
R10=0x00007f3918717948 is pointing into the stack for thread: 0x00007f39340b21e0
R11=0x0000000000000293 is an unknown value
R12=0x0 is NULL
R13=0x00007f39340b21e0 is a thread
R14=0x00007f3934000b80 points into unknown readable memory: 0x00007f39394f1a38 | 38 1a 4f 39 39 7f 00 00
R15=0x00007f39395ffe40: <offset 0x0000000001234e40> in /nix/store/gpxl5qgg8kicmcvivwmybwjlpf7wh20l-graalvm17-ce-22.3.0/lib/server/libjvm.so at 0x00007f39383cb000


Registers:
RAX=0x00007f39381c5000, RBX=0x00007f39392c0398, RCX=0x00007f39392781e8, RDX=0x0000000000000649
RSP=0x00007f3918716380, RBP=0x00007f39187163a0, RSI=0x00007f39392c0c48, RDI=0x00000000e0000000
R8 =0x00007f39392c0398, R9 =0x00007f3918716330, R10=0x00007f3918717948, R11=0x0000000000000293
R12=0x0000000000000000, R13=0x00007f39340b21e0, R14=0x00007f3934000b80, R15=0x00007f39395ffe40
RIP=0x00007f3938d3d714, EFLAGS=0x0000000000010206, CSGSFS=0x002b000000000033, ERR=0x0000000000000006
  TRAPNO=0x000000000000000e

Top of Stack: (sp=0x00007f3918716380)
0x00007f3918716380:   00007f3918716940 00007f39340b21e0
0x00007f3918716390:   00007f3919fbf8c8 0000000800c413b0
0x00007f39187163a0:   00007f3918716500 00007f3938d092fe
0x00007f39187163b0:   00007f39187163e0 00007f3918716440 

Instructions: (pc=0x00007f3938d3d714)
0x00007f3938d3d614:   30 e8 f6 cf e8 ff 4c 89 e7 e8 2e 48 d1 ff 84 db
0x00007f3938d3d624:   75 2a 4d 85 ed 74 04 4d 8b 6d 00 48 83 c4 08 44
0x00007f3938d3d634:   89 f9 4c 89 f2 4c 89 ee 5b 4c 89 e7 41 5c 41 5d
0x00007f3938d3d644:   41 5e 41 5f 5d e9 e2 47 d1 ff 66 90 48 83 c4 08
0x00007f3938d3d654:   5b 41 5c 41 5d 41 5e 41 5f 5d c3 90 31 d2 be 08
0x00007f3938d3d664:   00 00 00 4c 89 ff e8 b1 78 a3 ff 49 89 c5 e9 37
0x00007f3938d3d674:   ff ff ff 66 0f 1f 84 00 00 00 00 00 48 8b 7a 08
0x00007f3938d3d684:   e9 6d ff ff ff 0f 1f 80 00 00 00 00 e8 5b 48 0a
0x00007f3938d3d694:   00 84 c0 75 89 e9 6a ff ff ff 66 90 55 48 89 e5
0x00007f3938d3d6a4:   41 56 41 55 41 54 49 89 fc 53 48 89 f3 66 48 8d
0x00007f3938d3d6b4:   3d 27 5e 85 00 66 66 48 e8 df 43 8d ff 4c 8b 28
0x00007f3938d3d6c4:   8b 05 be 72 8a 00 85 c0 75 14 ba 01 00 00 00 48
0x00007f3938d3d6d4:   8d 0d ae 72 8a 00 f0 0f b1 11 85 c0 74 4e be c8
0x00007f3938d3d6e4:   00 00 00 4c 89 ef e8 01 0b 41 00 48 8d 05 12 ac
0x00007f3938d3d6f4:   85 00 49 89 d8 48 8d 0d e8 aa 53 00 ba 49 06 00
0x00007f3938d3d704:   00 48 8d 35 3c 35 58 00 bf 00 00 00 e0 48 8b 00
0x00007f3938d3d714:   c6 00 58 31 c0 e8 e2 91 c6 ff 5b 41 5c 41 5d 41
0x00007f3938d3d724:   5e 5d e9 55 34 26 00 0f 1f 44 00 00 48 8d 05 81
0x00007f3938d3d734:   a3 8b 00 48 89 df 4c 8b 30 e8 9e 43 8d ff 48 89
0x00007f3938d3d744:   de 48 89 c2 49 8b 06 4c 89 f7 ff 50 08 4c 89 f7
0x00007f3938d3d754:   e8 a7 5c 27 00 4d 85 e4 74 12 be 01 00 00 00 4c
0x00007f3938d3d764:   89 e7 e8 35 43 fc ff eb 82 0f 1f 00 be 01 00 00
0x00007f3938d3d774:   00 4c 89 ef e8 d3 fd ff ff e9 6d ff ff ff 66 66
0x00007f3938d3d784:   2e 0f 1f 84 00 00 00 00 00 0f 1f 00 55 48 89 e5
0x00007f3938d3d794:   41 57 41 56 41 55 41 54 53 48 81 ec 08 02 00 00
0x00007f3938d3d7a4:   64 48 8b 04 25 28 00 00 00 48 89 45 c8 8b 07 83
0x00007f3938d3d7b4:   f8 02 0f 84 11 04 00 00 4c 8b 6f 18 49 89 ff 49
0x00007f3938d3d7c4:   89 f4 4d 85 ed 74 14 4c 89 ef e8 5d 57 22 00 41
0x00007f3938d3d7d4:   8b 07 83 f8 02 0f 84 19 04 00 00 48 8d 1d 9a 06
0x00007f3938d3d7e4:   8a 00 4c 8d 35 0b 3c 58 00 eb 38 90 48 85 d2 7f
0x00007f3938d3d7f4:   0d 48 8d 05 b4 c0 85 00 48 83 38 00 7e 0e 41 8b
0x00007f3938d3d804:   77 2c 4c 89 f7 31 c0 e8 a0 b2 f7 ff 49 8b 7f 18 


Stack slot to memory mapping:
stack at sp + 0 slots: 0x00007f3918716940 is pointing into the stack for thread: 0x00007f39340b21e0
stack at sp + 1 slots: 0x00007f39340b21e0 is a thread
stack at sp + 2 slots: 0x00007f3919fbf8c8 points into unknown readable memory: 0x6573001880c9ffff | ff ff c9 80 18 00 73 65
stack at sp + 3 slots: 0x0000000800c413b0 is a pointer to class: 
jdk.vm.ci.services.Services {0x0000000800c413b0}
 - instance size:     2
 - klass size:        65
 - access:            public final synchronized 
 - state:             fully_initialized
 - name:              'jdk/vm/ci/services/Services'
 - super:             'java/lang/Object'
 - sub:               
 - arrays:            NULL
 - methods:           Array<T>(0x00007f391903f978)
 - method ordering:   Array<T>(0x0000000800928960)
 - default_methods:   Array<T>(0x0000000000000000)
 - local interfaces:  Array<T>(0x00000008005ce810)
 - trans. interfaces: Array<T>(0x00000008005ce810)
 - constants:         constant pool [427] {0x00007f391903e668} for 'jdk/vm/ci/services/Services' cache=0x00007f3919040d98
 - class loader data:  loader data: 0x00007f39340283f0 of 'bootstrap'
 - source file:       'Services.java'
 - class annotations:       Array<T>(0x0000000000000000)
 - class type annotations:  Array<T>(0x0000000000000000)
 - field annotations:       Array<T>(0x0000000000000000)
 - field type annotations:  Array<T>(0x0000000000000000)
 - inner classes:     Array<T>(0x00007f3919040d68)
 - nest members:     Array<T>(0x00007f3919040d88)
 - permitted subclasses:     Array<T>(0x00000008005ce7a0)
 - java mirror:       a 'java/lang/Class'{0x00000000e01482f8} = 'jdk/vm/ci/services/Services'
 - vtable length      5  (start addr: 0x0000000800c41580)
 - itable length      2 (start addr: 0x0000000800c415a8)
 - ---- static fields (3 words):
 - public static final 'IS_BUILDING_NATIVE_IMAGE' 'Z' @128 
 - public static final 'IS_IN_NATIVE_IMAGE' 'Z' @129 
 - private static volatile 'savedProperties' 'Ljava/util/Map;' @112 
 - static final 'JVMCI_ENABLED' 'Z' @130 
 - private static final 'servicesCache' 'Ljava/util/Map;' @116 
 - private static final 'MAX_UNICODE_IN_UTF8_LENGTH' 'I' @120 
 - private static final 'MAX_UTF8_PROPERTY_STRING_LENGTH' 'I' @124 
 - ---- non-static fields (0 words):
 - non-static oop maps: 
stack at sp + 4 slots: 0x00007f3918716500 is pointing into the stack for thread: 0x00007f39340b21e0
stack at sp + 5 slots: 0x00007f3938d092fe: <offset 0x000000000093e2fe> in /nix/store/gpxl5qgg8kicmcvivwmybwjlpf7wh20l-graalvm17-ce-22.3.0/lib/server/libjvm.so at 0x00007f39383cb000
stack at sp + 6 slots: 0x00007f39187163e0 is pointing into the stack for thread: 0x00007f39340b21e0
stack at sp + 7 slots: 0x00007f3918716440 is pointing into the stack for thread: 0x00007f39340b21e0


---------------  P R O C E S S  ---------------

Threads class SMR info:
_java_thread_list=0x00007f3908005ff0, length=34, elements={
0x00007f3934026690, 0x00007f39340a64d0, 0x00007f39340a7910, 0x00007f39340ae050,
0x00007f39340af400, 0x00007f39340b07f0, 0x00007f39340b21e0, 0x00007f39340b36f0,
0x00007f39340b4b40, 0x00007f39340d7ab0, 0x00007f393411fb40, 0x00007f393435b7d0,
0x00007f393438ee70, 0x00007f3934390e90, 0x00007f3934376380, 0x00007f38c801a6e0,
0x00007f38c82d71b0, 0x00007f38b00010d0, 0x00007f38c84b70d0, 0x00007f38c8625610,
0x00007f39344e2270, 0x000055eae7213a00, 0x00007f3934462c10, 0x00007f38c8883dd0,
0x00007f38cc17ca20, 0x00007f38cc17f830, 0x00007f38cc17e770, 0x00007f38cc180a80,
0x00007f38cc181ad0, 0x00007f38cc182b30, 0x00007f38cc12c330, 0x00007f38cc1bf690,
0x00007f38c0001940, 0x00007f38c004f900
}

Java Threads: ( => current thread )
  0x00007f3934026690 JavaThread "main" [_thread_blocked, id=503, stack(0x00007f39381e6000,0x00007f39382e6000)]
  0x00007f39340a64d0 JavaThread "Reference Handler" daemon [_thread_blocked, id=506, stack(0x00007f3918dfe000,0x00007f3918efe000)]
  0x00007f39340a7910 JavaThread "Finalizer" daemon [_thread_blocked, id=507, stack(0x00007f3918cfe000,0x00007f3918dfe000)]
  0x00007f39340ae050 JavaThread "Signal Dispatcher" daemon [_thread_blocked, id=508, stack(0x00007f3918918000,0x00007f3918a18000)]
  0x00007f39340af400 JavaThread "Service Thread" daemon [_thread_blocked, id=509, stack(0x00007f3918818000,0x00007f3918918000)]
  0x00007f39340b07f0 JavaThread "Monitor Deflation Thread" daemon [_thread_blocked, id=510, stack(0x00007f3918718000,0x00007f3918818000)]
=>0x00007f39340b21e0 JavaThread "JVMCI-native CompilerThread0" daemon [_thread_in_vm, id=511, stack(0x00007f3918518000,0x00007f3918718000)]
  0x00007f39340b36f0 JavaThread "C1 CompilerThread0" daemon [_thread_blocked, id=512, stack(0x00007f3918318000,0x00007f3918518000)]
  0x00007f39340b4b40 JavaThread "Sweeper thread" daemon [_thread_blocked, id=513, stack(0x00007f3918218000,0x00007f3918318000)]
  0x00007f39340d7ab0 JavaThread "Common-Cleaner" daemon [_thread_blocked, id=514, stack(0x00007f3918118000,0x00007f3918218000)]
  0x00007f393411fb40 JavaThread "Notification Thread" daemon [_thread_blocked, id=515, stack(0x00007f3918018000,0x00007f3918118000)]
  0x00007f393435b7d0 JavaThread "Active Thread: Equinox Container: fb3c15af-fd03-4161-b21b-bad5a8b23f52" [_thread_blocked, id=530, stack(0x00007f38ebdfe000,0x00007f38ebefe000)]
  0x00007f393438ee70 JavaThread "Framework Event Dispatcher: Equinox Container: fb3c15af-fd03-4161-b21b-bad5a8b23f52" daemon [_thread_blocked, id=531, stack(0x00007f38e8700000,0x00007f38e8800000)]
  0x00007f3934390e90 JavaThread "Start Level: Equinox Container: fb3c15af-fd03-4161-b21b-bad5a8b23f52" daemon [_thread_blocked, id=532, stack(0x00007f38e8500000,0x00007f38e8600000)]
  0x00007f3934376380 JavaThread "Refresh Thread: Equinox Container: fb3c15af-fd03-4161-b21b-bad5a8b23f52" daemon [_thread_blocked, id=533, stack(0x00007f38e8300000,0x00007f38e8400000)]
  0x00007f38c801a6e0 JavaThread "SCR Component Actor" daemon [_thread_blocked, id=542, stack(0x00007f38e8100000,0x00007f38e8200000)]
  0x00007f38c82d71b0 JavaThread "Worker-JM" [_thread_blocked, id=548, stack(0x00007f38dfd00000,0x00007f38dfe00000)]
  0x00007f38b00010d0 JavaThread "Worker-1: Java indexing... " [_thread_blocked, id=554, stack(0x00007f38df900000,0x00007f38dfa00000)]
  0x00007f38c84b70d0 JavaThread "Java indexing" daemon [_thread_blocked, id=555, stack(0x00007f38df700000,0x00007f38df800000)]
  0x00007f38c8625610 JavaThread "Bundle File Closer" daemon [_thread_blocked, id=556, stack(0x00007f38df500000,0x00007f38df600000)]
  0x00007f39344e2270 JavaThread "pool-3-thread-1" [_thread_blocked, id=565, stack(0x00007f38df300000,0x00007f38df400000)]
  0x000055eae7213a00 JavaThread "Worker-2: Compacting resource model" [_thread_blocked, id=566, stack(0x00007f38df100000,0x00007f38df200000)]
  0x00007f3934462c10 JavaThread "pool-2-thread-1" [_thread_blocked, id=567, stack(0x00007f38def00000,0x00007f38df000000)]
  0x00007f38c8883dd0 JavaThread "Worker-4: Publish Diagnostics" [_thread_blocked, id=569, stack(0x00007f38deb00000,0x00007f38dec00000)]
  0x00007f38cc17ca20 JavaThread "Thread-4" [_thread_blocked, id=724, stack(0x00007f38dfa00000,0x00007f38dfb00000)]
  0x00007f38cc17f830 JavaThread "Thread-7" [_thread_blocked, id=793, stack(0x00007f38df600000,0x00007f38df700000)]
  0x00007f38cc17e770 JavaThread "Thread-8" [_thread_blocked, id=808, stack(0x00007f38df800000,0x00007f38df900000)]
  0x00007f38cc180a80 JavaThread "Thread-9" [_thread_blocked, id=841, stack(0x00007f38df400000,0x00007f38df500000)]
  0x00007f38cc181ad0 JavaThread "Thread-10" [_thread_blocked, id=850, stack(0x00007f38df200000,0x00007f38df300000)]
  0x00007f38cc182b30 JavaThread "Thread-11" [_thread_blocked, id=859, stack(0x00007f38e8000000,0x00007f38e8100000)]
  0x00007f38cc12c330 JavaThread "Thread-13" [_thread_blocked, id=919, stack(0x00007f38dfc00000,0x00007f38dfd00000)]
  0x00007f38cc1bf690 JavaThread "Thread-16" [_thread_blocked, id=1478, stack(0x00007f38df000000,0x00007f38df100000)]
  0x00007f38c0001940 JavaThread "Worker-5" [_thread_blocked, id=1809, stack(0x00007f38dee00000,0x00007f38def00000)]
  0x00007f38c004f900 JavaThread "Worker-6" [_thread_blocked, id=5180, stack(0x00007f38dfb00000,0x00007f38dfc00000)]

Other Threads:
  0x00007f39340a1c10 VMThread "VM Thread" [stack: 0x00007f3918f00000,0x00007f3919000000] [id=505] _threads_hazard_ptr=0x00007f3908005ff0
  0x00007f39341214e0 WatcherThread [stack: 0x00007f38ebf00000,0x00007f38ec000000] [id=516]
  0x00007f393403df30 GCTaskThread "GC Thread#0" [stack: 0x00007f391b1c7000,0x00007f391b2c7000] [id=504]

Threads with active compile tasks:
JVMCI-native CompilerThread0  3007357 12836 %     4       org.eclipse.jdt.core.compiler.CharOperation::replace @ 33 (225 bytes)

VM state: synchronizing (normal execution)

VM Mutex/Monitor currently owned by a thread:  ([mutex/lock_event])
[0x00007f3934023840] Threads_lock - owner thread: 0x00007f39340a1c10
[0x00007f3934023ff0] Heap_lock - owner thread: 0x00007f38cc180a80

OutOfMemory and StackOverflow Exception counts:
OutOfMemoryError java_heap_errors=8
LinkageErrors=65

Heap address: 0x00000000e0000000, size: 512 MB, Compressed Oops mode: 32-bit

CDS archive(s) mapped at: [0x0000000800000000-0x0000000800bc8000-0x0000000800bc8000), size 12353536, SharedBaseAddress: 0x0000000800000000, ArchiveRelocationMode: 0.
Compressed class space mapped at: 0x0000000800c00000-0x0000000840c00000, reserved size: 1073741824
Narrow klass base: 0x0000000800000000, Narrow klass shift: 0, Narrow klass range: 0x100000000

GC Precious Log:
 CPUs: 4 total, 1 available
 Memory: 1024M
 Large Page Support: Disabled
 NUMA Support: Disabled
 Compressed Oops: Enabled (32-bit)
 Alignments: Space 512K, Generation 512K, Heap 2M
 Heap Min Capacity: 100M
 Heap Initial Capacity: 100M
 Heap Max Capacity: 512M
 Pre-touch: Disabled
 Parallel Workers: 1

Heap:
 PSYoungGen      total 64512K, used 48127K [0x00000000f5580000, 0x00000000fb000000, 0x0000000100000000)
  eden space 48128K, 99% used [0x00000000f5580000,0x00000000f847fff8,0x00000000f8480000)
  from space 16384K, 0% used [0x00000000f8480000,0x00000000f8480000,0x00000000f9480000)
  to   space 18944K, 0% used [0x00000000f9d80000,0x00000000f9d80000,0x00000000fb000000)
 ParOldGen       total 349696K, used 349696K [0x00000000e0000000, 0x00000000f5580000, 0x00000000f5580000)
  object space 349696K, 100% used [0x00000000e0000000,0x00000000f5580000,0x00000000f5580000)
 Metaspace       used 65563K, committed 66496K, reserved 1114112K
  class space    used 6062K, committed 6528K, reserved 1048576K

Card table byte_map: [0x00007f391b2c7000,0x00007f391b3c8000] _byte_map_base: 0x00007f391abc7000

Marking Bits: (ParMarkBitMap*) 0x00007f39395f94c0
 Begin Bits: [0x00007f391a11a000, 0x00007f391a91a000)
 End Bits:   [0x00007f391a91a000, 0x00007f391b11a000)

Polling page: 0x00007f39381c3000

Metaspace:

Usage:
  Non-class:     58.11 MB used.
      Class:      5.92 MB used.
       Both:     64.03 MB used.

Virtual space:
  Non-class space:       64.00 MB reserved,      58.56 MB ( 92%) committed,  8 nodes.
      Class space:        1.00 GB reserved,       6.38 MB ( <1%) committed,  1 nodes.
             Both:        1.06 GB reserved,      64.94 MB (  6%) committed. 

Chunk freelists:
   Non-Class:  1.15 MB
       Class:  1.68 MB
        Both:  2.83 MB

MaxMetaspaceSize: unlimited
CompressedClassSpaceSize: 1.00 GB
Initial GC threshold: 21.00 MB
Current GC threshold: 108.06 MB
CDS: on
MetaspaceReclaimPolicy: balanced
 - commit_granule_bytes: 65536.
 - commit_granule_words: 8192.
 - virtual_space_node_default_size: 1048576.
 - enlarge_chunks_in_place: 1.
 - new_chunks_are_fully_committed: 0.
 - uncommit_free_chunks: 1.
 - use_allocation_guard: 0.
 - handle_deallocations: 1.


Internal statistics:

num_allocs_failed_limit: 6.
num_arena_births: 532.
num_arena_deaths: 166.
num_vsnodes_births: 9.
num_vsnodes_deaths: 0.
num_space_committed: 1035.
num_space_uncommitted: 0.
num_chunks_returned_to_freelist: 239.
num_chunks_taken_from_freelist: 3101.
num_chunk_merges: 85.
num_chunk_splits: 2013.
num_chunks_enlarged: 1295.
num_purges: 8.
num_inconsistent_stats: 0.

CodeHeap 'non-profiled nmethods': size=120036Kb used=3164Kb max_used=3164Kb free=116871Kb
 bounds [0x00007f3922f7a000, 0x00007f392329a000, 0x00007f392a4b3000]
CodeHeap 'profiled nmethods': size=120032Kb used=22121Kb max_used=23436Kb free=97910Kb
 bounds [0x00007f391ba42000, 0x00007f391d132000, 0x00007f3922f7a000]
CodeHeap 'non-nmethods': size=5692Kb used=1422Kb max_used=1424Kb free=4269Kb
 bounds [0x00007f391b4b3000, 0x00007f391b723000, 0x00007f391ba42000]
 total_blobs=10299 nmethods=9530 adapters=637
 compilation: enabled
              stopped_count=0, restarted_count=0
 full_count=0

JVMCI Events (20 events):
Event: 2715.828 Thread 0x00007f39340b21e0 detached from JVMCI runtime 0
Event: 2773.652 Thread 0x00007f39340b21e0 attached to JVMCI runtime 0
Event: 2773.717 Thread 0x00007f39340b21e0 created JavaVM[9]@0x00007f38de59e340 for JVMCI runtime 0
Event: 2775.259 Thread 0x00007f39340b21e0 initializing JVMCI runtime 0
Event: 2775.259 Thread 0x00007f39340b21e0 done waiting for JavaVM references initialization in JVMCI runtime 0
Event: 2783.553 Thread 0x00007f39340b21e0 initialized JVMCI runtime 0
Event: 2815.732 Thread 0x00007f39340b21e0 compacted oop handles in JVMCI runtime 0 from 46 to 45
Event: 2826.230 Thread 0x00007f39340b21e0 compacted oop handles in JVMCI runtime 0 from 90 to 75
Event: 2854.337 Thread 0x00007f39340b21e0 compacted oop handles in JVMCI runtime 0 from 101 to 72
Event: 2914.734 Thread 0x00007f39340b21e0 detaching from JVMCI runtime 0: releasing idle compiler thread (0 other threads still attached)
Event: 2914.734 Thread 0x00007f39340b21e0 shutting down HotSpotJVMCIRuntime for JVMCI runtime 0
Event: 2914.734 Thread 0x00007f39340b21e0 shut down JVMCI runtime 0
Event: 2915.821 Thread 0x00007f39340b21e0 destroyed JavaVM[9]@0x00007f38de59e340 for JVMCI runtime 0
Event: 2915.821 Thread 0x00007f39340b21e0 compacted oop handles in JVMCI runtime 0 from 101 to 101
Event: 2915.821 Thread 0x00007f39340b21e0 releasing handles for JVMCI runtime 0: oop handles=101, metadata handles={total=224, live=209, blocks=37}
Event: 2915.821 Thread 0x00007f39340b21e0 detached from JVMCI runtime 0
Event: 2928.353 Thread 0x00007f39340b21e0 attached to JVMCI runtime 0
Event: 2928.354 Thread 0x00007f39340b21e0 created JavaVM[10]@0x00007f38de59e340 for JVMCI runtime 0
Event: 2929.326 Thread 0x00007f39340b21e0 initializing JVMCI runtime 0
Event: 2929.326 Thread 0x00007f39340b21e0 done waiting for JavaVM references initialization in JVMCI runtime 0

Compilation events (20 events):
Event: 2858.961 Thread 0x00007f39340b36f0 12831       3       org.eclipse.jdt.internal.corext.dom.GenericVisitor::endVisit (6 bytes)
Event: 2858.961 Thread 0x00007f39340b36f0 nmethod 12831 0x00007f391ce12490 code [0x00007f391ce12640, 0x00007f391ce12970]
Event: 2858.961 Thread 0x00007f39340b36f0 12830       1       org.eclipse.jdt.core.manipulation.ImportReferencesCollector::visit (2 bytes)
Event: 2858.961 Thread 0x00007f39340b36f0 nmethod 12830 0x00007f392328e990 code [0x00007f392328eb20, 0x00007f392328ebf0]
Event: 2861.237 Thread 0x00007f39340b21e0 nmethod 12826 0x00007f392328ec90 code [0x00007f392328ee20, 0x00007f392328f478]
Event: 2861.237 Thread 0x00007f39340b21e0 12828  s    4       java.lang.StringBuffer::append (13 bytes)
Event: 2875.346 Thread 0x00007f39340b21e0 nmethod 12828 0x00007f392328f690 code [0x00007f392328f840, 0x00007f392328fe50]
Event: 2875.346 Thread 0x00007f39340b21e0 12827       4       org.eclipse.core.runtime.SubMonitor::isCanceled (20 bytes)
Event: 2895.126 Thread 0x00007f39340b36f0 12833       1       org.eclipse.jdt.ls.core.internal.LanguageServer::getParentProcessId (5 bytes)
Event: 2896.023 Thread 0x00007f39340b36f0 nmethod 12833 0x00007f3923290090 code [0x00007f3923290220, 0x00007f39232902f0]
Event: 2911.756 Thread 0x00007f39340b21e0 nmethod 12827 0x00007f3923290390 code [0x00007f39232905c0, 0x00007f3923290b68]
Event: 2911.756 Thread 0x00007f39340b21e0 12834       4       org.eclipse.jdt.core.manipulation.ImportReferencesCollector::isAffected (49 bytes)
Event: 2912.664 Thread 0x00007f39340b21e0 nmethod 12834 0x00007f3923290f90 code [0x00007f3923291100, 0x00007f3923291180]
Event: 2926.437 Thread 0x00007f39340b36f0 12835       3       java.util.concurrent.locks.ReentrantLock$NonfairSync::tryAcquire (27 bytes)
Event: 2928.353 Thread 0x00007f39340b36f0 nmethod 12835 0x00007f391c852110 code [0x00007f391c8522c0, 0x00007f391c852520]
Event: 2928.353 Thread 0x00007f39340b21e0 12836 %     4       org.eclipse.jdt.core.compiler.CharOperation::replace @ 33 (225 bytes)
Event: 2947.648 Thread 0x00007f39340b36f0 12837       3       org.eclipse.jdt.core.manipulation.ImportReferencesCollector::visit (50 bytes)
Event: 2953.128 Thread 0x00007f39340b36f0 nmethod 12837 0x00007f391c42be10 code [0x00007f391c42c200, 0x00007f391c430cb0]
Event: 2953.128 Thread 0x00007f39340b36f0 12838       3       org.eclipse.jdt.core.manipulation.ImportReferencesCollector::doVisitNode (10 bytes)
Event: 2953.128 Thread 0x00007f39340b36f0 nmethod 12838 0x00007f391cae5e10 code [0x00007f391cae5fe0, 0x00007f391cae6a80]

GC Heap History (20 events):
Event: 2997.745 GC heap before
{Heap before GC invocations=2611 (full 2449):
 PSYoungGen      total 64512K, used 48128K [0x00000000f5580000, 0x00000000fb000000, 0x0000000100000000)
  eden space 48128K, 100% used [0x00000000f5580000,0x00000000f8480000,0x00000000f8480000)
  from space 16384K, 0% used [0x00000000f8480000,0x00000000f8480000,0x00000000f9480000)
  to   space 18944K, 0% used [0x00000000f9d80000,0x00000000f9d80000,0x00000000fb000000)
 ParOldGen       total 349696K, used 349696K [0x00000000e0000000, 0x00000000f5580000, 0x00000000f5580000)
  object space 349696K, 100% used [0x00000000e0000000,0x00000000f5580000,0x00000000f5580000)
 Metaspace       used 65563K, committed 66496K, reserved 1114112K
  class space    used 6062K, committed 6528K, reserved 1048576K
}
Event: 2998.854 GC heap after
{Heap after GC invocations=2611 (full 2449):
 PSYoungGen      total 67072K, used 48127K [0x00000000f5580000, 0x00000000fb000000, 0x0000000100000000)
  eden space 48128K, 99% used [0x00000000f5580000,0x00000000f847ffb0,0x00000000f8480000)
  from space 18944K, 0% used [0x00000000f9d80000,0x00000000f9d80000,0x00000000fb000000)
  to   space 16384K, 0% used [0x00000000f8480000,0x00000000f8480000,0x00000000f9480000)
 ParOldGen       total 349696K, used 349696K [0x00000000e0000000, 0x00000000f5580000, 0x00000000f5580000)
  object space 349696K, 100% used [0x00000000e0000000,0x00000000f5580000,0x00000000f5580000)
 Metaspace       used 65563K, committed 66496K, reserved 1114112K
  class space    used 6062K, committed 6528K, reserved 1048576K
}
Event: 2998.854 GC heap before
{Heap before GC invocations=2612 (full 2450):
 PSYoungGen      total 67072K, used 48127K [0x00000000f5580000, 0x00000000fb000000, 0x0000000100000000)
  eden space 48128K, 99% used [0x00000000f5580000,0x00000000f847ffb0,0x00000000f8480000)
  from space 18944K, 0% used [0x00000000f9d80000,0x00000000f9d80000,0x00000000fb000000)
  to   space 16384K, 0% used [0x00000000f8480000,0x00000000f8480000,0x00000000f9480000)
 ParOldGen       total 349696K, used 349696K [0x00000000e0000000, 0x00000000f5580000, 0x00000000f5580000)
  object space 349696K, 100% used [0x00000000e0000000,0x00000000f5580000,0x00000000f5580000)
 Metaspace       used 65563K, committed 66496K, reserved 1114112K
  class space    used 6062K, committed 6528K, reserved 1048576K
}
Event: 2999.829 GC heap after
{Heap after GC invocations=2612 (full 2450):
 PSYoungGen      total 64512K, used 48127K [0x00000000f5580000, 0x00000000fb000000, 0x0000000100000000)
  eden space 48128K, 99% used [0x00000000f5580000,0x00000000f847ffb0,0x00000000f8480000)
  from space 16384K, 0% used [0x00000000f8480000,0x00000000f8480000,0x00000000f9480000)
  to   space 18944K, 0% used [0x00000000f9d80000,0x00000000f9d80000,0x00000000fb000000)
 ParOldGen       total 349696K, used 349696K [0x00000000e0000000, 0x00000000f5580000, 0x00000000f5580000)
  object space 349696K, 100% used [0x00000000e0000000,0x00000000f5580000,0x00000000f5580000)
 Metaspace       used 65563K, committed 66496K, reserved 1114112K
  class space    used 6062K, committed 6528K, reserved 1048576K
}
Event: 2999.829 GC heap before
{Heap before GC invocations=2613 (full 2451):
 PSYoungGen      total 64512K, used 48128K [0x00000000f5580000, 0x00000000fb000000, 0x0000000100000000)
  eden space 48128K, 100% used [0x00000000f5580000,0x00000000f8480000,0x00000000f8480000)
  from space 16384K, 0% used [0x00000000f8480000,0x00000000f8480000,0x00000000f9480000)
  to   space 18944K, 0% used [0x00000000f9d80000,0x00000000f9d80000,0x00000000fb000000)
 ParOldGen       total 349696K, used 349696K [0x00000000e0000000, 0x00000000f5580000, 0x00000000f5580000)
  object space 349696K, 100% used [0x00000000e0000000,0x00000000f5580000,0x00000000f5580000)
 Metaspace       used 65563K, committed 66496K, reserved 1114112K
  class space    used 6062K, committed 6528K, reserved 1048576K
}
Event: 3000.745 GC heap after
{Heap after GC invocations=2613 (full 2451):
 PSYoungGen      total 67072K, used 48127K [0x00000000f5580000, 0x00000000fb000000, 0x0000000100000000)
  eden space 48128K, 99% used [0x00000000f5580000,0x00000000f847ffe0,0x00000000f8480000)
  from space 18944K, 0% used [0x00000000f9d80000,0x00000000f9d80000,0x00000000fb000000)
  to   space 16384K, 0% used [0x00000000f8480000,0x00000000f8480000,0x00000000f9480000)
 ParOldGen       total 349696K, used 349696K [0x00000000e0000000, 0x00000000f5580000, 0x00000000f5580000)
  object space 349696K, 100% used [0x00000000e0000000,0x00000000f5580000,0x00000000f5580000)
 Metaspace       used 65563K, committed 66496K, reserved 1114112K
  class space    used 6062K, committed 6528K, reserved 1048576K
}
Event: 3000.745 GC heap before
{Heap before GC invocations=2614 (full 2452):
 PSYoungGen      total 67072K, used 48127K [0x00000000f5580000, 0x00000000fb000000, 0x0000000100000000)
  eden space 48128K, 99% used [0x00000000f5580000,0x00000000f847ffe0,0x00000000f8480000)
  from space 18944K, 0% used [0x00000000f9d80000,0x00000000f9d80000,0x00000000fb000000)
  to   space 16384K, 0% used [0x00000000f8480000,0x00000000f8480000,0x00000000f9480000)
 ParOldGen       total 349696K, used 349696K [0x00000000e0000000, 0x00000000f5580000, 0x00000000f5580000)
  object space 349696K, 100% used [0x00000000e0000000,0x00000000f5580000,0x00000000f5580000)
 Metaspace       used 65563K, committed 66496K, reserved 1114112K
  class space    used 6062K, committed 6528K, reserved 1048576K
}
Event: 3001.625 GC heap after
{Heap after GC invocations=2614 (full 2452):
 PSYoungGen      total 64512K, used 48127K [0x00000000f5580000, 0x00000000fb000000, 0x0000000100000000)
  eden space 48128K, 99% used [0x00000000f5580000,0x00000000f847ffe0,0x00000000f8480000)
  from space 16384K, 0% used [0x00000000f8480000,0x00000000f8480000,0x00000000f9480000)
  to   space 18944K, 0% used [0x00000000f9d80000,0x00000000f9d80000,0x00000000fb000000)
 ParOldGen       total 349696K, used 349696K [0x00000000e0000000, 0x00000000f5580000, 0x00000000f5580000)
  object space 349696K, 100% used [0x00000000e0000000,0x00000000f5580000,0x00000000f5580000)
 Metaspace       used 65563K, committed 66496K, reserved 1114112K
  class space    used 6062K, committed 6528K, reserved 1048576K
}
Event: 3001.625 GC heap before
{Heap before GC invocations=2615 (full 2453):
 PSYoungGen      total 64512K, used 48128K [0x00000000f5580000, 0x00000000fb000000, 0x0000000100000000)
  eden space 48128K, 100% used [0x00000000f5580000,0x00000000f8480000,0x00000000f8480000)
  from space 16384K, 0% used [0x00000000f8480000,0x00000000f8480000,0x00000000f9480000)
  to   space 18944K, 0% used [0x00000000f9d80000,0x00000000f9d80000,0x00000000fb000000)
 ParOldGen       total 349696K, used 349696K [0x00000000e0000000, 0x00000000f5580000, 0x00000000f5580000)
  object space 349696K, 100% used [0x00000000e0000000,0x00000000f5580000,0x00000000f5580000)
 Metaspace       used 65563K, committed 66496K, reserved 1114112K
  class space    used 6062K, committed 6528K, reserved 1048576K
}
Event: 3002.527 GC heap after
{Heap after GC invocations=2615 (full 2453):
 PSYoungGen      total 67072K, used 48127K [0x00000000f5580000, 0x00000000fb000000, 0x0000000100000000)
  eden space 48128K, 99% used [0x00000000f5580000,0x00000000f847ffe0,0x00000000f8480000)
  from space 18944K, 0% used [0x00000000f9d80000,0x00000000f9d80000,0x00000000fb000000)
  to   space 16384K, 0% used [0x00000000f8480000,0x00000000f8480000,0x00000000f9480000)
 ParOldGen       total 349696K, used 349696K [0x00000000e0000000, 0x00000000f5580000, 0x00000000f5580000)
  object space 349696K, 100% used [0x00000000e0000000,0x00000000f5580000,0x00000000f5580000)
 Metaspace       used 65563K, committed 66496K, reserved 1114112K
  class space    used 6062K, committed 6528K, reserved 1048576K
}
Event: 3002.527 GC heap before
{Heap before GC invocations=2616 (full 2454):
 PSYoungGen      total 67072K, used 48128K [0x00000000f5580000, 0x00000000fb000000, 0x0000000100000000)
  eden space 48128K, 100% used [0x00000000f5580000,0x00000000f8480000,0x00000000f8480000)
  from space 18944K, 0% used [0x00000000f9d80000,0x00000000f9d80000,0x00000000fb000000)
  to   space 16384K, 0% used [0x00000000f8480000,0x00000000f8480000,0x00000000f9480000)
 ParOldGen       total 349696K, used 349696K [0x00000000e0000000, 0x00000000f5580000, 0x00000000f5580000)
  object space 349696K, 100% used [0x00000000e0000000,0x00000000f5580000,0x00000000f5580000)
 Metaspace       used 65563K, committed 66496K, reserved 1114112K
  class space    used 6062K, committed 6528K, reserved 1048576K
}
Event: 3003.439 GC heap after
{Heap after GC invocations=2616 (full 2454):
 PSYoungGen      total 64512K, used 48127K [0x00000000f5580000, 0x00000000fb000000, 0x0000000100000000)
  eden space 48128K, 99% used [0x00000000f5580000,0x00000000f847ffc0,0x00000000f8480000)
  from space 16384K, 0% used [0x00000000f8480000,0x00000000f8480000,0x00000000f9480000)
  to   space 18944K, 0% used [0x00000000f9d80000,0x00000000f9d80000,0x00000000fb000000)
 ParOldGen       total 349696K, used 349696K [0x00000000e0000000, 0x00000000f5580000, 0x00000000f5580000)
  object space 349696K, 100% used [0x00000000e0000000,0x00000000f5580000,0x00000000f5580000)
 Metaspace       used 65563K, committed 66496K, reserved 1114112K
  class space    used 6062K, committed 6528K, reserved 1048576K
}
Event: 3003.439 GC heap before
{Heap before GC invocations=2617 (full 2455):
 PSYoungGen      total 64512K, used 48128K [0x00000000f5580000, 0x00000000fb000000, 0x0000000100000000)
  eden space 48128K, 100% used [0x00000000f5580000,0x00000000f8480000,0x00000000f8480000)
  from space 16384K, 0% used [0x00000000f8480000,0x00000000f8480000,0x00000000f9480000)
  to   space 18944K, 0% used [0x00000000f9d80000,0x00000000f9d80000,0x00000000fb000000)
 ParOldGen       total 349696K, used 349696K [0x00000000e0000000, 0x00000000f5580000, 0x00000000f5580000)
  object space 349696K, 100% used [0x00000000e0000000,0x00000000f5580000,0x00000000f5580000)
 Metaspace       used 65563K, committed 66496K, reserved 1114112K
  class space    used 6062K, committed 6528K, reserved 1048576K
}
Event: 3004.335 GC heap after
{Heap after GC invocations=2617 (full 2455):
 PSYoungGen      total 67072K, used 48127K [0x00000000f5580000, 0x00000000fb000000, 0x0000000100000000)
  eden space 48128K, 99% used [0x00000000f5580000,0x00000000f847ffe0,0x00000000f8480000)
  from space 18944K, 0% used [0x00000000f9d80000,0x00000000f9d80000,0x00000000fb000000)
  to   space 16384K, 0% used [0x00000000f8480000,0x00000000f8480000,0x00000000f9480000)
 ParOldGen       total 349696K, used 349696K [0x00000000e0000000, 0x00000000f5580000, 0x00000000f5580000)
  object space 349696K, 100% used [0x00000000e0000000,0x00000000f5580000,0x00000000f5580000)
 Metaspace       used 65563K, committed 66496K, reserved 1114112K
  class space    used 6062K, committed 6528K, reserved 1048576K
}
Event: 3004.335 GC heap before
{Heap before GC invocations=2618 (full 2456):
 PSYoungGen      total 67072K, used 48127K [0x00000000f5580000, 0x00000000fb000000, 0x0000000100000000)
  eden space 48128K, 99% used [0x00000000f5580000,0x00000000f847fff0,0x00000000f8480000)
  from space 18944K, 0% used [0x00000000f9d80000,0x00000000f9d80000,0x00000000fb000000)
  to   space 16384K, 0% used [0x00000000f8480000,0x00000000f8480000,0x00000000f9480000)
 ParOldGen       total 349696K, used 349696K [0x00000000e0000000, 0x00000000f5580000, 0x00000000f5580000)
  object space 349696K, 100% used [0x00000000e0000000,0x00000000f5580000,0x00000000f5580000)
 Metaspace       used 65563K, committed 66496K, reserved 1114112K
  class space    used 6062K, committed 6528K, reserved 1048576K
}
Event: 3005.251 GC heap after
{Heap after GC invocations=2618 (full 2456):
 PSYoungGen      total 64512K, used 48127K [0x00000000f5580000, 0x00000000fb000000, 0x0000000100000000)
  eden space 48128K, 99% used [0x00000000f5580000,0x00000000f847ffe0,0x00000000f8480000)
  from space 16384K, 0% used [0x00000000f8480000,0x00000000f8480000,0x00000000f9480000)
  to   space 18944K, 0% used [0x00000000f9d80000,0x00000000f9d80000,0x00000000fb000000)
 ParOldGen       total 349696K, used 349696K [0x00000000e0000000, 0x00000000f5580000, 0x00000000f5580000)
  object space 349696K, 100% used [0x00000000e0000000,0x00000000f5580000,0x00000000f5580000)
 Metaspace       used 65563K, committed 66496K, reserved 1114112K
  class space    used 6062K, committed 6528K, reserved 1048576K
}
Event: 3005.251 GC heap before
{Heap before GC invocations=2619 (full 2457):
 PSYoungGen      total 64512K, used 48127K [0x00000000f5580000, 0x00000000fb000000, 0x0000000100000000)
  eden space 48128K, 99% used [0x00000000f5580000,0x00000000f847fff8,0x00000000f8480000)
  from space 16384K, 0% used [0x00000000f8480000,0x00000000f8480000,0x00000000f9480000)
  to   space 18944K, 0% used [0x00000000f9d80000,0x00000000f9d80000,0x00000000fb000000)
 ParOldGen       total 349696K, used 349696K [0x00000000e0000000, 0x00000000f5580000, 0x00000000f5580000)
  object space 349696K, 100% used [0x00000000e0000000,0x00000000f5580000,0x00000000f5580000)
 Metaspace       used 65563K, committed 66496K, reserved 1114112K
  class space    used 6062K, committed 6528K, reserved 1048576K
}
Event: 3006.236 GC heap after
{Heap after GC invocations=2619 (full 2457):
 PSYoungGen      total 67072K, used 48127K [0x00000000f5580000, 0x00000000fb000000, 0x0000000100000000)
  eden space 48128K, 99% used [0x00000000f5580000,0x00000000f847fff8,0x00000000f8480000)
  from space 18944K, 0% used [0x00000000f9d80000,0x00000000f9d80000,0x00000000fb000000)
  to   space 16384K, 0% used [0x00000000f8480000,0x00000000f8480000,0x00000000f9480000)
 ParOldGen       total 349696K, used 349696K [0x00000000e0000000, 0x00000000f5580000, 0x00000000f5580000)
  object space 349696K, 100% used [0x00000000e0000000,0x00000000f5580000,0x00000000f5580000)
 Metaspace       used 65563K, committed 66496K, reserved 1114112K
  class space    used 6062K, committed 6528K, reserved 1048576K
}
Event: 3006.237 GC heap before
{Heap before GC invocations=2620 (full 2458):
 PSYoungGen      total 67072K, used 48127K [0x00000000f5580000, 0x00000000fb000000, 0x0000000100000000)
  eden space 48128K, 99% used [0x00000000f5580000,0x00000000f847fff8,0x00000000f8480000)
  from space 18944K, 0% used [0x00000000f9d80000,0x00000000f9d80000,0x00000000fb000000)
  to   space 16384K, 0% used [0x00000000f8480000,0x00000000f8480000,0x00000000f9480000)
 ParOldGen       total 349696K, used 349696K [0x00000000e0000000, 0x00000000f5580000, 0x00000000f5580000)
  object space 349696K, 100% used [0x00000000e0000000,0x00000000f5580000,0x00000000f5580000)
 Metaspace       used 65563K, committed 66496K, reserved 1114112K
  class space    used 6062K, committed 6528K, reserved 1048576K
}
Event: 3007.322 GC heap after
{Heap after GC invocations=2620 (full 2458):
 PSYoungGen      total 64512K, used 48127K [0x00000000f5580000, 0x00000000fb000000, 0x0000000100000000)
  eden space 48128K, 99% used [0x00000000f5580000,0x00000000f847fff8,0x00000000f8480000)
  from space 16384K, 0% used [0x00000000f8480000,0x00000000f8480000,0x00000000f9480000)
  to   space 18944K, 0% used [0x00000000f9d80000,0x00000000f9d80000,0x00000000fb000000)
 ParOldGen       total 349696K, used 349696K [0x00000000e0000000, 0x00000000f5580000, 0x00000000f5580000)
  object space 349696K, 100% used [0x00000000e0000000,0x00000000f5580000,0x00000000f5580000)
 Metaspace       used 65563K, committed 66496K, reserved 1114112K
  class space    used 6062K, committed 6528K, reserved 1048576K
}

Dll operation events (9 events):
Event: 0.002 Loaded shared library /nix/store/gpxl5qgg8kicmcvivwmybwjlpf7wh20l-graalvm17-ce-22.3.0/lib/libjava.so
Event: 0.006 Loaded shared library /nix/store/gpxl5qgg8kicmcvivwmybwjlpf7wh20l-graalvm17-ce-22.3.0/lib/libjsvml.so
Event: 0.127 Loaded shared library /nix/store/gpxl5qgg8kicmcvivwmybwjlpf7wh20l-graalvm17-ce-22.3.0/lib/libjvmcicompiler.so
Event: 0.128 Loaded shared library /nix/store/gpxl5qgg8kicmcvivwmybwjlpf7wh20l-graalvm17-ce-22.3.0/lib/libnio.so
Event: 0.132 Loaded shared library /nix/store/gpxl5qgg8kicmcvivwmybwjlpf7wh20l-graalvm17-ce-22.3.0/lib/libzip.so
Event: 0.440 Loaded shared library /nix/store/gpxl5qgg8kicmcvivwmybwjlpf7wh20l-graalvm17-ce-22.3.0/lib/libjimage.so
Event: 1.021 Loaded shared library /nix/store/gpxl5qgg8kicmcvivwmybwjlpf7wh20l-graalvm17-ce-22.3.0/lib/libnet.so
Event: 3.938 Loaded shared library /home/runner/.cache/jdt-language-server/config/org.eclipse.equinox.launcher/org.eclipse.equinox.launcher.gtk.linux.x86_64_1.2.400.v20211117-0650/eclipse_11600.so
Event: 12.026 Loaded shared library /nix/store/gpxl5qgg8kicmcvivwmybwjlpf7wh20l-graalvm17-ce-22.3.0/lib/libextnet.so

Deoptimization events (20 events):
Event: 2653.743 Thread 0x00007f38cc181ad0 Uncommon trap: trap_request=0xffffff8f fr.pc=0x00007f3923213045 relative=0x0000000000000225
Event: 2653.743 Thread 0x00007f38cc181ad0 Uncommon trap: reason=constraint action=none pc=0x00007f3923213045 method=java.lang.String.toCharArray()[C @ 0 jvmci
Event: 2653.743 Thread 0x00007f38cc181ad0 DEOPT PACKING pc=0x00007f3923213045 sp=0x00007f38df2fe050
Event: 2653.743 Thread 0x00007f38cc181ad0 DEOPT UNPACKING pc=0x00007f391b505325 sp=0x00007f38df2fd4f8 mode 3
Event: 2656.723 Thread 0x00007f38cc181ad0 Uncommon trap: trap_request=0xffffff8f fr.pc=0x00007f39231d6c14 relative=0x00000000000001f4
Event: 2656.723 Thread 0x00007f38cc181ad0 Uncommon trap: reason=constraint action=none pc=0x00007f39231d6c14 method=java.lang.StringLatin1.toChars([B)[C @ 0 jvmci
Event: 2656.723 Thread 0x00007f38cc181ad0 DEOPT PACKING pc=0x00007f39231d6c14 sp=0x00007f38df2fdfe0
Event: 2656.723 Thread 0x00007f38cc181ad0 DEOPT UNPACKING pc=0x00007f391b505325 sp=0x00007f38df2fd480 mode 3
Event: 2996.736 Thread 0x00007f38c84b70d0 Uncommon trap: trap_request=0xffffff8f fr.pc=0x00007f392322fe28 relative=0x00000000000011e8
Event: 2996.736 Thread 0x00007f38c84b70d0 Uncommon trap: reason=constraint action=none pc=0x00007f392322fe28 method=org.eclipse.jdt.internal.core.index.DiskIndex.copyQueryResults(Lorg/eclipse/jdt/internal/compiler/util/HashtableOfObject;I)V @ 123 jvmci
Event: 2996.736 Thread 0x00007f38c84b70d0 DEOPT PACKING pc=0x00007f392322fe28 sp=0x00007f38df7fe530
Event: 2996.736 Thread 0x00007f38c84b70d0 DEOPT UNPACKING pc=0x00007f391b505325 sp=0x00007f38df7fda28 mode 3
Event: 2999.829 Thread 0x00007f38c84b70d0 Uncommon trap: trap_request=0xffffff8f fr.pc=0x00007f3923248a14 relative=0x0000000000000274
Event: 2999.829 Thread 0x00007f38c84b70d0 Uncommon trap: reason=constraint action=none pc=0x00007f3923248a14 method=org.eclipse.jdt.internal.core.index.DiskIndex$IntList.add(I)V @ 0 jvmci
Event: 2999.829 Thread 0x00007f38c84b70d0 DEOPT PACKING pc=0x00007f3923248a14 sp=0x00007f38df7fe500
Event: 2999.829 Thread 0x00007f38c84b70d0 DEOPT UNPACKING pc=0x00007f391b505325 sp=0x00007f38df7fd9b0 mode 3
Event: 3001.625 Thread 0x00007f38c8883dd0 Uncommon trap: trap_request=0xffffff8f fr.pc=0x00007f39231d6c14 relative=0x00000000000001f4
Event: 3001.625 Thread 0x00007f38c8883dd0 Uncommon trap: reason=constraint action=none pc=0x00007f39231d6c14 method=java.lang.StringLatin1.toChars([B)[C @ 0 jvmci
Event: 3001.625 Thread 0x00007f38c8883dd0 DEOPT PACKING pc=0x00007f39231d6c14 sp=0x00007f38debfd520
Event: 3001.625 Thread 0x00007f38c8883dd0 DEOPT UNPACKING pc=0x00007f391b505325 sp=0x00007f38debfc9b8 mode 3

Classes unloaded (20 events):
Event: 124.336 Thread 0x00007f39340a1c10 Unloading class 0x0000000800d09c00 'java/lang/invoke/LambdaForm$MH+0x0000000800d09c00'
Event: 124.336 Thread 0x00007f39340a1c10 Unloading class 0x0000000800d09800 'java/lang/invoke/LambdaForm$MH+0x0000000800d09800'
Event: 124.336 Thread 0x00007f39340a1c10 Unloading class 0x0000000800d09000 'java/lang/invoke/LambdaForm$MH+0x0000000800d09000'
Event: 124.336 Thread 0x00007f39340a1c10 Unloading class 0x0000000800d08c00 'java/lang/invoke/LambdaForm$MH+0x0000000800d08c00'
Event: 124.336 Thread 0x00007f39340a1c10 Unloading class 0x0000000800d08800 'java/lang/invoke/LambdaForm$MH+0x0000000800d08800'
Event: 124.336 Thread 0x00007f39340a1c10 Unloading class 0x0000000800d08000 'java/lang/invoke/LambdaForm$MH+0x0000000800d08000'
Event: 124.336 Thread 0x00007f39340a1c10 Unloading class 0x0000000800c1d000 'jdk/internal/reflect/GeneratedMethodAccessor5'
Event: 124.336 Thread 0x00007f39340a1c10 Unloading class 0x0000000800c1cc00 'jdk/internal/reflect/GeneratedMethodAccessor4'
Event: 124.336 Thread 0x00007f39340a1c10 Unloading class 0x0000000800c1c800 'jdk/internal/reflect/GeneratedMethodAccessor3'
Event: 124.336 Thread 0x00007f39340a1c10 Unloading class 0x0000000800c1c400 'jdk/internal/reflect/GeneratedMethodAccessor2'
Event: 124.336 Thread 0x00007f39340a1c10 Unloading class 0x0000000800c1c000 'jdk/internal/reflect/GeneratedMethodAccessor1'
Event: 124.336 Thread 0x00007f39340a1c10 Unloading class 0x0000000800c01c00 'java/lang/invoke/LambdaForm$DMH+0x0000000800c01c00'
Event: 125.943 Thread 0x00007f39340a1c10 Unloading class 0x0000000801238400 'jdk/internal/reflect/GeneratedConstructorAccessor44'
Event: 248.854 Thread 0x00007f39340a1c10 Unloading class 0x0000000801238400 'java/lang/invoke/LambdaForm$MH+0x0000000801238400'
Event: 248.854 Thread 0x00007f39340a1c10 Unloading class 0x0000000801108000 'java/lang/invoke/LambdaForm$MH+0x0000000801108000'
Event: 248.854 Thread 0x00007f39340a1c10 Unloading class 0x0000000801113000 'java/lang/invoke/LambdaForm$MH+0x0000000801113000'
Event: 248.854 Thread 0x00007f39340a1c10 Unloading class 0x0000000801118000 'java/lang/invoke/LambdaForm$MH+0x0000000801118000'
Event: 248.854 Thread 0x00007f39340a1c10 Unloading class 0x0000000801118800 'java/lang/invoke/LambdaForm$MH+0x0000000801118800'
Event: 248.854 Thread 0x00007f39340a1c10 Unloading class 0x0000000801238800 'java/lang/invoke/LambdaForm$MH+0x0000000801238800'
Event: 261.545 Thread 0x00007f39340a1c10 Unloading class 0x00000008010fc000 'jdk/internal/reflect/GeneratedConstructorAccessor47'

Classes redefined (0 events):
No events

Internal exceptions (20 events):
Event: 42.019 Thread 0x00007f38c8883dd0 Implicit null exception at 0x00007f39230ce142 to 0x00007f39230ce6ac
Event: 54.623 Thread 0x00007f38cc17c100 Exception <a 'java/lang/NoSuchMethodError'{0x00000000f6d262e8}: 'java.lang.Object java.lang.invoke.DirectMethodHandle$Holder.newInvokeSpecial(java.lang.Object, java.lang.Object, int, java.lang.Object, java.lang.Object, java.lang.Object, java.lang.Object)'> (0x00000000f6d262e8) 
thrown [src/hotspot/share/interpreter/linkResolver.cpp, line 758]
Event: 54.726 Thread 0x00007f38cc17c100 Exception <a 'java/lang/NoSuchMethodError'{0x00000000f75c5ce8}: 'void java.lang.invoke.DirectMethodHandle$Holder.invokeSpecial(java.lang.Object, java.lang.Object, int)'> (0x00000000f75c5ce8) 
thrown [src/hotspot/share/interpreter/linkResolver.cpp, line 758]
Event: 65.730 Thread 0x00007f38cc17c100 Exception <a 'java/lang/NoSuchMethodError'{0x00000000f6f134d8}: 'int java.lang.invoke.DirectMethodHandle$Holder.invokeSpecialIFC(java.lang.Object, java.lang.Object, java.lang.Object, java.lang.Object)'> (0x00000000f6f134d8) 
thrown [src/hotspot/share/interpreter/linkResolver.cpp, line 758]
Event: 128.944 Thread 0x00007f3934462c10 Exception <a 'java/lang/ClassNotFoundException'{0x00000000f82ba328}: sun/util/logging/resources/spi/loggingProvider> (0x00000000f82ba328) 
thrown [src/hotspot/share/classfile/systemDictionary.cpp, line 256]
Event: 2444.417 Thread 0x00007f38cc17f170 Exception <a 'java/lang/OutOfMemoryError'{0x00000000e0004b60}> (0x00000000e0004b60) 
thrown [src/hotspot/share/gc/shared/memAllocator.cpp, line 138]
Event: 2444.417 Thread 0x00007f38cc17f170 Implicit null exception at 0x00007f3922fefbb7 to 0x00007f3922fefbca
Event: 2450.355 Thread 0x00007f38cc17f170 Exception <a 'java/lang/OutOfMemoryError'{0x00000000e0004020}> (0x00000000e0004020) 
thrown [src/hotspot/share/gc/shared/memAllocator.cpp, line 136]
Event: 2463.842 Thread 0x00007f38cc17f170 Exception <a 'java/lang/ClassNotFoundException'{0x00000000f84666b8}: sun/util/logging/resources/spi/loggingProvider> (0x00000000f84666b8) 
thrown [src/hotspot/share/classfile/systemDictionary.cpp, line 256]
Event: 2653.743 Thread 0x00007f38cc181ad0 Exception <a 'java/lang/OutOfMemoryError'{0x00000000e00042f0}> (0x00000000e00042f0) 
thrown [src/hotspot/share/gc/shared/memAllocator.cpp, line 138]
Event: 2653.743 Thread 0x00007f38cc181ad0 Implicit null exception at 0x00007f3923212fe4 to 0x00007f392321302a
Event: 2656.723 Thread 0x00007f38cc181ad0 Exception <a 'java/lang/OutOfMemoryError'{0x00000000e00042f0}> (0x00000000e00042f0) 
thrown [src/hotspot/share/gc/shared/memAllocator.cpp, line 138]
Event: 2656.723 Thread 0x00007f38cc181ad0 Implicit null exception at 0x00007f39231d6bc4 to 0x00007f39231d6bf9
Event: 2996.736 Thread 0x00007f38c84b70d0 Exception <a 'java/lang/OutOfMemoryError'{0x00000000e0004020}> (0x00000000e0004020) 
thrown [src/hotspot/share/gc/shared/memAllocator.cpp, line 138]
Event: 2996.736 Thread 0x00007f38c84b70d0 Implicit null exception at 0x00007f392322f891 to 0x00007f392322fe0d
Event: 2999.829 Thread 0x00007f38c84b70d0 Exception <a 'java/lang/OutOfMemoryError'{0x00000000e0004020}> (0x00000000e0004020) 
thrown [src/hotspot/share/gc/shared/memAllocator.cpp, line 138]
Event: 2999.829 Thread 0x00007f38c84b70d0 Implicit null exception at 0x00007f392324896d to 0x00007f39232489f9
Event: 3001.625 Thread 0x00007f38c8883dd0 Exception <a 'java/lang/OutOfMemoryError'{0x00000000e0004020}> (0x00000000e0004020) 
thrown [src/hotspot/share/gc/shared/memAllocator.cpp, line 138]
Event: 3001.625 Thread 0x00007f38c8883dd0 Implicit null exception at 0x00007f39231d6bc4 to 0x00007f39231d6bf9
Event: 3007.322 Thread 0x00007f39340b21e0 Exception <a 'java/lang/OutOfMemoryError'{0x00000000e0004340}> (0x00000000e0004340) 
thrown [src/hotspot/share/gc/shared/memAllocator.cpp, line 136]

VM Operations (20 events):
Event: 2994.620 Executing VM operation: ParallelGCFailedAllocation done
Event: 2994.620 Executing VM operation: ParallelGCFailedAllocation
Event: 2996.736 Executing VM operation: ParallelGCFailedAllocation done
Event: 2996.737 Executing VM operation: ParallelGCFailedAllocation
Event: 2997.745 Executing VM operation: ParallelGCFailedAllocation done
Event: 2997.745 Executing VM operation: ParallelGCFailedAllocation
Event: 2999.829 Executing VM operation: ParallelGCFailedAllocation done
Event: 2999.829 Executing VM operation: ParallelGCFailedAllocation
Event: 3001.625 Executing VM operation: ParallelGCFailedAllocation done
Event: 3001.625 Executing VM operation: ParallelGCFailedAllocation
Event: 3002.527 Executing VM operation: ParallelGCFailedAllocation done
Event: 3002.527 Executing VM operation: ParallelGCFailedAllocation
Event: 3003.439 Executing VM operation: ParallelGCFailedAllocation done
Event: 3003.439 Executing VM operation: ParallelGCFailedAllocation
Event: 3004.335 Executing VM operation: ParallelGCFailedAllocation done
Event: 3004.335 Executing VM operation: ParallelGCFailedAllocation
Event: 3005.251 Executing VM operation: ParallelGCFailedAllocation done
Event: 3005.251 Executing VM operation: ParallelGCFailedAllocation
Event: 3007.322 Executing VM operation: ParallelGCFailedAllocation done
Event: 3007.322 Executing VM operation: ParallelGCFailedAllocation

Events (20 events):
Event: 1791.830 Thread 0x00007f39340b4b40 flushing nmethod 0x00007f391c9c6b10
Event: 1793.260 Thread 0x00007f39340b4b40 flushing nmethod 0x00007f391cb6f110
Event: 1793.260 Thread 0x00007f39340b4b40 flushing nmethod 0x00007f391cb71990
Event: 1793.263 Thread 0x00007f39340b4b40 flushing nmethod 0x00007f391cb88690
Event: 1793.263 Thread 0x00007f39340b4b40 flushing nmethod 0x00007f391cb88b90
Event: 1793.263 Thread 0x00007f39340b4b40 flushing nmethod 0x00007f391cb9e890
Event: 1793.263 Thread 0x00007f39340b4b40 flushing nmethod 0x00007f391cbc7710
Event: 1793.263 Thread 0x00007f39340b4b40 flushing nmethod 0x00007f391cc83490
Event: 1793.263 Thread 0x00007f39340b4b40 flushing nmethod 0x00007f391cc9f290
Event: 1793.263 Thread 0x00007f39340b4b40 flushing nmethod 0x00007f391cca2710
Event: 1793.265 Thread 0x00007f39340b4b40 flushing nmethod 0x00007f391ce83410
Event: 1793.265 Thread 0x00007f39340b4b40 flushing nmethod 0x00007f391ceead90
Event: 1793.265 Thread 0x00007f39340b4b40 flushing nmethod 0x00007f391cf06110
Event: 1989.664 Thread 0x00007f38c004f900 Thread added: 0x00007f38c004f900
Event: 1989.664 Protecting memory [0x00007f38dfb00000,0x00007f38dfb04000] with protection modes 0
Event: 2450.355 loading class java/util/concurrent/CompletionException
Event: 2450.355 loading class java/util/concurrent/CompletionException done
Event: 2453.125 loading class java/util/concurrent/CancellationException
Event: 2453.125 loading class java/util/concurrent/CancellationException done
Event: 2702.340 Thread 0x00007f38cc17f170 Thread exited: 0x00007f38cc17f170


Dynamic libraries:
e0000000-f5580000 rw-p 00000000 00:00 0 
f5580000-fb000000 rw-p 00000000 00:00 0 
fb000000-100000000 ---p 00000000 00:00 0 
800000000-800449000 rw-p 00001000 00:1cb4 4611686019135357769            /nix/store/gpxl5qgg8kicmcvivwmybwjlpf7wh20l-graalvm17-ce-22.3.0/lib/server/classes.jsa
800449000-800bc8000 r--p 0044a000 00:1cb4 4611686019135357769            /nix/store/gpxl5qgg8kicmcvivwmybwjlpf7wh20l-graalvm17-ce-22.3.0/lib/server/classes.jsa
800bc8000-800c00000 ---p 00000000 00:00 0 
800c00000-800c20000 rw-p 00000000 00:00 0 
800c20000-800c40000 rw-p 00000000 00:00 0 
800c40000-800cc0000 rw-p 00000000 00:00 0 
800cc0000-800d00000 rw-p 00000000 00:00 0 
800d00000-800dc0000 rw-p 00000000 00:00 0 
800dc0000-800e00000 rw-p 00000000 00:00 0 
800e00000-800f40000 rw-p 00000000 00:00 0 
800f40000-800f80000 rw-p 00000000 00:00 0 
800f80000-800fc0000 rw-p 00000000 00:00 0 
800fc0000-801000000 rw-p 00000000 00:00 0 
801000000-8011f0000 rw-p 00000000 00:00 0 
8011f0000-801200000 ---p 00000000 00:00 0 
801200000-801270000 rw-p 00000000 00:00 0 
801270000-840c00000 ---p 00000000 00:00 0 
55eae64fa000-55eae64fb000 r-xp 00000000 00:1cb4 4611686019099417844      /nix/store/gpxl5qgg8kicmcvivwmybwjlpf7wh20l-graalvm17-ce-22.3.0/bin/.java-wrapped
55eae64fc000-55eae64fd000 r--p 00001000 00:1cb4 4611686019099417844      /nix/store/gpxl5qgg8kicmcvivwmybwjlpf7wh20l-graalvm17-ce-22.3.0/bin/.java-wrapped
55eae64fd000-55eae64fe000 rw-p 00002000 00:1cb4 4611686019099417844      /nix/store/gpxl5qgg8kicmcvivwmybwjlpf7wh20l-graalvm17-ce-22.3.0/bin/.java-wrapped
55eae64fe000-55eae64ff000 rw-p 00004000 00:1cb4 4611686019099417844      /nix/store/gpxl5qgg8kicmcvivwmybwjlpf7wh20l-graalvm17-ce-22.3.0/bin/.java-wrapped
55eae64ff000-55eae6500000 rw-p 00005000 00:1cb4 4611686019099417844      /nix/store/gpxl5qgg8kicmcvivwmybwjlpf7wh20l-graalvm17-ce-22.3.0/bin/.java-wrapped
55eae71eb000-55eae7568000 rw-p 00000000 00:00 0                          [heap]
7f38a64b3000-7f38b0000000 r--s 00000000 00:1cb4 4611686019135192581      /nix/store/gpxl5qgg8kicmcvivwmybwjlpf7wh20l-graalvm17-ce-22.3.0/lib/modules
7f38b0000000-7f38b00ca000 rw-p 00000000 00:00 0 
7f38b00ca000-7f38b4000000 ---p 00000000 00:00 0 
7f38b5000000-7f38b52e0000 rw-p 00000000 00:00 0 
7f38b52e0000-7f38b5800000 ---p 00000000 00:00 0 
7f38b8000000-7f38b8021000 rw-p 00000000 00:00 0 
7f38b8021000-7f38bc000000 ---p 00000000 00:00 0 
7f38bc000000-7f38bc021000 rw-p 00000000 00:00 0 
7f38bc021000-7f38c0000000 ---p 00000000 00:00 0 
7f38c0000000-7f38c0143000 rw-p 00000000 00:00 0 
7f38c0143000-7f38c4000000 ---p 00000000 00:00 0 
7f38c4c00000-7f38c5080000 rw-p 00000000 00:00 0 
7f38c5080000-7f38c5300000 rw-p 00000000 00:00 0 
7f38c5300000-7f38c53b0000 rw-p 00000000 00:00 0 
7f38c53b0000-7f38c5400000 ---p 00000000 00:00 0 
7f38c5c00000-7f38c5dc0000 rw-p 00000000 00:00 0 
7f38c5dc0000-7f38c5e00000 rw-p 00000000 00:00 0 
7f38c5e00000-7f38c6000000 rw-p 00000000 00:00 0 
7f38c6000000-7f38c6100000 rw-p 00000000 00:00 0 
7f38c6100000-7f38c6200000 rw-p 00000000 00:00 0 
7f38c6200000-7f38c6400000 rw-p 00000000 00:00 0 
7f38c6400000-7f38c6500000 rw-p 00000000 00:00 0 
7f38c6500000-7f38c6700000 rw-p 00000000 00:00 0 
7f38c6700000-7f38c6900000 rw-p 00000000 00:00 0 
7f38c6900000-7f38c6a00000 rw-p 00000000 00:00 0 
7f38c6a00000-7f38c6b80000 rw-p 00000000 00:00 0 
7f38c6b80000-7f38c6c00000 rw-p 00000000 00:00 0 
7f38c6c00000-7f38c6d00000 rw-p 00000000 00:00 0 
7f38c6d00000-7f38c6e00000 rw-p 00000000 00:00 0 
7f38c6e00000-7f38c7400000 rw-p 00000000 00:00 0 
7f38c7400000-7f38c7500000 rw-p 00000000 00:00 0 
7f38c7500000-7f38c7600000 rw-p 00000000 00:00 0 
7f38c7600000-7f38c7900000 rw-p 00000000 00:00 0 
7f38c7900000-7f38c7a00000 rw-p 00000000 00:00 0 
7f38c7a00000-7f38c7c00000 rw-p 00000000 00:00 0 
7f38c7c00000-7f38c7c10000 r-xp 00000000 00:1cb1 454                      /home/runner/.cache/jdt-language-server/config/org.eclipse.equinox.launcher/org.eclipse.equinox.launcher.gtk.linux.x86_64_1.2.400.v20211117-0650/eclipse_11600.so
7f38c7c10000-7f38c7e0f000 ---p 00010000 00:1cb1 454                      /home/runner/.cache/jdt-language-server/config/org.eclipse.equinox.launcher/org.eclipse.equinox.launcher.gtk.linux.x86_64_1.2.400.v20211117-0650/eclipse_11600.so
7f38c7e0f000-7f38c7e10000 r--p 0000f000 00:1cb1 454                      /home/runner/.cache/jdt-language-server/config/org.eclipse.equinox.launcher/org.eclipse.equinox.launcher.gtk.linux.x86_64_1.2.400.v20211117-0650/eclipse_11600.so
7f38c7e10000-7f38c7e11000 rw-p 00010000 00:1cb1 454                      /home/runner/.cache/jdt-language-server/config/org.eclipse.equinox.launcher/org.eclipse.equinox.launcher.gtk.linux.x86_64_1.2.400.v20211117-0650/eclipse_11600.so
7f38c8000000-7f38c88f0000 rw-p 00000000 00:00 0 
7f38c88f0000-7f38cc000000 ---p 00000000 00:00 0 
7f38cc000000-7f38cc1c7000 rw-p 00000000 00:00 0 
7f38cc1c7000-7f38d0000000 ---p 00000000 00:00 0 
7f38d0000000-7f38d0021000 rw-p 00000000 00:00 0 
7f38d0021000-7f38d4000000 ---p 00000000 00:00 0 
7f38d4000000-7f38d4618000 rw-p 00000000 00:00 0 
7f38d4618000-7f38d8000000 ---p 00000000 00:00 0 
7f38d8000000-7f38d8021000 rw-p 00000000 00:00 0 
7f38d8021000-7f38dc000000 ---p 00000000 00:00 0 
7f38dd000000-7f38dd800000 rw-p 00000000 00:00 0 
7f38dd900000-7f38dda00000 ---p 00000000 00:00 0 
7f38dda00000-7f38ddfaf000 r--p 01122000 00:1cb4 4611686019135190040      /nix/store/gpxl5qgg8kicmcvivwmybwjlpf7wh20l-graalvm17-ce-22.3.0/lib/libjvmcicompiler.so
7f38ddfaf000-7f38de100000 r--p 00000000 00:00 0 
7f38de100000-7f38de13d000 rw-p 00000000 00:00 0 
7f38de13d000-7f38de65d000 rw-p 0185f000 00:1cb4 4611686019135190040      /nix/store/gpxl5qgg8kicmcvivwmybwjlpf7wh20l-graalvm17-ce-22.3.0/lib/libjvmcicompiler.so
7f38de65d000-7f38dea44000 r--p 01d7f000 00:1cb4 4611686019135190040      /nix/store/gpxl5qgg8kicmcvivwmybwjlpf7wh20l-graalvm17-ce-22.3.0/lib/libjvmcicompiler.so
7f38deb00000-7f38deb04000 ---p 00000000 00:00 0 
7f38deb04000-7f38dec00000 rw-p 00000000 00:00 0 
7f38ded00000-7f38ded04000 ---p 00000000 00:00 0 
7f38ded04000-7f38dee00000 rw-p 00000000 00:00 0 
7f38dee00000-7f38dee04000 ---p 00000000 00:00 0 
7f38dee04000-7f38def00000 rw-p 00000000 00:00 0 
7f38def00000-7f38def04000 ---p 00000000 00:00 0 
7f38def04000-7f38df000000 rw-p 00000000 00:00 0 
7f38df000000-7f38df004000 ---p 00000000 00:00 0 
7f38df004000-7f38df100000 rw-p 00000000 00:00 0 
7f38df100000-7f38df104000 ---p 00000000 00:00 0 
7f38df104000-7f38df200000 rw-p 00000000 00:00 0 
7f38df200000-7f38df204000 ---p 00000000 00:00 0 
7f38df204000-7f38df300000 rw-p 00000000 00:00 0 
7f38df300000-7f38df304000 ---p 00000000 00:00 0 
7f38df304000-7f38df400000 rw-p 00000000 00:00 0 
7f38df400000-7f38df404000 ---p 00000000 00:00 0 
7f38df404000-7f38df500000 rw-p 00000000 00:00 0 
7f38df500000-7f38df504000 ---p 00000000 00:00 0 
7f38df504000-7f38df600000 rw-p 00000000 00:00 0 
7f38df600000-7f38df604000 ---p 00000000 00:00 0 
7f38df604000-7f38df700000 rw-p 00000000 00:00 0 
7f38df700000-7f38df704000 ---p 00000000 00:00 0 
7f38df704000-7f38df800000 rw-p 00000000 00:00 0 
7f38df800000-7f38df804000 ---p 00000000 00:00 0 
7f38df804000-7f38df900000 rw-p 00000000 00:00 0 
7f38df900000-7f38df904000 ---p 00000000 00:00 0 
7f38df904000-7f38dfa00000 rw-p 00000000 00:00 0 
7f38dfa00000-7f38dfa04000 ---p 00000000 00:00 0 
7f38dfa04000-7f38dfb00000 rw-p 00000000 00:00 0 
7f38dfb00000-7f38dfb04000 ---p 00000000 00:00 0 
7f38dfb04000-7f38dfc00000 rw-p 00000000 00:00 0 
7f38dfc00000-7f38dfc04000 ---p 00000000 00:00 0 
7f38dfc04000-7f38dfd00000 rw-p 00000000 00:00 0 
7f38dfd00000-7f38dfd04000 ---p 00000000 00:00 0 
7f38dfd04000-7f38dfe00000 rw-p 00000000 00:00 0 
7f38dfe00000-7f38dfe04000 ---p 00000000 00:00 0 
7f38dfe04000-7f38dff00000 rw-p 00000000 00:00 0 
7f38dff00000-7f38dff04000 ---p 00000000 00:00 0 
7f38dff04000-7f38e0000000 rw-p 00000000 00:00 0 
7f38e0000000-7f38e0021000 rw-p 00000000 00:00 0 
7f38e0021000-7f38e4000000 ---p 00000000 00:00 0 
7f38e4000000-7f38e4021000 rw-p 00000000 00:00 0 
7f38e4021000-7f38e8000000 ---p 00000000 00:00 0 
7f38e8000000-7f38e8004000 ---p 00000000 00:00 0 
7f38e8004000-7f38e8100000 rw-p 00000000 00:00 0 
7f38e8100000-7f38e8104000 ---p 00000000 00:00 0 
7f38e8104000-7f38e8200000 rw-p 00000000 00:00 0 
7f38e8200000-7f38e8204000 ---p 00000000 00:00 0 
7f38e8204000-7f38e8300000 rw-p 00000000 00:00 0 
7f38e8300000-7f38e8304000 ---p 00000000 00:00 0 
7f38e8304000-7f38e8400000 rw-p 00000000 00:00 0 
7f38e8400000-7f38e8404000 ---p 00000000 00:00 0 
7f38e8404000-7f38e8500000 rw-p 00000000 00:00 0 
7f38e8500000-7f38e8504000 ---p 00000000 00:00 0 
7f38e8504000-7f38e8600000 rw-p 00000000 00:00 0 
7f38e8700000-7f38e8704000 ---p 00000000 00:00 0 
7f38e8704000-7f38e8800000 rw-p 00000000 00:00 0 
7f38e9468000-7f38e9900000 rw-p 00000000 00:00 0 
7f38e9a00000-7f38ebb6a000 r-xp 00000000 00:1cb4 4611686019135190040      /nix/store/gpxl5qgg8kicmcvivwmybwjlpf7wh20l-graalvm17-ce-22.3.0/lib/libjvmcicompiler.so
7f38ebb6a000-7f38ebd69000 ---p 0216a000 00:1cb4 4611686019135190040      /nix/store/gpxl5qgg8kicmcvivwmybwjlpf7wh20l-graalvm17-ce-22.3.0/lib/libjvmcicompiler.so
7f38ebd69000-7f38ebd6a000 r--p 02169000 00:1cb4 4611686019135190040      /nix/store/gpxl5qgg8kicmcvivwmybwjlpf7wh20l-graalvm17-ce-22.3.0/lib/libjvmcicompiler.so
7f38ebd6a000-7f38ebd6c000 rw-p 0216a000 00:1cb4 4611686019135190040      /nix/store/gpxl5qgg8kicmcvivwmybwjlpf7wh20l-graalvm17-ce-22.3.0/lib/libjvmcicompiler.so
7f38ebd6c000-7f38ebd6d000 rw-p 00000000 00:00 0 
7f38ebd6d000-7f38ebd72000 rw-p 023c3000 00:1cb4 4611686019135190040      /nix/store/gpxl5qgg8kicmcvivwmybwjlpf7wh20l-graalvm17-ce-22.3.0/lib/libjvmcicompiler.so
7f38ebdfe000-7f38ebe02000 ---p 00000000 00:00 0 
7f38ebe02000-7f38ebefe000 rw-p 00000000 00:00 0 
7f38ebefe000-7f38ebeff000 ---p 00000000 00:00 0 
7f38ebeff000-7f38ec000000 rw-p 00000000 00:00 0 
7f38ec000000-7f38ec08a000 rw-p 00000000 00:00 0 
7f38ec08a000-7f38f0000000 ---p 00000000 00:00 0 
7f38f0000000-7f38f0021000 rw-p 00000000 00:00 0 
7f38f0021000-7f38f4000000 ---p 00000000 00:00 0 
7f38f4000000-7f38f4143000 rw-p 00000000 00:00 0 
7f38f4143000-7f38f8000000 ---p 00000000 00:00 0 
7f38f8000000-7f38f8bac000 rw-p 00000000 00:00 0 
7f38f8bac000-7f38fc000000 ---p 00000000 00:00 0 
7f38fc000000-7f38fc080000 rw-p 00000000 00:00 0 
7f38fc080000-7f3900000000 ---p 00000000 00:00 0 
7f3900000000-7f39000dc000 rw-p 00000000 00:00 0 
7f39000dc000-7f3904000000 ---p 00000000 00:00 0 
7f3904000000-7f3904021000 rw-p 00000000 00:00 0 
7f3904021000-7f3908000000 ---p 00000000 00:00 0 
7f3908000000-7f390803d000 rw-p 00000000 00:00 0 
7f390803d000-7f390c000000 ---p 00000000 00:00 0 
7f390c000000-7f390c045000 rw-p 00000000 00:00 0 
7f390c045000-7f3910000000 ---p 00000000 00:00 0 
7f3910000000-7f3910021000 rw-p 00000000 00:00 0 
7f3910021000-7f3914000000 ---p 00000000 00:00 0 
7f3914000000-7f3914206000 rw-p 00000000 00:00 0 
7f3914206000-7f3918000000 ---p 00000000 00:00 0 
7f3918018000-7f391801c000 ---p 00000000 00:00 0 
7f391801c000-7f3918118000 rw-p 00000000 00:00 0 
7f3918118000-7f391811c000 ---p 00000000 00:00 0 
7f391811c000-7f3918218000 rw-p 00000000 00:00 0 
7f3918218000-7f391821c000 ---p 00000000 00:00 0 
7f391821c000-7f3918318000 rw-p 00000000 00:00 0 
7f3918318000-7f391831c000 ---p 00000000 00:00 0 
7f391831c000-7f3918518000 rw-p 00000000 00:00 0 
7f3918518000-7f391851c000 ---p 00000000 00:00 0 
7f391851c000-7f3918718000 rw-p 00000000 00:00 0 
7f3918718000-7f391871c000 ---p 00000000 00:00 0 
7f391871c000-7f3918818000 rw-p 00000000 00:00 0 
7f3918818000-7f391881c000 ---p 00000000 00:00 0 
7f391881c000-7f3918918000 rw-p 00000000 00:00 0 
7f3918918000-7f391891c000 ---p 00000000 00:00 0 
7f391891c000-7f3918a18000 rw-p 00000000 00:00 0 
7f3918a18000-7f3918cfe000 r--p 00000000 00:1c21 28444448                 /usr/lib/locale/locale-archive
7f3918cfe000-7f3918d02000 ---p 00000000 00:00 0 
7f3918d02000-7f3918dfe000 rw-p 00000000 00:00 0 
7f3918dfe000-7f3918e02000 ---p 00000000 00:00 0 
7f3918e02000-7f3918efe000 rw-p 00000000 00:00 0 
7f3918efe000-7f3918eff000 ---p 00000000 00:00 0 
7f3918eff000-7f3919400000 rw-p 00000000 00:00 0 
7f3919400000-7f3919700000 rw-p 00000000 00:00 0 
7f3919700000-7f3919800000 rw-p 00000000 00:00 0 
7f3919846000-7f391984a000 ---p 00000000 00:00 0 
7f391984a000-7f3919868000 rw-p 00000000 00:00 0 
7f3919868000-7f3919936000 r-xp 00000000 00:1cb4 4611686019135190036      /nix/store/gpxl5qgg8kicmcvivwmybwjlpf7wh20l-graalvm17-ce-22.3.0/lib/libjsvml.so
7f3919936000-7f3919937000 r--p 000cd000 00:1cb4 4611686019135190036      /nix/store/gpxl5qgg8kicmcvivwmybwjlpf7wh20l-graalvm17-ce-22.3.0/lib/libjsvml.so
7f3919937000-7f3919938000 rw-p 000ce000 00:1cb4 4611686019135190036      /nix/store/gpxl5qgg8kicmcvivwmybwjlpf7wh20l-graalvm17-ce-22.3.0/lib/libjsvml.so
7f3919938000-7f391b1c5000 rw-p 00000000 00:00 0 
7f391b1c5000-7f391b1c6000 ---p 00000000 00:00 0 
7f391b1c6000-7f391b371000 rw-p 00000000 00:00 0 
7f391b371000-7f391b39f000 rw-p 00000000 00:00 0 
7f391b39f000-7f391b3c7000 ---p 00000000 00:00 0 
7f391b3c7000-7f391b3cf000 rw-p 00000000 00:00 0 
7f391b3cf000-7f391b4b3000 ---p 00000000 00:00 0 
7f391b4b3000-7f391b723000 rwxp 00000000 00:00 0 
7f391b723000-7f391ba42000 ---p 00000000 00:00 0 
7f391ba42000-7f391d132000 rwxp 00000000 00:00 0 
7f391d132000-7f3922f7a000 ---p 00000000 00:00 0 
7f3922f7a000-7f392329a000 rwxp 00000000 00:00 0 
7f392329a000-7f392a4b3000 ---p 00000000 00:00 0 
7f392a4b3000-7f3934000000 r--s 00000000 00:1cb4 4611686019135192581      /nix/store/gpxl5qgg8kicmcvivwmybwjlpf7wh20l-graalvm17-ce-22.3.0/lib/modules
7f3934000000-7f393465b000 rw-p 00000000 00:00 0 
7f393465b000-7f3938000000 ---p 00000000 00:00 0 
7f3938004000-7f3938006000 r-xp 00000000 00:1cb4 4611686019135190017      /nix/store/gpxl5qgg8kicmcvivwmybwjlpf7wh20l-graalvm17-ce-22.3.0/lib/libextnet.so
7f3938006000-7f3938007000 r--p 00001000 00:1cb4 4611686019135190017      /nix/store/gpxl5qgg8kicmcvivwmybwjlpf7wh20l-graalvm17-ce-22.3.0/lib/libextnet.so
7f3938007000-7f3938008000 rw-p 00002000 00:1cb4 4611686019135190017      /nix/store/gpxl5qgg8kicmcvivwmybwjlpf7wh20l-graalvm17-ce-22.3.0/lib/libextnet.so
7f3938008000-7f3938009000 rw-p 00004000 00:1cb4 4611686019135190017      /nix/store/gpxl5qgg8kicmcvivwmybwjlpf7wh20l-graalvm17-ce-22.3.0/lib/libextnet.so
7f3938009000-7f3938010000 r-xp 00000000 00:1cb4 4611686019135192580      /nix/store/gpxl5qgg8kicmcvivwmybwjlpf7wh20l-graalvm17-ce-22.3.0/lib/libzip.so
7f3938010000-7f3938011000 ---p 00007000 00:1cb4 4611686019135192580      /nix/store/gpxl5qgg8kicmcvivwmybwjlpf7wh20l-graalvm17-ce-22.3.0/lib/libzip.so
7f3938011000-7f3938012000 r--p 00007000 00:1cb4 4611686019135192580      /nix/store/gpxl5qgg8kicmcvivwmybwjlpf7wh20l-graalvm17-ce-22.3.0/lib/libzip.so
7f3938012000-7f3938013000 rw-p 00008000 00:1cb4 4611686019135192580      /nix/store/gpxl5qgg8kicmcvivwmybwjlpf7wh20l-graalvm17-ce-22.3.0/lib/libzip.so
7f3938013000-7f3938015000 rw-p 0000b000 00:1cb4 4611686019135192580      /nix/store/gpxl5qgg8kicmcvivwmybwjlpf7wh20l-graalvm17-ce-22.3.0/lib/libzip.so
7f3938015000-7f393802a000 r-xp 00000000 00:1cb4 4611686019135192570      /nix/store/gpxl5qgg8kicmcvivwmybwjlpf7wh20l-graalvm17-ce-22.3.0/lib/libnet.so
7f393802a000-7f393802b000 ---p 00015000 00:1cb4 4611686019135192570      /nix/store/gpxl5qgg8kicmcvivwmybwjlpf7wh20l-graalvm17-ce-22.3.0/lib/libnet.so
7f393802b000-7f393802c000 r--p 00015000 00:1cb4 4611686019135192570      /nix/store/gpxl5qgg8kicmcvivwmybwjlpf7wh20l-graalvm17-ce-22.3.0/lib/libnet.so
7f393802c000-7f393802d000 rw-p 00016000 00:1cb4 4611686019135192570      /nix/store/gpxl5qgg8kicmcvivwmybwjlpf7wh20l-graalvm17-ce-22.3.0/lib/libnet.so
7f393802d000-7f3938030000 rw-p 0001b000 00:1cb4 4611686019135192570      /nix/store/gpxl5qgg8kicmcvivwmybwjlpf7wh20l-graalvm17-ce-22.3.0/lib/libnet.so
7f3938030000-7f3938043000 r-xp 00000000 00:1cb4 4611686019135192571      /nix/store/gpxl5qgg8kicmcvivwmybwjlpf7wh20l-graalvm17-ce-22.3.0/lib/libnio.so
7f3938043000-7f3938044000 r--p 00012000 00:1cb4 4611686019135192571      /nix/store/gpxl5qgg8kicmcvivwmybwjlpf7wh20l-graalvm17-ce-22.3.0/lib/libnio.so
7f3938044000-7f3938045000 rw-p 00013000 00:1cb4 4611686019135192571      /nix/store/gpxl5qgg8kicmcvivwmybwjlpf7wh20l-graalvm17-ce-22.3.0/lib/libnio.so
7f3938045000-7f393804a000 rw-p 00019000 00:1cb4 4611686019135192571      /nix/store/gpxl5qgg8kicmcvivwmybwjlpf7wh20l-graalvm17-ce-22.3.0/lib/libnio.so
7f393804a000-7f39380c3000 rw-p 00000000 00:00 0 
7f39380c3000-7f3938180000 ---p 00000000 00:00 0 
7f3938180000-7f3938185000 rw-p 00000000 00:00 0 
7f3938185000-7f393818c000 ---p 00000000 00:00 0 
7f393818c000-7f39381b0000 r-xp 00000000 00:1cb4 4611686019135190028      /nix/store/gpxl5qgg8kicmcvivwmybwjlpf7wh20l-graalvm17-ce-22.3.0/lib/libjava.so
7f39381b0000-7f39381b1000 ---p 00024000 00:1cb4 4611686019135190028      /nix/store/gpxl5qgg8kicmcvivwmybwjlpf7wh20l-graalvm17-ce-22.3.0/lib/libjava.so
7f39381b1000-7f39381b2000 r--p 00024000 00:1cb4 4611686019135190028      /nix/store/gpxl5qgg8kicmcvivwmybwjlpf7wh20l-graalvm17-ce-22.3.0/lib/libjava.so
7f39381b2000-7f39381b3000 rw-p 00025000 00:1cb4 4611686019135190028      /nix/store/gpxl5qgg8kicmcvivwmybwjlpf7wh20l-graalvm17-ce-22.3.0/lib/libjava.so
7f39381b3000-7f39381b4000 rw-p 00000000 00:00 0 
7f39381b4000-7f39381bb000 rw-p 0002f000 00:1cb4 4611686019135190028      /nix/store/gpxl5qgg8kicmcvivwmybwjlpf7wh20l-graalvm17-ce-22.3.0/lib/libjava.so
7f39381bb000-7f39381c3000 rw-s 00000000 00:1c1c 451                      /tmp/hsperfdata_runner/497
7f39381c3000-7f39381c4000 ---p 00000000 00:00 0 
7f39381c4000-7f39381c5000 r--p 00000000 00:00 0 
7f39381c5000-7f39381c6000 rwxp 00000000 00:00 0 
7f39381c6000-7f39381e1000 r-xp 00000000 00:1cb4 4611686019135190032      /nix/store/gpxl5qgg8kicmcvivwmybwjlpf7wh20l-graalvm17-ce-22.3.0/lib/libjimage.so
7f39381e1000-7f39381e2000 ---p 0001b000 00:1cb4 4611686019135190032      /nix/store/gpxl5qgg8kicmcvivwmybwjlpf7wh20l-graalvm17-ce-22.3.0/lib/libjimage.so
7f39381e2000-7f39381e4000 r--p 0001b000 00:1cb4 4611686019135190032      /nix/store/gpxl5qgg8kicmcvivwmybwjlpf7wh20l-graalvm17-ce-22.3.0/lib/libjimage.so
7f39381e4000-7f39381e5000 rw-p 0001d000 00:1cb4 4611686019135190032      /nix/store/gpxl5qgg8kicmcvivwmybwjlpf7wh20l-graalvm17-ce-22.3.0/lib/libjimage.so
7f39381e5000-7f39381e6000 rw-p 00024000 00:1cb4 4611686019135190032      /nix/store/gpxl5qgg8kicmcvivwmybwjlpf7wh20l-graalvm17-ce-22.3.0/lib/libjimage.so
7f39381e6000-7f39381ea000 ---p 00000000 00:00 0 
7f39381ea000-7f39382e6000 rw-p 00000000 00:00 0 
7f39382e6000-7f39382f4000 r--p 00000000 00:1cb4 4611686019027979927      /nix/store/4nlgxhb09sdr51nc9hdm8az5b08vzkgx-glibc-2.35-163/lib/libm.so.6
7f39382f4000-7f3938367000 r-xp 0000e000 00:1cb4 4611686019027979927      /nix/store/4nlgxhb09sdr51nc9hdm8az5b08vzkgx-glibc-2.35-163/lib/libm.so.6
7f3938367000-7f39383c4000 r--p 00081000 00:1cb4 4611686019027979927      /nix/store/4nlgxhb09sdr51nc9hdm8az5b08vzkgx-glibc-2.35-163/lib/libm.so.6
7f39383c4000-7f39383c5000 r--p 000dd000 00:1cb4 4611686019027979927      /nix/store/4nlgxhb09sdr51nc9hdm8az5b08vzkgx-glibc-2.35-163/lib/libm.so.6
7f39383c5000-7f39383c6000 rw-p 000de000 00:1cb4 4611686019027979927      /nix/store/4nlgxhb09sdr51nc9hdm8az5b08vzkgx-glibc-2.35-163/lib/libm.so.6
7f39383c6000-7f39383c7000 r--p 00000000 00:1cb4 4611686019027979946      /nix/store/4nlgxhb09sdr51nc9hdm8az5b08vzkgx-glibc-2.35-163/lib/librt.so.1
7f39383c7000-7f39383c8000 r-xp 00001000 00:1cb4 4611686019027979946      /nix/store/4nlgxhb09sdr51nc9hdm8az5b08vzkgx-glibc-2.35-163/lib/librt.so.1
7f39383c8000-7f39383c9000 r--p 00002000 00:1cb4 4611686019027979946      /nix/store/4nlgxhb09sdr51nc9hdm8az5b08vzkgx-glibc-2.35-163/lib/librt.so.1
7f39383c9000-7f39383ca000 r--p 00002000 00:1cb4 4611686019027979946      /nix/store/4nlgxhb09sdr51nc9hdm8az5b08vzkgx-glibc-2.35-163/lib/librt.so.1
7f39383ca000-7f39383cb000 rw-p 00003000 00:1cb4 4611686019027979946      /nix/store/4nlgxhb09sdr51nc9hdm8az5b08vzkgx-glibc-2.35-163/lib/librt.so.1
7f39383cb000-7f39394de000 r-xp 00000000 00:1cb4 4611686019135360866      /nix/store/gpxl5qgg8kicmcvivwmybwjlpf7wh20l-graalvm17-ce-22.3.0/lib/server/libjvm.so
7f39394de000-7f39394df000 ---p 01113000 00:1cb4 4611686019135360866      /nix/store/gpxl5qgg8kicmcvivwmybwjlpf7wh20l-graalvm17-ce-22.3.0/lib/server/libjvm.so
7f39394df000-7f3939594000 r--p 01113000 00:1cb4 4611686019135360866      /nix/store/gpxl5qgg8kicmcvivwmybwjlpf7wh20l-graalvm17-ce-22.3.0/lib/server/libjvm.so
7f3939594000-7f39395c8000 rw-p 011c8000 00:1cb4 4611686019135360866      /nix/store/gpxl5qgg8kicmcvivwmybwjlpf7wh20l-graalvm17-ce-22.3.0/lib/server/libjvm.so
7f39395c8000-7f3939624000 rw-p 00000000 00:00 0 
7f3939624000-7f393964c000 r--p 00000000 00:1cb4 4611686019027979918      /nix/store/4nlgxhb09sdr51nc9hdm8az5b08vzkgx-glibc-2.35-163/lib/libc.so.6
7f393964c000-7f39397c2000 r-xp 00028000 00:1cb4 4611686019027979918      /nix/store/4nlgxhb09sdr51nc9hdm8az5b08vzkgx-glibc-2.35-163/lib/libc.so.6
7f39397c2000-7f393981a000 r--p 0019e000 00:1cb4 4611686019027979918      /nix/store/4nlgxhb09sdr51nc9hdm8az5b08vzkgx-glibc-2.35-163/lib/libc.so.6
7f393981a000-7f393981e000 r--p 001f6000 00:1cb4 4611686019027979918      /nix/store/4nlgxhb09sdr51nc9hdm8az5b08vzkgx-glibc-2.35-163/lib/libc.so.6
7f393981e000-7f3939820000 rw-p 001fa000 00:1cb4 4611686019027979918      /nix/store/4nlgxhb09sdr51nc9hdm8az5b08vzkgx-glibc-2.35-163/lib/libc.so.6
7f3939820000-7f393982f000 rw-p 00000000 00:00 0 
7f393982f000-7f3939830000 r--p 00000000 00:1cb4 4611686019027979923      /nix/store/4nlgxhb09sdr51nc9hdm8az5b08vzkgx-glibc-2.35-163/lib/libdl.so.2
7f3939830000-7f3939831000 r-xp 00001000 00:1cb4 4611686019027979923      /nix/store/4nlgxhb09sdr51nc9hdm8az5b08vzkgx-glibc-2.35-163/lib/libdl.so.2
7f3939831000-7f3939832000 r--p 00002000 00:1cb4 4611686019027979923      /nix/store/4nlgxhb09sdr51nc9hdm8az5b08vzkgx-glibc-2.35-163/lib/libdl.so.2
7f3939832000-7f3939833000 r--p 00002000 00:1cb4 4611686019027979923      /nix/store/4nlgxhb09sdr51nc9hdm8az5b08vzkgx-glibc-2.35-163/lib/libdl.so.2
7f3939833000-7f3939834000 rw-p 00003000 00:1cb4 4611686019027979923      /nix/store/4nlgxhb09sdr51nc9hdm8az5b08vzkgx-glibc-2.35-163/lib/libdl.so.2
7f3939834000-7f3939835000 r--p 00000000 00:1cb4 4611686019027979942      /nix/store/4nlgxhb09sdr51nc9hdm8az5b08vzkgx-glibc-2.35-163/lib/libpthread.so.0
7f3939835000-7f3939836000 r-xp 00001000 00:1cb4 4611686019027979942      /nix/store/4nlgxhb09sdr51nc9hdm8az5b08vzkgx-glibc-2.35-163/lib/libpthread.so.0
7f3939836000-7f3939837000 r--p 00002000 00:1cb4 4611686019027979942      /nix/store/4nlgxhb09sdr51nc9hdm8az5b08vzkgx-glibc-2.35-163/lib/libpthread.so.0
7f3939837000-7f3939838000 r--p 00002000 00:1cb4 4611686019027979942      /nix/store/4nlgxhb09sdr51nc9hdm8az5b08vzkgx-glibc-2.35-163/lib/libpthread.so.0
7f3939838000-7f3939839000 rw-p 00003000 00:1cb4 4611686019027979942      /nix/store/4nlgxhb09sdr51nc9hdm8az5b08vzkgx-glibc-2.35-163/lib/libpthread.so.0
7f3939839000-7f3939847000 r-xp 00000000 00:1cb4 4611686019135190033      /nix/store/gpxl5qgg8kicmcvivwmybwjlpf7wh20l-graalvm17-ce-22.3.0/lib/libjli.so
7f3939847000-7f3939848000 ---p 0000e000 00:1cb4 4611686019135190033      /nix/store/gpxl5qgg8kicmcvivwmybwjlpf7wh20l-graalvm17-ce-22.3.0/lib/libjli.so
7f3939848000-7f3939849000 r--p 0000e000 00:1cb4 4611686019135190033      /nix/store/gpxl5qgg8kicmcvivwmybwjlpf7wh20l-graalvm17-ce-22.3.0/lib/libjli.so
7f3939849000-7f393984a000 rw-p 0000f000 00:1cb4 4611686019135190033      /nix/store/gpxl5qgg8kicmcvivwmybwjlpf7wh20l-graalvm17-ce-22.3.0/lib/libjli.so
7f393984a000-7f393984b000 rw-p 00012000 00:1cb4 4611686019135190033      /nix/store/gpxl5qgg8kicmcvivwmybwjlpf7wh20l-graalvm17-ce-22.3.0/lib/libjli.so
7f393984b000-7f393984e000 r--p 00000000 00:1cb4 4611686019106210071      /nix/store/026hln0aq1hyshaxsdvhg0kmcm6yf45r-zlib-1.2.13/lib/libz.so.1.2.13
7f393984e000-7f3939860000 r-xp 00003000 00:1cb4 4611686019106210071      /nix/store/026hln0aq1hyshaxsdvhg0kmcm6yf45r-zlib-1.2.13/lib/libz.so.1.2.13
7f3939860000-7f3939867000 r--p 00015000 00:1cb4 4611686019106210071      /nix/store/026hln0aq1hyshaxsdvhg0kmcm6yf45r-zlib-1.2.13/lib/libz.so.1.2.13
7f3939867000-7f3939868000 r--p 0001b000 00:1cb4 4611686019106210071      /nix/store/026hln0aq1hyshaxsdvhg0kmcm6yf45r-zlib-1.2.13/lib/libz.so.1.2.13
7f3939868000-7f3939869000 rw-p 0001c000 00:1cb4 4611686019106210071      /nix/store/026hln0aq1hyshaxsdvhg0kmcm6yf45r-zlib-1.2.13/lib/libz.so.1.2.13
7f3939869000-7f393986b000 rw-p 00000000 00:00 0 
7f393986b000-7f393986d000 r--p 00000000 00:1cb4 4611686019027979912      /nix/store/4nlgxhb09sdr51nc9hdm8az5b08vzkgx-glibc-2.35-163/lib/ld-linux-x86-64.so.2
7f393986d000-7f3939894000 r-xp 00002000 00:1cb4 4611686019027979912      /nix/store/4nlgxhb09sdr51nc9hdm8az5b08vzkgx-glibc-2.35-163/lib/ld-linux-x86-64.so.2
7f3939894000-7f39398a0000 r--p 00029000 00:1cb4 4611686019027979912      /nix/store/4nlgxhb09sdr51nc9hdm8az5b08vzkgx-glibc-2.35-163/lib/ld-linux-x86-64.so.2
7f39398a0000-7f39398a2000 r--p 00034000 00:1cb4 4611686019027979912      /nix/store/4nlgxhb09sdr51nc9hdm8az5b08vzkgx-glibc-2.35-163/lib/ld-linux-x86-64.so.2
7f39398a2000-7f39398a4000 rw-p 00036000 00:1cb4 4611686019027979912      /nix/store/4nlgxhb09sdr51nc9hdm8az5b08vzkgx-glibc-2.35-163/lib/ld-linux-x86-64.so.2
7fff8d14d000-7fff8d172000 rw-p 00000000 00:00 0                          [stack]
7fff8d1a3000-7fff8d1a7000 r--p 00000000 00:00 0                          [vvar]
7fff8d1a7000-7fff8d1a9000 r-xp 00000000 00:00 0                          [vdso]
ffffffffff600000-ffffffffff601000 --xp 00000000 00:00 0                  [vsyscall]


VM Arguments:
jvm_args: -XX:ThreadPriorityPolicy=1 -XX:+UnlockExperimentalVMOptions -XX:+EnableJVMCIProduct -XX:JVMCIThreadsPerNativeLibraryRuntime=1 -XX:-UnlockExperimentalVMOptions -Declipse.application=org.eclipse.jdt.ls.core.id1 -Dosgi.bundles.defaultStartLevel=4 -Declipse.product=org.eclipse.jdt.ls.core.product -Dlog.level=ALL -Xverify:none -XX:+UseParallelGC -XX:GCTimeRatio=4 -XX:AdaptiveSizePolicyWeight=90 -Dsun.zip.disableMemoryMapping=true -Xmx512m -Xms100m 
java_command: /nix/store/m6gcpi1ii6rghy04cjwjddcavv7i90df-jdt-language-server-1.9.0/share/java/plugins/org.eclipse.equinox.launcher_1.6.400.v20210924-0641.jar --add-modules=ALL-SYSTEM --add-opens java.base/java.util=ALL-UNNAMED --add-opens java.base/java.lang=ALL-UNNAMED -configuration /home/runner/.cache/jdt-language-server/config -data /home/runner/.cache/jdt-language-server/data/home/runner/TimerAddedTut
java_class_path (initial): /nix/store/m6gcpi1ii6rghy04cjwjddcavv7i90df-jdt-language-server-1.9.0/share/java/plugins/org.eclipse.equinox.launcher_1.6.400.v20210924-0641.jar
Launcher Type: SUN_STANDARD

[Global flags]
    uintx AdaptiveSizePolicyWeight                 = 90                                        {product} {command line}
     intx CICompilerCount                          = 2                                         {product} {ergonomic}
     bool EnableJVMCIProduct                       = true                                {JVMCI product} {jimage}
    uintx GCTimeRatio                              = 4                                         {product} {command line}
   size_t InitialHeapSize                          = 104857600                                 {product} {command line}
     uint JVMCIThreadsPerNativeLibraryRuntime      = 1                                   {JVMCI product} {jimage}
   size_t MaxHeapSize                              = 536870912                                 {product} {command line}
   size_t MaxNewSize                               = 178782208                                 {product} {ergonomic}
   size_t MinHeapDeltaBytes                        = 524288                                    {product} {ergonomic}
   size_t MinHeapSize                              = 104857600                                 {product} {command line}
   size_t NewSize                                  = 34603008                                  {product} {ergonomic}
    uintx NonNMethodCodeHeapSize                   = 5826188                                {pd product} {ergonomic}
    uintx NonProfiledCodeHeapSize                  = 122916026                              {pd product} {ergonomic}
   size_t OldSize                                  = 70254592                                  {product} {ergonomic}
    uintx ProfiledCodeHeapSize                     = 122916026                              {pd product} {ergonomic}
    uintx ReservedCodeCacheSize                    = 251658240                              {pd product} {ergonomic}
     bool SegmentedCodeCache                       = true                                      {product} {ergonomic}
   size_t SoftMaxHeapSize                          = 536870912                              {manageable} {ergonomic}
     intx ThreadPriorityPolicy                     = 1                                         {product} {jimage}
     bool UseCompressedClassPointers               = true                           {product lp64_product} {ergonomic}
     bool UseCompressedOops                        = true                           {product lp64_product} {ergonomic}
     bool UseParallelGC                            = true                                      {product} {command line}

Logging:
Log output configuration:
 #0: stdout all=warning uptime,level,tags
 #1: stderr all=off uptime,level,tags

Environment Variables:
JAVA_HOME=/nix/store/gpxl5qgg8kicmcvivwmybwjlpf7wh20l-graalvm17-ce-22.3.0
PATH=/nix/store/1d6ian3r8kdzspw8hacjhl3xkp40g1lj-binutils-wrapper-2.39/bin:/nix/store/dq0xwmsk1g0i2ayg6pb7y87na2knzylh-gcc-wrapper-11.3.0/bin:/nix/store/bap4d0lpcrhpwmpb8ayjcgkmvfj62lnq-bash-interactive-5.1-p16/bin:/nix/store/pr5n59mb4jzmfx6kanwxly0l07p861fg-patchelf-0.15.0/bin:/nix/store/1gf2flfqnpqbr1b4p4qz2f72y42bs56r-gcc-11.3.0/bin:/nix/store/57xv61c5zi8pphjbcwxxjlgc34p61ic9-glibc-2.35-163-bin/bin:/nix/store/a7gvj343m05j2s32xcnwr35v31ynlypr-coreutils-9.1/bin:/nix/store/039g378vc3pc3dvi9dzdlrd0i4q93qwf-binutils-2.39/bin:/nix/store/gpxl5qgg8kicmcvivwmybwjlpf7wh20l-graalvm17-ce-22.3.0/bin:/nix/store/6z9ag3ihc8mq2hzsw48lhbznvzny65nz-apache-maven-3.8.6/bin:/nix/store/m6gcpi1ii6rghy04cjwjddcavv7i90df-jdt-language-server-1.9.0/bin:/nix/store/84xs5alhs01zrbr4ywm05kxbjbp5590l-java-debug/bin:/nix/store/mydc6f4k2z73xlcz7ilif3v2lcaiqvza-findutils-4.9.0/bin:/nix/store/j9p3g8472iijd50vhdprx0nmk2fqn5gv-diffutils-3.8/bin:/nix/store/89zs7rms6x00xfq4dq6m7mjnhkr8a6r4-gnused-4.8/bin:/nix/store/86bp03jkmsl6f92w0yzg4s59g5mhxwmy-gnugrep-3.7/bin:/nix/store/hwcdqw4jrjnd37wxqgsd47hd0j8bnj09-gawk-5.1.1/bin:/nix/store/cfbhw8r8ags41vwqaz47r583d0p4h4a1-gnutar-1.34/bin:/nix/store/p3m1ndl1lapwrlh698bnb5lvvxh67378-gzip-1.12/bin:/nix/store/a8mhcagrsly7c7mpjrpsnaahk4aax056-bzip2-1.0.8-bin/bin:/nix/store/mblgz65m3zv9x548a3d5m96fj2pbwr09-gnumake-4.3/bin:/nix/store/dsd5gz46hdbdk2rfdimqddhq6m8m8fqs-bash-5.1-p16/bin:/nix/store/v7ljksji50mg3w61dykaa3n3y79n6nil-patch-2.7.6/bin:/nix/store/zlcnmqq14jz5x9439jf937mvayyl63da-xz-5.2.7-bin/bin:/nix/store/y6aj732zm9m87c82fpvf103a1xb22blp-file-5.43/bin:/nix/store/i4kzir3m7mrisxmf5xvlnkw01x4qaqr4-prybar-elisp-0.0.0-e0d9a52/bin:/nix/store/lwwivxf6h7x3cvxp9zv8sj0mv7dak99r-prybar-lua-0.0.0-e0d9a52/bin:/nix/store/gxj28g1cg4hq3qanmjv07156h800qr58-prybar-python3-0.0.0-e0d9a52/bin:/nix/store/hshkjnxrgidigf8x75vg6lqng2xlx9i3-prybar-sqlite-0.0.0-e0d9a52/bin:/nix/store/c4w01bpjgyy5ixmwdk8m1pw87zq4sl26-prybar-tcl-0.0.0-e0d9a52/bin:/nix/store/hpbvrlwd5viqmvcaisb3x0118i913a9n-st
LD_LIBRARY_PATH=/nix/store/a4pff549sk2idnkpzk5nsfps3mdkdnvm-cups-2.4.2-lib/lib:/nix/store/72mqxxhh3cy5yifh92wh2yb8cl2hikyy-cairo-1.16.0/lib:/nix/store/2k366jrbsra97gjfxwvrhvixjfxdach5-glib-2.74.1/lib:/nix/store/2j2znigd8ak37rlwh9khz0ry3clqlw1l-gtk+3-3.24.34/lib:/nix/store/hisqvx32cd57apbpcsnkpx6k3549wql1-libglvnd-1.4.0/lib:/nix/store/p36pgcv991mq5srvg765b78yqpxvk3qs-mesa-21.3.3-drivers/lib:/nix/store/mav4251if1ahjq5vkpwycyyvnmy459c4-pulseaudio-14.2/lib
DISPLAY=:0
LANG=en_US.UTF-8

Signal Handlers:
   SIGSEGV: crash_handler in libjvm.so, mask=11100100010111111101111111111110, flags=SA_RESTART|SA_SIGINFO
    SIGBUS: crash_handler in libjvm.so, mask=11100100010111111101111111111110, flags=SA_RESTART|SA_SIGINFO
    SIGFPE: crash_handler in libjvm.so, mask=11100100010111111101111111111110, flags=SA_RESTART|SA_SIGINFO
   SIGPIPE: IsolateEnterStub_IgnoreSIGPIPEStartupHook_noopSignalHandler_8f19bff2f35b5f630d83b364d6b2339320d4ec70_216e8361c6bc87a8f89f58cc10d3b2fd4415bf87 in libjvmcicompiler.so, mask=00000000000000000000000000000000, flags=SA_RESTART
  *** Handler was modified!
  *** Expected: javaSignalHandler in libjvm.so, mask=11100100110111111111111111111110, flags=SA_RESTART|SA_SIGINFO
   SIGXFSZ: javaSignalHandler in libjvm.so, mask=11100100010111111101111111111110, flags=SA_RESTART|SA_SIGINFO
    SIGILL: crash_handler in libjvm.so, mask=11100100010111111101111111111110, flags=SA_RESTART|SA_SIGINFO
   SIGUSR2: SR_handler in libjvm.so, mask=00000000000000000000000000000000, flags=SA_RESTART|SA_SIGINFO
    SIGHUP: UserHandler in libjvm.so, mask=11100100010111111101111111111110, flags=SA_RESTART|SA_SIGINFO
    SIGINT: UserHandler in libjvm.so, mask=11100100010111111101111111111110, flags=SA_RESTART|SA_SIGINFO
   SIGTERM: UserHandler in libjvm.so, mask=11100100010111111101111111111110, flags=SA_RESTART|SA_SIGINFO
   SIGQUIT: UserHandler in libjvm.so, mask=11100100010111111101111111111110, flags=SA_RESTART|SA_SIGINFO
  *** Handler was modified!
  *** Expected: javaSignalHandler in libjvm.so, mask=11100100110111111111111111111110, flags=SA_RESTART|SA_SIGINFO
   SIGTRAP: crash_handler in libjvm.so, mask=11100100010111111101111111111110, flags=SA_RESTART|SA_SIGINFO


---------------  S Y S T E M  ---------------

OS:
DISTRIB_ID=Ubuntu
DISTRIB_RELEASE=20.04
DISTRIB_CODENAME=focal
DISTRIB_DESCRIPTION="Ubuntu 20.04.2 LTS"
uname: Linux 5.19.0-1022-gcp #24~22.04.1-Ubuntu SMP Sun Apr 23 09:51:08 UTC 2023 x86_64
OS uptime: 0 days 3:52 hours
libc: glibc 2.35 NPTL 2.35 
rlimit (soft/hard): STACK 8192k/infinity , CORE infinity/infinity , NPROC infinity/infinity , NOFILE 5242/5242 , AS infinity/infinity , CPU infinity/infinity , DATA infinity/infinity , FSIZE infinity/infinity , MEMLOCK 8192k/8192k
load average: 2.49 3.66 3.58

/proc/meminfo:
MemTotal:       32872256 kB
MemFree:         4938676 kB
MemAvailable:   21982808 kB
Buffers:         1682236 kB
Cached:         13519632 kB
SwapCached:            0 kB
Active:          6831848 kB
Inactive:       16926856 kB
Active(anon):      15776 kB
Inactive(anon):  8284324 kB
Active(file):    6816072 kB
Inactive(file):  8642532 kB
Unevictable:       56860 kB
Mlocked:           56860 kB
SwapTotal:             0 kB
SwapFree:              0 kB
Zswap:                 0 kB
Zswapped:              0 kB
Dirty:              3116 kB
Writeback:           244 kB
AnonPages:       8354308 kB
Mapped:          1691072 kB
Shmem:             38772 kB
KReclaimable:    2051364 kB
Slab:            3167172 kB
SReclaimable:    2051364 kB
SUnreclaim:      1115808 kB
KernelStack:      447912 kB
PageTables:       192628 kB
NFS_Unstable:          0 kB
Bounce:                0 kB
WritebackTmp:          0 kB
CommitLimit:    16436128 kB
Committed_AS:   47230904 kB
VmallocTotal:   34359738367 kB
VmallocUsed:      481128 kB
VmallocChunk:          0 kB
Percpu:            26528 kB
HardwareCorrupted:     0 kB
AnonHugePages:    129024 kB
ShmemHugePages:        0 kB
ShmemPmdMapped:        0 kB
FileHugePages:         0 kB
FilePmdMapped:         0 kB
HugePages_Total:       0
HugePages_Free:        0
HugePages_Rsvd:        0
HugePages_Surp:        0
Hugepagesize:       2048 kB
Hugetlb:               0 kB
DirectMap4k:     3615544 kB
DirectMap2M:    26789888 kB
DirectMap1G:     5242880 kB

/sys/kernel/mm/transparent_hugepage/enabled: always [madvise] never
/sys/kernel/mm/transparent_hugepage/defrag (defrag/compaction efforts parameter): always defer defer+madvise [madvise] never

Process Memory:
Virtual Size: 3888432K (peak: 3943580K)
Resident Set Size: 728488K (peak: 839548K) (anon: 611664K, file: 116824K, shmem: 0K)
Swapped out: 0K
C-Heap outstanding allocations: 45384K, retained: 15839K
glibc malloc tunables: (default)

/proc/sys/kernel/threads-max (system-wide limit on the number of threads): 256750
/proc/sys/vm/max_map_count (maximum number of memory map areas a process may have): 65530
/proc/sys/kernel/pid_max (system-wide limit on number of process identifiers): 4194304

container (cgroup) information:
container_type: cgroupv1
cpu_cpuset_cpus: 1-3
cpu_memory_nodes: 0
active_processor_count: 1
cpu_quota: 50000
cpu_period: 100000
cpu_shares: 512
memory_limit_in_bytes: 1048576 k
memory_and_swap_limit_in_bytes: 1048576 k
memory_soft_limit_in_bytes: 524288 k
memory_usage_in_bytes: 954612 k
memory_max_usage_in_bytes: 1048576 k
maximum number of tasks: 1000
current number of tasks: 81

KVM virtualization detected
Steal ticks since vm start: 0
Steal ticks percentage since vm start:  0.000

CPU: total 4 (initial active 1) (4 cores per cpu, 2 threads per core) family 23 model 49 stepping 0 microcode 0xffffffff, cx8, cmov, fxsr, ht, mmx, 3dnowpref, sse, sse2, sse3, ssse3, sse4a, sse4.1, sse4.2, popcnt, lzcnt, tsc, tscinvbit, avx, avx2, aes, clmul, bmi1, bmi2, adx, sha, fma, vzeroupper, clflush, clflushopt, hv
CPU Model and flags from /proc/cpuinfo:
model name	: AMD EPYC 7B12
flags		: fpu vme de pse tsc msr pae mce cx8 apic sep mtrr pge mca cmov pat pse36 clflush mmx fxsr sse sse2 ht syscall nx mmxext fxsr_opt pdpe1gb rdtscp lm constant_tsc rep_good nopl nonstop_tsc cpuid extd_apicid tsc_known_freq pni pclmulqdq ssse3 fma cx16 sse4_1 sse4_2 movbe popcnt aes xsave avx f16c rdrand hypervisor lahf_lm cmp_legacy cr8_legacy abm sse4a misalignsse 3dnowprefetch osvw topoext ssbd ibrs ibpb stibp vmmcall fsgsbase tsc_adjust bmi1 avx2 smep bmi2 rdseed adx smap clflushopt clwb sha_ni xsaveopt xsavec xgetbv1 clzero xsaveerptr arat npt nrip_save umip rdpid

Online cpus: 0-3
Offline cpus: 
BIOS frequency limitation: <Not Available>
Frequency switch latency (ns): <Not Available>
Available cpu frequencies: <Not Available>
Current governor: <Not Available>
Core performance/turbo boost: <Not Available>

Memory: 4k page, physical 1048576k(93972k free), swap 0k(0k free)
Page Sizes: 4k

vm_info: OpenJDK 64-Bit Server VM (17.0.5+8-jvmci-22.3-b08) for linux-amd64 JRE (17.0.5+8-jvmci-22.3-b08), built on Oct 19 2022 09:01:27 by "buildslave" with gcc 10.3.0

END.
